
================================================================
======== txAdmin v6.0.2 atop fxserver 7290 Starting - 1/30/2024, 12:34:24 AM
================================================================

================================================================
======== Log Rotated - 1/30/2024, 12:34:25 AM                   
================================================================
[00:36:20][guilherme] logged in via in-game ui
[00:42:50][pandamora24] logged in via in-game ui
[00:57:45][ton] logged in via in-game ui
[02:07:57][guilherme] logged in from via NUI iframe
[02:26:27][ton] logged in via in-game ui
[02:46:08][ton] logged in via in-game ui
[02:51:32][ton] logged in from via NUI iframe
[02:51:47][ton] Adding admin 'hatook'.
[02:51:47][ton] logged in via in-game ui
[02:51:47][hatook] logged in via in-game ui
[02:52:04][ton] logged in from via NUI iframe
[02:57:40][hatook] logged in from via NUI iframe
[03:05:24][ton] logged in via in-game ui
[03:08:59][ton] logged in via in-game ui
[03:11:48][ton] logged in via in-game ui
[03:13:48][ton] logged in via in-game ui
[03:19:20][ton] logged in via in-game ui
[03:23:10][ton] logged in via in-game ui
[04:07:01][hatook] logged in via in-game ui
[04:19:18][ton] logged in via in-game ui

================================================================
======== txAdmin v6.0.2 atop fxserver 7290 Starting - 1/30/2024, 11:00:12 PM
================================================================
[23:01:06][DestinyRoleplay2] logged in from 127.0.0.1 via citizenfx
[23:03:30][guilherme] logged in via in-game ui
[23:09:37][DestinyRoleplay2] executed "ensure "SS-Crafting""
[23:11:50][pandamora24] logged in via in-game ui
[23:14:02][DestinyRoleplay2] executed "ensure "SS-Crafting""
[23:21:10][DestinyRoleplay2] executed "ensure "spooner""
[23:24:25][DestinyRoleplay2] executed "ensure "bcc-customblips""
[23:25:56][DestinyRoleplay2] executed "ensure "bcc-customblips""
[23:27:52][DestinyRoleplay2] executed "ensure "bcc-customblips""
[23:31:10][DestinyRoleplay2] executed "ensure "vorp_crafting""
[23:31:12][DestinyRoleplay2] executed "stop "vorp_crafting""
[23:31:17][DestinyRoleplay2] executed "ensure "SS-Crafting""
[23:32:03][DestinyRoleplay2] executed "ensure "SS-Crafting""
[23:36:26][DestinyRoleplay2] executed "ensure "SS-Crafting""
[23:48:27][DestinyRoleplay2] executed "ensure "SS-Crafting""
[23:52:04][DestinyRoleplay2] executed "ensure "SS-Crafting""
[23:54:24][DestinyRoleplay2] executed "refresh"
[23:54:39][DestinyRoleplay2] executed "ensure "SS-Crafting""
[23:55:53][DestinyRoleplay2] executed "refresh"
[23:55:59][DestinyRoleplay2] executed "ensure "SS-Crafting""
[23:57:01][DestinyRoleplay2] executed "ensure "SS-Crafting""
[23:58:01][DestinyRoleplay2] executed "RESTART SERVER"
[00:01:24][DestinyRoleplay2] executed "RESTART SERVER"
[00:03:39][DestinyRoleplay2] Changing global settings.
[01:20:54][DestinyRoleplay2] executed "RESTART SERVER"
[01:22:41][guilherme] logged in via in-game ui
[01:26:35][DestinyRoleplay2] executed "RESTART SERVER"
[01:29:24][guilherme] logged in via in-game ui

================================================================
======== txAdmin v6.0.2 atop fxserver 7290 Starting - 1/31/2024, 1:38:39 AM
================================================================

================================================================
======== txAdmin v6.0.2 atop fxserver 7290 Starting - 1/31/2024, 1:44:59 AM
================================================================
[01:46:42][guilherme] logged in via in-game ui
[01:50:48][DestinyRoleplay2] logged in from 127.0.0.1 via citizenfx
[01:50:52][DestinyRoleplay2] executed "RESTART SERVER"
[01:52:40][guilherme] logged in via in-game ui
[02:27:47][ton] logged in via in-game ui

================================================================
======== txAdmin v6.0.2 atop fxserver 7290 Starting - 1/31/2024, 3:46:18 AM
================================================================

================================================================
======== txAdmin v6.0.2 atop fxserver 7290 Starting - 1/31/2024, 3:47:33 AM
================================================================
[03:49:07][guilherme] logged in via in-game ui
[03:57:31][DestinyRoleplay2] logged in from 127.0.0.1 via citizenfx
[03:57:34][DestinyRoleplay2] executed "RESTART SERVER"
[03:59:01][guilherme] logged in via in-game ui
[04:02:14][hatook] logged in via in-game ui
[04:12:47][DestinyRoleplay2] executed "ensure "vorp_hunting""
[04:15:51][DestinyRoleplay2] executed "ensure "vorp_hunting""
[04:18:38][DestinyRoleplay2] executed "ensure "vorp_hunting""
[04:31:18][hatook] logged in from via NUI iframe
[04:31:18][hatook] logged in from via NUI iframe
[05:41:47][hatook] logged in via in-game ui
[06:17:38][Juzezin1] logged in via in-game ui
[07:23:03][ton] logged in via in-game ui
[07:25:18][ton] logged in via in-game ui
[08:50:15][Juzezin1] logged in from via NUI iframe

================================================================
======== txAdmin v6.0.2 atop fxserver 7290 Starting - 1/31/2024, 5:59:18 PM
================================================================
[18:02:18][guilherme] logged in via in-game ui
[18:12:49][DestinyRoleplay2] logged in from 127.0.0.1 via citizenfx
[18:12:49][guilherme] logged in via in-game ui
[18:13:02][DestinyRoleplay2] executed "refresh"
[18:13:30][DestinyRoleplay2] executed "ensure "xakra_clothingstores""
[18:14:19][DestinyRoleplay2] executed "stop "vorp_clothingstores""
[18:21:57][DestinyRoleplay2] executed "refresh"
[18:22:16][DestinyRoleplay2] executed "refresh"
[18:22:28][DestinyRoleplay2] executed "ensure "xakra_clothingstores""
[18:28:03][DestinyRoleplay2] executed "refresh"
[18:28:09][DestinyRoleplay2] executed "ensure "xakra_clothingstores""

================================================================
======== txAdmin v6.0.2 atop fxserver 7290 Starting - 1/31/2024, 9:22:59 PM
================================================================

================================================================
======== txAdmin v6.0.2 atop fxserver 7290 Starting - 1/31/2024, 9:24:46 PM
================================================================

================================================================
======== txAdmin v6.0.2 atop fxserver 7290 Starting - 1/31/2024, 9:26:49 PM
================================================================

================================================================
======== txAdmin v6.0.2 atop fxserver 7290 Starting - 1/31/2024, 9:28:01 PM
================================================================
[21:29:11][DestinyRoleplay2] logged in from 127.0.0.1 via citizenfx
[21:29:20][DestinyRoleplay2] executed "ensure "bcc-portals""
[21:30:25][DestinyRoleplay2] executed "refresh"
[21:30:30][DestinyRoleplay2] executed "ensure "bcc-portals""
[21:37:24][DestinyRoleplay2] executed "ensure "bcc-portals""
[21:37:55][DestinyRoleplay2] executed "stop "bcc-portals""

================================================================
======== txAdmin v6.0.2 atop fxserver 7290 Starting - 1/31/2024, 9:39:16 PM
================================================================
[21:39:52][DestinyRoleplay2] logged in from 127.0.0.1 via citizenfx
[21:41:03][guilherme] logged in via in-game ui
[21:44:45][pandamora24] logged in via in-game ui
[21:48:53][DestinyRoleplay2] executed "ensure "spooner""
[22:00:20][DestinyRoleplay2] executed "stop "vorp_hunting""
[22:00:24][DestinyRoleplay2] executed "refresh"
[22:00:30][DestinyRoleplay2] executed "ensure "SS-Butcher""
[22:05:08][pandamora24] logged in via in-game ui
[22:25:26][DestinyRoleplay2] executed "refresh"
[22:25:32][DestinyRoleplay2] executed "ensure "SS-Care""
[00:20:11][DestinyRoleplay2] executed "ensure "SS-Crafting""
[00:22:43][DestinyRoleplay2] executed "ensure "SS-Crafting""

================================================================
======== txAdmin v6.0.2 atop fxserver 7290 Starting - 2/1/2024, 12:25:05 AM
================================================================
[00:26:36][guilherme] logged in via in-game ui
[00:27:10][Juzezin1] logged in via in-game ui
[00:27:14][pandamora24] logged in via in-game ui
[00:29:43][Juzezin1] logged in via in-game ui
[00:49:25][DestinyRoleplay2] logged in from 127.0.0.1 via citizenfx
[00:49:26][guilherme] logged in via in-game ui
[00:49:26][pandamora24] logged in via in-game ui
[00:49:26][Juzezin1] logged in via in-game ui
[01:14:42][DestinyRoleplay2] executed "ensure "vorp_metabolism""
[01:15:24][DestinyRoleplay2] executed "ensure "vorp_metabolism""
[01:16:25][DestinyRoleplay2] executed "ensure "vorp_metabolism""
[01:18:31][DestinyRoleplay2] executed "ensure "vorp_metabolism""
[01:19:09][DestinyRoleplay2] executed "ensure "vorp_metabolism""
[01:20:04][DestinyRoleplay2] executed "ensure "vorp_metabolism""
[01:20:29][pandamora24] logged in from via NUI iframe
[05:23:59][guilherme] logged in via in-game ui
[05:25:28][ton] logged in via in-game ui
[05:32:06][DestinyRoleplay2] executed "ensure "spooner""
[05:38:11][DestinyRoleplay2] executed "refresh"
[05:38:35][DestinyRoleplay2] executed "refresh"
[05:42:56][DestinyRoleplay2] executed "RESTART SERVER"
[05:45:16][guilherme] logged in via in-game ui
[05:53:37][ton] logged in via in-game ui
[06:02:55][DestinyRoleplay2] executed "ensure "allsides_sobrenatural""
[06:16:38][ton] logged in from via NUI iframe
[06:23:03][hatook] logged in via in-game ui
[06:44:11][hatook] logged in from via NUI iframe

================================================================
======== txAdmin v6.0.2 atop fxserver 7290 Starting - 2/1/2024, 6:59:25 AM
================================================================
[07:00:45][guilherme] logged in via in-game ui
[07:03:21][hatook] logged in via in-game ui
[07:12:10][ton] logged in via in-game ui
[07:28:02][allsides] logged in from 127.0.0.1 via citizenfx
[07:28:03][guilherme] logged in via in-game ui
[07:28:03][ton] logged in via in-game ui
[07:28:20][allsides] Kicked #Guilherme: no reason provided
[07:28:24][allsides] Kicked #Ton: no reason provided

================================================================
======== txAdmin v6.0.2 atop fxserver 7290 Starting - 2/1/2024, 7:28:35 AM
================================================================
[07:30:15][guilherme] logged in via in-game ui
[07:31:26][hatook] logged in via in-game ui

================================================================
======== txAdmin v6.0.2 atop fxserver 7290 Starting - 2/1/2024, 7:35:24 AM
================================================================
[07:36:07][guilherme] logged in via in-game ui

================================================================
======== txAdmin v6.0.2 atop fxserver 7290 Starting - 2/1/2024, 7:40:54 AM
================================================================
[07:42:03][hatook] logged in via in-game ui

================================================================
======== txAdmin v6.0.2 atop fxserver 7290 Starting - 2/1/2024, 7:46:08 AM
================================================================
[07:47:21][guilherme] logged in via in-game ui

================================================================
======== txAdmin v6.0.2 atop fxserver 7290 Starting - 2/1/2024, 7:52:55 AM
================================================================
[07:54:45][ton] logged in via in-game ui

================================================================
======== txAdmin v6.0.2 atop fxserver 7290 Starting - 2/1/2024, 8:04:23 AM
================================================================
[08:04:49][Juzezin1] logged in via in-game ui

================================================================
======== txAdmin v6.0.2 atop fxserver 7290 Starting - 2/1/2024, 8:07:46 AM
================================================================
[08:08:37][Juzezin1] logged in via in-game ui
[08:12:42][ton] logged in via in-game ui
[08:54:32][Juzezin1] logged in via in-game ui
