
================================================================
======== txAdmin v6.0.2 atop fxserver 7290 Starting - 1/27/2024, 2:45:27 AM
================================================================
[02:46:00][khloebravo] created admins file
[02:46:20][khloebravo] Changing global settings via setup stepper and started Deployer.
[02:46:33][khloebravo] Setting recipe.
[02:46:45][khloebravo] Running recipe.
[02:47:32][khloebravo] Completed and committed server deploy.

================================================================
======== txAdmin v6.0.2 atop fxserver 7290 Starting - 1/27/2024, 2:52:00 AM
================================================================

================================================================
======== txAdmin v6.0.2 atop fxserver 7290 Starting - 1/27/2024, 2:57:17 AM
================================================================

================================================================
======== txAdmin v6.0.2 atop fxserver 7290 Starting - 1/27/2024, 3:02:13 AM
================================================================

================================================================
======== txAdmin v6.0.2 atop fxserver 7290 Starting - 1/27/2024, 3:04:31 AM
================================================================

================================================================
======== txAdmin v6.0.2 atop fxserver 7290 Starting - 1/27/2024, 3:07:23 AM
================================================================

================================================================
======== txAdmin v6.0.2 atop fxserver 7290 Starting - 1/27/2024, 3:09:35 AM
================================================================

================================================================
======== txAdmin v6.0.2 atop fxserver 7290 Starting - 1/27/2024, 3:11:27 AM
================================================================

================================================================
======== txAdmin v6.0.2 atop fxserver 7290 Starting - 1/27/2024, 3:13:08 AM
================================================================

================================================================
======== txAdmin v6.0.2 atop fxserver 7290 Starting - 1/27/2024, 3:14:08 AM
================================================================

================================================================
======== txAdmin v6.0.2 atop fxserver 7290 Starting - 1/27/2024, 3:16:37 AM
================================================================

================================================================
======== txAdmin v6.0.2 atop fxserver 7290 Starting - 1/27/2024, 3:21:02 AM
================================================================

================================================================
======== txAdmin v6.0.2 atop fxserver 7290 Starting - 1/27/2024, 3:21:44 AM
================================================================

================================================================
======== txAdmin v6.0.2 atop fxserver 7290 Starting - 1/27/2024, 3:23:36 AM
================================================================

================================================================
======== txAdmin v6.0.2 atop fxserver 7290 Starting - 1/27/2024, 3:25:36 AM
================================================================

================================================================
======== txAdmin v6.0.2 atop fxserver 7290 Starting - 1/27/2024, 3:54:45 AM
================================================================

================================================================
======== txAdmin v6.0.2 atop fxserver 7290 Starting - 1/27/2024, 4:02:40 AM
================================================================

================================================================
======== txAdmin v6.0.2 atop fxserver 7290 Starting - 1/27/2024, 4:12:51 AM
================================================================

================================================================
======== txAdmin v6.0.2 atop fxserver 7290 Starting - 1/27/2024, 4:14:36 AM
================================================================

================================================================
======== txAdmin v6.0.2 atop fxserver 7290 Starting - 1/27/2024, 4:19:26 AM
================================================================

================================================================
======== txAdmin v6.0.2 atop fxserver 7290 Starting - 1/27/2024, 4:33:03 AM
================================================================

================================================================
======== txAdmin v6.0.2 atop fxserver 7290 Starting - 1/27/2024, 4:33:38 AM
================================================================

================================================================
======== txAdmin v6.0.2 atop fxserver 7290 Starting - 1/27/2024, 4:37:43 AM
================================================================

================================================================
======== txAdmin v6.0.2 atop fxserver 7290 Starting - 1/27/2024, 4:42:39 AM
================================================================
[04:43:50][MONITOR] Restarting server (server close detected).

================================================================
======== txAdmin v6.0.2 atop fxserver 7290 Starting - 1/27/2024, 4:44:33 AM
================================================================
[04:45:35][MONITOR] Restarting server (server close detected).
[04:46:42][MONITOR] Restarting server (server failed to start within time limit - 60s, no onResourceStarting received).

================================================================
======== txAdmin v6.0.2 atop fxserver 7290 Starting - 1/27/2024, 4:46:54 AM
================================================================
[04:47:53][MONITOR] Restarting server (server failed to start within time limit - 60s, no onResourceStarting received).

================================================================
======== txAdmin v6.0.2 atop fxserver 7290 Starting - 1/27/2024, 4:48:35 AM
================================================================
[04:49:36][MONITOR] Restarting server (server close detected).

================================================================
======== txAdmin v6.0.2 atop fxserver 7290 Starting - 1/27/2024, 4:50:08 AM
================================================================

================================================================
======== txAdmin v6.0.2 atop fxserver 7290 Starting - 1/27/2024, 4:50:42 AM
================================================================

================================================================
======== txAdmin v6.0.2 atop fxserver 7290 Starting - 1/27/2024, 5:07:52 AM
================================================================

================================================================
======== txAdmin v6.0.2 atop fxserver 7290 Starting - 1/27/2024, 5:26:53 AM
================================================================

================================================================
======== txAdmin v6.0.2 atop fxserver 7290 Starting - 1/27/2024, 5:47:54 AM
================================================================

================================================================
======== txAdmin v6.0.2 atop fxserver 7290 Starting - 1/27/2024, 5:49:48 AM
================================================================

================================================================
======== txAdmin v6.0.2 atop fxserver 7290 Starting - 1/27/2024, 5:52:05 AM
================================================================

================================================================
======== txAdmin v6.0.2 atop fxserver 7290 Starting - 1/27/2024, 5:59:17 AM
================================================================

================================================================
======== txAdmin v6.0.2 atop fxserver 7290 Starting - 1/27/2024, 6:09:49 AM
================================================================

================================================================
======== txAdmin v6.0.2 atop fxserver 7290 Starting - 1/27/2024, 6:10:31 AM
================================================================

================================================================
======== txAdmin v6.0.2 atop fxserver 7290 Starting - 1/27/2024, 2:07:38 PM
================================================================

================================================================
======== txAdmin v6.0.2 atop fxserver 7290 Starting - 1/27/2024, 2:32:34 PM
================================================================

================================================================
======== txAdmin v6.0.2 atop fxserver 7290 Starting - 1/27/2024, 3:08:20 PM
================================================================

================================================================
======== txAdmin v6.0.2 atop fxserver 7290 Starting - 1/27/2024, 3:11:30 PM
================================================================
[15:20:34][khloebravo] logged in from 127.0.0.1 via citizenfx
[15:21:06][khloebravo] Adding admin 'allsides'.
[15:22:13][khloebravo] Adding admin 'Juzezin1'.
[15:22:27][Juzezin1] logged in via in-game ui
[15:49:35][allsides] logged in from 127.0.0.1 via citizenfx
[15:50:00][allsides] executed "stop "allsides_sobrenatural""
[15:50:09][allsides] executed "ensure "scale""

================================================================
======== txAdmin v6.0.2 atop fxserver 7290 Starting - 1/27/2024, 4:15:06 PM
================================================================
[16:42:58][allsides] logged in from 127.0.0.1 via citizenfx
[16:43:08][khloebravo] logged in from 127.0.0.1 via citizenfx
[16:43:33][khloebravo] executed "stop "vorp_housing""

================================================================
======== txAdmin v6.0.2 atop fxserver 7290 Starting - 1/27/2024, 4:52:02 PM
================================================================

================================================================
======== txAdmin v6.0.2 atop fxserver 7290 Starting - 1/27/2024, 5:03:35 PM
================================================================

================================================================
======== txAdmin v6.0.2 atop fxserver 7290 Starting - 1/27/2024, 5:11:01 PM
================================================================

================================================================
======== txAdmin v6.0.2 atop fxserver 7290 Starting - 1/27/2024, 9:55:38 PM
================================================================

================================================================
======== txAdmin v6.0.2 atop fxserver 7290 Starting - 1/27/2024, 9:59:20 PM
================================================================
[22:00:22][MONITOR] Restarting server (server close detected).

================================================================
======== txAdmin v6.0.2 atop fxserver 7290 Starting - 1/27/2024, 10:04:53 PM
================================================================
[22:05:54][MONITOR] Restarting server (server close detected).
[22:07:00][MONITOR] Restarting server (server close detected).
[22:08:06][MONITOR] Restarting server (server close detected).

================================================================
======== txAdmin v6.0.2 atop fxserver 7290 Starting - 1/27/2024, 10:11:55 PM
================================================================

================================================================
======== txAdmin v6.0.2 atop fxserver 7290 Starting - 1/27/2024, 10:12:18 PM
================================================================
[22:13:19][MONITOR] Restarting server (server close detected).

================================================================
======== txAdmin v6.0.2 atop fxserver 7290 Starting - 1/27/2024, 10:14:13 PM
================================================================

================================================================
======== txAdmin v6.0.2 atop fxserver 7290 Starting - 1/27/2024, 10:28:18 PM
================================================================
[22:30:02][khloebravo] logged in from 127.0.0.1 via citizenfx

================================================================
======== txAdmin v6.0.2 atop fxserver 7290 Starting - 1/27/2024, 10:44:18 PM
================================================================

================================================================
======== txAdmin v6.0.2 atop fxserver 7290 Starting - 1/27/2024, 10:49:05 PM
================================================================
[22:49:41][khloebravo] logged in from 127.0.0.1 via citizenfx

================================================================
======== txAdmin v6.0.2 atop fxserver 7290 Starting - 1/27/2024, 11:23:43 PM
================================================================

================================================================
======== txAdmin v6.0.2 atop fxserver 7290 Starting - 1/27/2024, 11:30:47 PM
================================================================

================================================================
======== txAdmin v6.0.2 atop fxserver 7290 Starting - 1/27/2024, 11:39:10 PM
================================================================
[23:55:24][allsides] logged in from 127.0.0.1 via citizenfx
[23:55:50][allsides] executed "stop "mm_inmyhead""
[23:55:55][allsides] executed "refresh"
[23:56:02][allsides] executed "ensure "allsides_sobrenatural""
[23:56:50][Juzezin1] logged in via in-game ui
[23:57:00][allsides] executed "ensure "allsides_sobrenatural""
[23:57:51][allsides] executed "ensure "allsides_sobrenatural""
[23:58:13][allsides] executed "ensure "allsides_sobrenatural""
[23:58:38][allsides] executed "ensure "allsides_sobrenatural""
[00:02:49][allsides] executed "ensure "allsides_sobrenatural""
[00:11:33][Juzezin1] logged in from via NUI iframe
[00:11:42][Juzezin1] Adding admin 'guilherme'.
[00:11:42][guilherme] logged in via in-game ui
[00:11:42][Juzezin1] logged in via in-game ui
[00:12:28][Juzezin1] logged in from via NUI iframe
[00:12:36][Juzezin1] Adding admin 'ton'.
[00:12:36][guilherme] logged in via in-game ui
[00:12:36][Juzezin1] logged in via in-game ui
[00:12:36][ton] logged in via in-game ui
[00:12:55][Juzezin1] logged in from via NUI iframe
[00:14:51][allsides] executed "ensure "fx-pedmenu""
[00:27:52][guilherme] logged in via in-game ui
[00:48:20][allsides] executed "ensure "fx-pedmenu""
[00:49:13][guilherme] logged in from via NUI iframe
[01:13:43][allsides] executed "ensure "bcc-ranch""
[01:34:13][guilherme] logged in via in-game ui
[01:43:30][guilherme] executed "stop "fx-pedmenu""
[01:43:39][guilherme] executed "ensure "nss_pedmenu""
[01:44:34][Juzezin1] logged in via in-game ui
[01:53:23][guilherme] logged in via in-game ui
[02:04:19][guilherme] logged in via in-game ui

================================================================
======== txAdmin v6.0.2 atop fxserver 7290 Starting - 1/28/2024, 2:16:02 AM
================================================================
[02:18:01][Juzezin1] logged in via in-game ui

================================================================
======== txAdmin v6.0.2 atop fxserver 7290 Starting - 1/28/2024, 2:22:43 AM
================================================================
[02:24:00][Juzezin1] logged in via in-game ui
[02:44:03][guilherme] logged in via in-game ui
[02:53:19][guilherme] logged in from via NUI iframe
[02:53:24][guilherme] Adding admin 'pandamora24'.
[02:53:24][guilherme] logged in via in-game ui
[02:53:24][pandamora24] logged in via in-game ui
[02:53:24][Juzezin1] logged in via in-game ui
[02:53:33][guilherme] logged in from via NUI iframe
[03:04:19][pandamora24] logged in from via NUI iframe
[03:05:20][guilherme] logged in via in-game ui
[03:30:55][Juzezin1] logged in via in-game ui

================================================================
======== txAdmin v6.0.2 atop fxserver 7290 Starting - 1/28/2024, 4:16:06 AM
================================================================
[04:39:39][Juzezin1] logged in via in-game ui
[05:15:04][Juzezin1] logged in via in-game ui
[05:17:46][Juzezin1] logged in via in-game ui
[09:57:01][ton] logged in via in-game ui
