
================================================================
======== Log Rotated - 1/30/2024, 12:00:00 AM                   
================================================================
[ citizen-server-main] -> Quitting: SIGHUP received

================================================================
======== FXServer Starting - 1/30/2024, 12:34:26 AM             
================================================================
[           resources] Scanning resources.
[           resources] Found 95 resources.
[          svadhesive] Authenticating server license key...
[          svadhesive] [0mServer license key authentication succeeded. Welcome!
[38;5;161m[    c-scripting-core] Creating script environments for yarn
[38;5;83m[           resources] Started resource yarn
[38;5;161m[    c-scripting-core] Creating script environments for sessionmanager-rdr3
[           resources] Started resource sessionmanager-rdr3
[    c-scripting-core] Creating script environments for monitor
[      script:monitor] [txAdmin] Resource v6.0.2 threads and commands set up. All Ready.
[           resources] Started resource monitor
[    c-scripting-core] Creating script environments for mapmanager
[           resources] Started resource mapmanager
[    c-scripting-core] Creating script environments for webpack
[           resources] Started resource webpack
[38;5;161m[    c-scripting-core] Creating script environments for chat
[38;5;83m[           resources] Started resource chat
[38;5;83m[           resources] Started resource spawnmanager
[38;5;154m[   script:mapmanager] Started gametype Freeroam
[38;5;83m[           resources] Started resource basic-gamemode
[   script:mapmanager] Started map redm-map-one
[           resources] Started resource redm-map-one
[    c-scripting-core] Creating script environments for hardcap
[38;5;83m[           resources] Started resource hardcap
[38;5;161m[    c-scripting-core] Creating script environments for oxmysql
[           resources] Started resource oxmysql
[           resources] Started resource vorp_menu
[    c-scripting-core] Creating script environments for weathersync
[           resources] Started resource weathersync
[           resources] Started resource interiors
[           resources] Started resource syn_minigame
[    c-scripting-core] Creating script environments for vorp_core
[           resources] Started resource vorp_core
[38;5;83m[           resources] Started resource vorp_inputs
[    c-scripting-core] Creating script environments for vorp_progressbar
[           resources] Started resource vorp_progressbar
[    c-scripting-core] Creating script environments for vorp_inventory
[           resources] Started resource vorp_inventory
[    c-scripting-core] Creating script environments for vorp_character
[           resources] Started resource vorp_character
[    c-scripting-core] [0mCreating script environments for vorp_utils
[           resources] [97mStarted resource vorp_utils
[    c-scripting-core] Creating script environments for vorp_admin
[           resources] Started resource vorp_admin
[    c-scripting-core] Creating script environments for vorp_metabolism
[           resources] Started resource vorp_metabolism
[    c-scripting-core] Creating script environments for vorp_barbershop
[           resources] Started resource vorp_barbershop
[    c-scripting-core] [97mCreating script environments for vorp_postman
[ script:vorp_postman] vorp_postman: Language En.json loaded!
[ script:vorp_postman] Instantiated instance of script vorp_postman_sv.LoadConfig.
[ script:vorp_postman] Instantiated instance of script vorp_postman_sv.vorp_postman_sv_init.
[           resources] Started resource vorp_postman
[    c-scripting-core] [0mCreating script environments for vorp_hunting
[           resources] Started resource vorp_hunting
[    c-scripting-core] Creating script environments for vorp_weaponsv2
[           resources] Started resource vorp_weaponsv2
[    c-scripting-core] Creating script environments for vorp_clothingstores
[resources:vorp_cloth] Warning: could not find shared_script `languages/*.lua` (defined in fxmanifest.lua:20)
[           resources] Started resource vorp_clothingstores (1 warning)
[    c-scripting-core] Creating script environments for vorp_stores
[           resources] Started resource vorp_stores
[    c-scripting-core] Creating script environments for vorp_fishing
[           resources] Started resource vorp_fishing
[ citizen-server-impl] Couldn't find resource vorp_housing.
[    c-scripting-core] Creating script environments for vorp_banking
[           resources] Started resource vorp_banking
[    c-scripting-core] Creating script environments for vorp_mailbox
[           resources] Started resource vorp_mailbox
[    c-scripting-core] Creating script environments for vorp_walkanim
[           resources] Started resource vorp_walkanim
[    c-scripting-core] Creating script environments for vorp_ml_policejob
[           resources] Started resource vorp_ml_policejob
[    c-scripting-core] Creating script environments for vorp_crafting
[           resources] Started resource vorp_crafting
[    c-scripting-core] Creating script environments for vorp_zonenotify
[           resources] Started resource vorp_zonenotify
[    c-scripting-core] [0mCreating script environments for vorp_mining
[           resources] Started resource vorp_mining
[    c-scripting-core] Creating script environments for vorp_lumberjack
[           resources] [0mStarted resource vorp_lumberjack
[    c-scripting-core] Creating script environments for vorp_animations
[           resources] Started resource vorp_animations
[    c-scripting-core] Creating script environments for vorp_outlaws
[           resources] Started resource vorp_outlaws
[           resources] Started resource vorp_logout
[    c-scripting-core] [0mCreating script environments for vorp_crawfish
[           resources] Started resource vorp_crawfish
[    c-scripting-core] Creating script environments for vorp_lootnpcs
[           resources] Started resource vorp_lootnpcs
[    c-scripting-core] Creating script environments for gumApi
[           resources] Started resource gumApi
[    c-scripting-core] Creating script environments for gum_ranch
[           resources] Started resource gum_ranch
[    c-scripting-core] Creating script environments for bcc-utils
[    script:bcc-utils] (CACHED)❌Outdated! [bcc-utils] (Version 1.0.6)
[    script:bcc-utils] NEW VERSION (1.0.7) <https://github.com/BryceCanyonCounty/bcc-utils/releases/tag/1.0.7>
[    script:bcc-utils] CHANGELOG 
[    script:bcc-utils] Bugfixes
[           resources] Started resource bcc-utils
[    c-scripting-core] Creating script environments for bcc-job-alerts
[    script:bcc-utils] (CACHED)✅Up to Date! [bcc-job-alerts] (Current Version 2.1.1)
[           resources] Started resource bcc-job-alerts
[    c-scripting-core] Creating script environments for bcc-minigames
[           resources] [0mStarted resource bcc-minigames
[    c-scripting-core] Creating script environments for bcc-boats
[           resources] Started resource bcc-boats
[38;5;161m[    c-scripting-core] Creating script environments for bcc-camp
[    script:bcc-utils] (CACHED)✅Up to Date! [bcc-camp] (Current Version 1.0.4)
[           resources] Started resource bcc-camp
[    c-scripting-core] Creating script environments for bcc-doorlocks
[    script:bcc-utils] (CACHED)✅Up to Date! [bcc-doorlocks] (Current Version 1.0.3)
[           resources] Started resource bcc-doorlocks
[    c-scripting-core] Creating script environments for bcc-guarma
[           resources] [0mStarted resource bcc-guarma
[    c-scripting-core] Creating script environments for bcc-pets
[           resources] Started resource bcc-pets
[    c-scripting-core] Creating script environments for bcc-robbery
[script:bcc-job-alert] Alert Registered!	banker
[    script:bcc-utils] (CACHED)✅Up to Date! [bcc-robbery] (Current Version 1.0.2)
[           resources] Started resource bcc-robbery
[    c-scripting-core] Creating script environments for rsd_mapcolor
[ script:rsd_mapcolor] Script RSD_MAPCOLOR IS STARTED / https://script.redstartrp.fr
[           resources] Started resource rsd_mapcolor
[    c-scripting-core] Creating script environments for GoldPaning
[           resources] Started resource GoldPaning
[    c-scripting-core] Creating script environments for bcc-housing
[    script:bcc-utils] (CACHED)✅Up to Date! [bcc-housing] (Current Version 1.0.3)
[           resources] Started resource bcc-housing
[    c-scripting-core] Creating script environments for bulgar_river
[ script:bulgar_river]  bulgar_river Successfully Loaded 
[ script:bulgar_river]  Developed by BulgaR 
[ script:bulgar_river]  If you got any question or require support join: https://discord.gg/dcyY2e5kb3 
[           resources] Started resource bulgar_river
[    c-scripting-core] Creating script environments for syn_farming
[           resources] Started resource syn_farming
[           resources] Started resource kh-doctorval
[           resources] Started resource macfarlanes_ranch
[script:bcc-job-alert] Alert Registered!	police
[script:bcc-job-alert] Alert Registered!	medic
[      script:oxmysql] Database server connection established!
[      script:oxmysql] An update is available for oxmysql (current version: 2.7.1)
[      script:oxmysql] https://github.com/overextended/oxmysql/releases/tag/v2.7.7
[ citizen-server-impl]         fff                          
[ citizen-server-impl]   cccc ff   xx  xx     rr rr    eee  
[ citizen-server-impl] cc     ffff   xx       rrr  r ee   e 
[ citizen-server-impl] cc     ff     xx   ... rr     eeeee  
[ citizen-server-impl]  ccccc ff   xx  xx ... rr      eeeee 
[ citizen-server-impl]                                      
[ citizen-server-impl] Authenticated with cfx.re Nucleus: https://destinyroleplay2-xeokyg.users.cfx.re/
[    script:gum_ranch] [Ranch] Database: Checked ranches!
[script:vorp_metaboli] Metabolism: Loading 5 items usables
[    script:vorp_core] ###############################################################################
[    script:vorp_core] 
[    script:vorp_core] ----- #RedM ----------------------------------------------------------------------
[    script:vorp_core]  /##    /##  /######  /#######  /#######   /######   /######  /#######  /########
[    script:vorp_core] | ##   | ## /##__  ##| ##__  ##| ##__  ## /##__  ## /##__  ##| ##__  ##| ##_____/
[    script:vorp_core] | ##   | ##| ##  | ##| ##  | ##| ##  | ##| ##  |__/| ##  | ##| ##  | ##| ##      
[    script:vorp_core] |  ## / ##/| ##  | ##| #######/| #######/| ##      | ##  | ##| #######/| #####   
[    script:vorp_core]  |  ## ##/ | ##  | ##| ##__  ##| ##____/ | ##      | ##  | ##| ##__  ##| ##__/   
[    script:vorp_core]   |  ###/  | ##  | ##| ##  | ##| ##      | ##    ##| ##  | ##| ##  | ##| ##      
[    script:vorp_core]    |  #/   |  ######/| ##  | ##| ##      |  ######/|  ######/| ##  | ##| ########
[    script:vorp_core]     |_/     |______/ |__/  |__/|__/       |______/  |______/ |__/  |__/|________/
[    script:vorp_core] ----------------------------------------------------VORPcore Framework Lua -----
[    script:vorp_core] 
[    script:vorp_core] VORPcore Version check 
[    script:vorp_core] Resources found
[    script:vorp_core] 
[    script:vorp_core] Resource version Check (vorp_progressbar) ❌ Outdated (v1.1) - Update found: Version 1.2.0 (https://github.com/VORPCORE/vorp_progressbar)
[    script:vorp_core] 
[    script:vorp_core] Resource version Check (vorp_inventory) ❌ Outdated (v3.2) - Update found: Version 3.3 (https://github.com/VORPCORE/vorp_inventory-lua)
[    script:vorp_core] 
[    script:vorp_core] Resource version Check (vorp_character) ❌ Outdated (v1.4) - Update found: Version 1.5 (https://github.com/VORPCORE/vorp_character-lua)
[    script:vorp_core] 
[    script:vorp_core] Resource version Check (vorp_core) ❌ Outdated (v2.3) - Update found: Version 2.4 (https://github.com/VORPCORE/vorp-core-lua)
[    script:vorp_core] 
[    script:vorp_core] ###############################
[    script:vorp_core] 
[    script:vorp_core] VORP_PROGRESSBAR - Changelog:
[    script:vorp_core]  
[    script:vorp_core] - progressBars support added (Remove progressBars if you have it installed
[    script:vorp_core] ###############################
[    script:vorp_core] 
[    script:vorp_core] VORP_INVENTORY - Changelog:
[    script:vorp_core]   
[    script:vorp_core] - fixed items with metadata being removed and then addd back on relog  
[    script:vorp_core] - added some error handling for some functions  
[    script:vorp_core] - added new export to get core object  
[    script:vorp_core] - added new callbacks  
[    script:vorp_core] - added custom description for weapons  
[    script:vorp_core] - added exports for modifying/adding custom label description and serial numbers from weapons  
[    script:vorp_core] - removed dataview file , using vorp core file instead.  
[    script:vorp_core] - refactor opening custom inventories with a notify saying its busy  
[    script:vorp_core] - item trade logs fixed  
[    script:vorp_core] - added config file just for logs  
[    script:vorp_core] - make sure to update all files
[    script:vorp_core] ###############################
[    script:vorp_core] 
[    script:vorp_core] VORP_CHARACTER - Changelog:
[    script:vorp_core]  
[    script:vorp_core] - In this version RDO intro has been added with scenes  
[    script:vorp_core] - Textures for character selector should now be loaded correctly and not be *seen* loading 
[    script:vorp_core] - refactor most of the code to work with RDO intro 
[    script:vorp_core] - mug shots will be sent to client social club app in game they can gather their screenshots there edit etc... 
[    script:vorp_core] - added some extra checks and optimized a bit of the code 
[    script:vorp_core] - added some text to let players know the stage they go in 
[    script:vorp_core] - to update to this venison to must back up your old and add your new do not replace files
[    script:vorp_core] ###############################
[    script:vorp_core] 
[    script:vorp_core] VORP_CORE - Changelog:
[    script:vorp_core]   
[    script:vorp_core] - added export GetCore() instead of using trigger event  
[    script:vorp_core] - GetCore export now has new call back system included  
[    script:vorp_core] - you can call dataview in your scripts like `@vorp_core/client/dataview.lua`   
[    script:vorp_core] - added to the logs of modifyCharName the new name added to the player  
[    script:vorp_core] - added state bags visit documentation `https://vorpcore.github.io/VORP_Documentation/api/core#state 
[    script:vorp_core] -bags`  
[    script:vorp_core] - new event listeners for job changes and group `https://vorpcore.github.io/VORP_Documentation/api/core#event 
[    script:vorp_core] -listners`  
[    script:vorp_core] - other small issues were fixed  
[    script:vorp_core] - update all file
[    script:vorp_core] ###############################
[    script:vorp_core] 
[    script:vorp_core] ###############################################################################
[    script:vorp_core] Resource version Check (vorp_animations) ✅ Up to date - Version 1.0
[    script:vorp_core] 
[    script:vorp_core] Resource version Check (vorp_stores) ✅ Up to date - Version 2.1
[    script:vorp_core] 
[    script:vorp_core] Resource version Check  (vorp_crawfish) ✅ Up to date - Version 1.0
[    script:vorp_core] 
[    script:vorp_core] Resource version Check (vorp_barbershop) ✅ Up to date - Version 1.0
[    script:vorp_core] 
[    script:vorp_core] Resource version Check (vorp_crafting) ✅ Up to date - Version 1.6
[    script:vorp_core] 
[    script:vorp_core] Resource version Check (vorp_admin) ✅ Up to date - Version 2.4
[    script:vorp_core] 
[    script:vorp_core] Resource version Check (vorp_fishing) ✅ Up to date - Version 1.1
[    script:vorp_core] 
[    script:vorp_core] Resource version Check (vorp_weaponsv2) ✅ Up to date - Version 2.1
[    script:vorp_core] 
[    script:vorp_core] Resource version Check (vorp_hunting) ✅ Up to date - Version 1.0.4
[    script:vorp_core] 
[    script:vorp_core] Resource version Check (vorp_metabolism) ✅ Up to date - Version 1.1
[    script:vorp_core] 
[    script:vorp_core] Resource version Check (vorp_banking) ✅ Up to date - Version 1.5
[    script:vorp_core] 
[    script:vorp_core] Resource version Check (vorp_clothingstores) ✅ Up to date - Version 1.1
[    script:vorp_core] 
[    script:vorp_core] Resource version Check (vorp_mailbox) ✅ Up to date - Version 1.0
[    script:vorp_core] 
[    script:vorp_core] Resource version Check (vorp_outlaws) ✅ Up to date - Version 1.0
[    script:vorp_core] 
[    script:vorp_core] Resource version Check (vorp_walkanim) ✅ Up to date - Version 1.2
[    script:vorp_core] 
[    script:vorp_core] Resource version Check (vorp_zonenotify) ✅ Up to date - Version 1.0
[    script:vorp_core] 
[    script:vorp_core] Resource version Check (vorp_inputs) ✅ Up to date - Version 1.2
[    script:vorp_core] 
[    script:vorp_core] Resource version Check (vorp_utils) ✅ Up to date - Version 1.1.1
[    script:vorp_core] 
[    script:vorp_core] 
[    script:vorp_core] VORPcore Database Auto Updater 
[    script:vorp_core] 
[    script:vorp_core] Database Auto Updater (MariaDB)✅ Database is up to date
[    script:vorp_core] ###############################################################################
[      script:hardcap] Connecting: Guilherme
[      script:hardcap] Connecting: pandamora24
[      script:hardcap] Connecting: ton
[      script:hardcap] Connecting: Ton
[         script:chat] Guilherme: rake
[ citizen-server-impl] server thread hitch warning: timer interval of 189 milliseconds
[ citizen-server-impl] sync thread hitch warning: timer interval of 166 milliseconds
[ citizen-server-impl] server thread hitch warning: timer interval of 156 milliseconds
[ citizen-server-impl] sync thread hitch warning: timer interval of 122 milliseconds
[ citizen-server-impl] sync thread hitch warning: timer interval of 151 milliseconds
[ citizen-server-impl] server thread hitch warning: timer interval of 155 milliseconds
[ citizen-server-impl] server thread hitch warning: timer interval of 249 milliseconds
[ citizen-server-impl] sync thread hitch warning: timer interval of 190 milliseconds
> txaReportResources
[      script:monitor] [txAdmin] Sending resources list to txAdmin.
[   script:bcc-guarma] SCRIPT ERROR: @bcc-guarma/server/server.lua:10: attempt to call a nil value (field 'getUser')
[   script:bcc-guarma] > handler (@bcc-guarma/server/server.lua:10)
[   script:bcc-guarma] SCRIPT ERROR: @bcc-guarma/server/server.lua:10: attempt to call a nil value (field 'getUser')
[   script:bcc-guarma] > handler (@bcc-guarma/server/server.lua:10)
[   script:bcc-guarma] SCRIPT ERROR: @bcc-guarma/server/server.lua:10: attempt to call a nil value (field 'getUser')
[   script:bcc-guarma] > handler (@bcc-guarma/server/server.lua:10)
[   script:bcc-guarma] SCRIPT ERROR: @bcc-guarma/server/server.lua:10: attempt to call a nil value (field 'getUser')
[   script:bcc-guarma] > handler (@bcc-guarma/server/server.lua:10)
[    c-scripting-core] Creating script environments for allsides_sobrenatural
[           resources] Started resource allsides_sobrenatural
[ citizen-server-impl] server thread hitch warning: timer interval of 162 milliseconds
[           resources] Scanning resources.
[           resources] Found 0 new resources, and refreshed 1/95 resources.
[ citizen-server-impl] server thread hitch warning: timer interval of 746 milliseconds
[           resources] Stopping resource allsides_sobrenatural
[    c-scripting-core] Creating script environments for allsides_sobrenatural
[           resources] Started resource allsides_sobrenatural
[           resources] Stopping resource allsides_sobrenatural
[    c-scripting-core] Creating script environments for allsides_sobrenatural
[           resources] Started resource allsides_sobrenatural
[           resources] Stopping resource allsides_sobrenatural
[    c-scripting-core] Creating script environments for allsides_sobrenatural
[           resources] Started resource allsides_sobrenatural
[           resources] Stopping resource allsides_sobrenatural
[    c-scripting-core] Creating script environments for allsides_sobrenatural
[           resources] Started resource allsides_sobrenatural
[      script:hardcap] Connecting: Ton
[      script:hardcap] Connecting: Hatook
[           resources] Stopping resource allsides_sobrenatural
[    c-scripting-core] Creating script environments for allsides_sobrenatural
[           resources] Started resource allsides_sobrenatural
[      script:hardcap] Connecting: Hatook
[           resources] Scanning resources.
[           resources] Found 0 new resources, and refreshed 1/95 resources.
[           resources] Stopping resource allsides_sobrenatural
[    c-scripting-core] Creating script environments for allsides_sobrenatural
[           resources] Started resource allsides_sobrenatural
[           resources] Stopping resource bcc-guarma
[38;5;134m[      script:hardcap] Connecting: Hatook
[           resources] Stopping resource vorp_logout
[           resources] Started resource vorp_logout
[           resources] Stopping resource allsides_sobrenatural
[    c-scripting-core] Creating script environments for allsides_sobrenatural
[           resources] Started resource allsides_sobrenatural
[      script:hardcap] Connecting: Ton
[           resources] Stopping resource allsides_sobrenatural
[    c-scripting-core] Creating script environments for allsides_sobrenatural
[           resources] Started resource allsides_sobrenatural
[           resources] Stopping resource allsides_sobrenatural
[    c-scripting-core] Creating script environments for allsides_sobrenatural
[           resources] Started resource allsides_sobrenatural
[           resources] Stopping resource allsides_sobrenatural
[    c-scripting-core] Creating script environments for allsides_sobrenatural
[           resources] Started resource allsides_sobrenatural
[    c-scripting-core] Creating script environments for bcc-guarma
[           resources] Started resource bcc-guarma
> txaEvent "adminsUpdated" "[7,8]"
[           resources] Stopping resource bcc-guarma
[    c-scripting-core] Creating script environments for bcc-guarma
[           resources] Started resource bcc-guarma
[         script:chat] Hatook: x
[           resources] Stopping resource bcc-guarma
[    c-scripting-core] Creating script environments for bcc-guarma
[           resources] [0mStarted resource bcc-guarma
[           resources] Stopping resource bcc-guarma
[    c-scripting-core] Creating script environments for bcc-guarma
[           resources] Started resource bcc-guarma
[           resources] Stopping resource bcc-guarma
[    c-scripting-core] Creating script environments for bcc-guarma
[           resources] Started resource bcc-guarma
[           resources] Stopping resource bcc-guarma
[    c-scripting-core] Creating script environments for bcc-guarma
[           resources] Started resource bcc-guarma
[      script:hardcap] Connecting: Ton
[           resources] Stopping resource bcc-guarma
[    c-scripting-core] Creating script environments for bcc-guarma
[           resources] Started resource bcc-guarma
[      script:hardcap] Connecting: Ton
[      script:hardcap] Connecting: Ton
[           resources] Stopping resource allsides_sobrenatural
[    c-scripting-core] Creating script environments for allsides_sobrenatural
[           resources] Started resource allsides_sobrenatural
[      script:hardcap] Connecting: Ton
[           resources] Stopping resource allsides_sobrenatural
[    c-scripting-core] Creating script environments for allsides_sobrenatural
[           resources] Started resource allsides_sobrenatural
[           resources] Stopping resource allsides_sobrenatural
[    c-scripting-core] Creating script environments for allsides_sobrenatural
[           resources] Started resource allsides_sobrenatural
[           resources] Scanning resources.
[           resources] Found 0 new resources, and refreshed 1/95 resources.
[           resources] Stopping resource allsides_sobrenatural
[    c-scripting-core] Creating script environments for allsides_sobrenatural
[           resources] Started resource allsides_sobrenatural
[           resources] Stopping resource allsides_sobrenatural
[    c-scripting-core] Creating script environments for allsides_sobrenatural
[           resources] Started resource allsides_sobrenatural
[      script:hardcap] Connecting: Ton
[           resources] Stopping resource allsides_sobrenatural
[    c-scripting-core] Creating script environments for allsides_sobrenatural
[           resources] Started resource allsides_sobrenatural
[           resources] Stopping resource allsides_sobrenatural
[    c-scripting-core] Creating script environments for allsides_sobrenatural
[           resources] Started resource allsides_sobrenatural
[           resources] Stopping resource allsides_sobrenatural
[    c-scripting-core] Creating script environments for allsides_sobrenatural
[           resources] [0mStarted resource allsides_sobrenatural
[           resources] Stopping resource allsides_sobrenatural
[    c-scripting-core] Creating script environments for allsides_sobrenatural
[           resources] [0mStarted resource allsides_sobrenatural
[      script:hardcap] Connecting: Ton
[           resources] Stopping resource allsides_sobrenatural
[    c-scripting-core] Creating script environments for allsides_sobrenatural
[           resources] Started resource allsides_sobrenatural
[           resources] Stopping resource allsides_sobrenatural
[    c-scripting-core] Creating script environments for allsides_sobrenatural
[           resources] Started resource allsides_sobrenatural
[           resources] Stopping resource allsides_sobrenatural
[    c-scripting-core] Creating script environments for allsides_sobrenatural
[           resources] Started resource allsides_sobrenatural
[           resources] Stopping resource allsides_sobrenatural
[    c-scripting-core] Creating script environments for allsides_sobrenatural
[           resources] Started resource allsides_sobrenatural
[           resources] Stopping resource allsides_sobrenatural
[    c-scripting-core] Creating script environments for allsides_sobrenatural
[           resources] Started resource allsides_sobrenatural
[           resources] Stopping resource allsides_sobrenatural
[    c-scripting-core] Creating script environments for allsides_sobrenatural
[           resources] Started resource allsides_sobrenatural
[           resources] Stopping resource allsides_sobrenatural
[    c-scripting-core] Creating script environments for allsides_sobrenatural
[           resources] Started resource allsides_sobrenatural
[           resources] Stopping resource allsides_sobrenatural
[    c-scripting-core] Creating script environments for allsides_sobrenatural
[           resources] Started resource allsides_sobrenatural
[      script:hardcap] Connecting: Hatook
[           resources] Stopping resource allsides_sobrenatural
[    c-scripting-core] Creating script environments for allsides_sobrenatural
[           resources] Started resource allsides_sobrenatural
[38;5;134m[      script:hardcap] Connecting: Ton
[           resources] Stopping resource allsides_sobrenatural
[    c-scripting-core] Creating script environments for allsides_sobrenatural
[           resources] Started resource allsides_sobrenatural
[           resources] Stopping resource allsides_sobrenatural
[    c-scripting-core] Creating script environments for allsides_sobrenatural
[           resources] Started resource allsides_sobrenatural
[           resources] Stopping resource allsides_sobrenatural
[    c-scripting-core] Creating script environments for allsides_sobrenatural
[           resources] Started resource allsides_sobrenatural
[           resources] Stopping resource allsides_sobrenatural
[    c-scripting-core] Creating script environments for allsides_sobrenatural
[           resources] Started resource allsides_sobrenatural
[           resources] Stopping resource allsides_sobrenatural
[    c-scripting-core] Creating script environments for allsides_sobrenatural
[           resources] Started resource allsides_sobrenatural
[ citizen-server-impl] server thread hitch warning: timer interval of 153 milliseconds
[ citizen-server-impl] sync thread hitch warning: timer interval of 223 milliseconds
[ citizen-server-impl] server thread hitch warning: timer interval of 197 milliseconds
[ citizen-server-impl] sync thread hitch warning: timer interval of 109 milliseconds
[ citizen-server-impl] sync thread hitch warning: timer interval of 150 milliseconds
[ citizen-server-impl] server thread hitch warning: timer interval of 223 milliseconds
[ citizen-server-impl] server thread hitch warning: timer interval of 190 milliseconds
[ citizen-server-impl] sync thread hitch warning: timer interval of 104 milliseconds
[ citizen-server-impl] sync thread hitch warning: timer interval of 144 milliseconds
[ citizen-server-impl] server thread hitch warning: timer interval of 160 milliseconds
[ citizen-server-impl] sync thread hitch warning: timer interval of 103 milliseconds
[ citizen-server-impl] sync thread hitch warning: timer interval of 105 milliseconds
[           resources] Stopping resource allsides_sobrenatural
[    c-scripting-core] Creating script environments for allsides_sobrenatural
[           resources] Started resource allsides_sobrenatural
[           resources] Stopping resource allsides_sobrenatural
[    c-scripting-core] Creating script environments for allsides_sobrenatural
[           resources] Started resource allsides_sobrenatural
[           resources] Stopping resource allsides_sobrenatural
[    c-scripting-core] Creating script environments for allsides_sobrenatural
[           resources] Started resource allsides_sobrenatural
[           resources] Stopping resource allsides_sobrenatural
[    c-scripting-core] Creating script environments for allsides_sobrenatural
[           resources] Started resource allsides_sobrenatural
[           resources] Stopping resource allsides_sobrenatural
[    c-scripting-core] Creating script environments for allsides_sobrenatural
[           resources] Started resource allsides_sobrenatural
[           resources] Stopping resource allsides_sobrenatural
[    c-scripting-core] Creating script environments for allsides_sobrenatural
[           resources] Started resource allsides_sobrenatural
[           resources] Stopping resource allsides_sobrenatural
[    c-scripting-core] Creating script environments for allsides_sobrenatural
[           resources] Started resource allsides_sobrenatural
[           resources] Stopping resource allsides_sobrenatural
[    c-scripting-core] Creating script environments for allsides_sobrenatural
[           resources] Started resource allsides_sobrenatural
[           resources] Stopping resource allsides_sobrenatural
[    c-scripting-core] Creating script environments for allsides_sobrenatural
[           resources] Started resource allsides_sobrenatural
[ citizen-server-impl] server thread hitch warning: timer interval of 161 milliseconds
[ citizen-server-impl] sync thread hitch warning: timer interval of 105 milliseconds
[38;5;186m[ citizen-server-main] -> Quitting: SIGHUP received

================================================================
======== FXServer Starting - 1/30/2024, 11:00:14 PM             
================================================================
[           resources] Scanning resources.
[           resources] Found 101 resources.
[          svadhesive] Authenticating server license key...
[38;5;66m[          svadhesive] Server license key authentication succeeded. Welcome!
[    c-scripting-core] Creating script environments for yarn
[           resources] Started resource yarn
[    c-scripting-core] Creating script environments for sessionmanager-rdr3
[           resources] Started resource sessionmanager-rdr3
[    c-scripting-core] Creating script environments for monitor
[      script:monitor] [txAdmin] Resource v6.0.2 threads and commands set up. All Ready.
[38;5;83m[           resources] Started resource monitor
[    c-scripting-core] Creating script environments for mapmanager
[           resources] Started resource mapmanager
[    c-scripting-core] Creating script environments for webpack
[38;5;83m[           resources] Started resource webpack
[38;5;161m[    c-scripting-core] Creating script environments for chat
[           resources] Started resource chat
[           resources] Started resource spawnmanager
[   script:mapmanager] Started gametype Freeroam
[           resources] Started resource basic-gamemode
[   script:mapmanager] Started map redm-map-one
[           resources] Started resource redm-map-one
[    c-scripting-core] Creating script environments for hardcap
[           resources] Started resource hardcap
[    c-scripting-core] Creating script environments for oxmysql
[           resources] Started resource oxmysql
[           resources] Started resource vorp_menu
[    c-scripting-core] [0mCreating script environments for weathersync
[           resources] Started resource weathersync
[           resources] Started resource interiors
[           resources] Started resource syn_minigame
[    c-scripting-core] [97mCreating script environments for vorp_core
[38;5;83m[           resources] Started resource vorp_core
[           resources] Started resource vorp_inputs
[38;5;161m[    c-scripting-core] Creating script environments for vorp_progressbar
[           resources] Started resource vorp_progressbar
[    c-scripting-core] Creating script environments for vorp_inventory
[           resources] [0mStarted resource vorp_inventory
[    c-scripting-core] Creating script environments for vorp_character
[           resources] Started resource vorp_character
[    c-scripting-core] Creating script environments for vorp_utils
[           resources] [97mStarted resource vorp_utils
[    c-scripting-core] Creating script environments for vorp_admin
[           resources] Started resource vorp_admin
[    c-scripting-core] Creating script environments for vorp_metabolism
[           resources] Started resource vorp_metabolism
[    c-scripting-core] Creating script environments for vorp_barbershop
[           resources] Started resource vorp_barbershop
[    c-scripting-core] Creating script environments for vorp_postman
[ script:vorp_postman] vorp_postman: Language En.json loaded!
[38;5;18m[ script:vorp_postman] Instantiated instance of script vorp_postman_sv.LoadConfig.
[ script:vorp_postman] Instantiated instance of script vorp_postman_sv.vorp_postman_sv_init.
[           resources] Started resource vorp_postman
[38;5;161m[    c-scripting-core] Creating script environments for vorp_hunting
[           resources] Started resource vorp_hunting
[    c-scripting-core] Creating script environments for vorp_weaponsv2
[           resources] Started resource vorp_weaponsv2
[    c-scripting-core] Creating script environments for vorp_clothingstores
[resources:vorp_cloth] Warning: could not find shared_script `languages/*.lua` (defined in fxmanifest.lua:20)
[           resources] Started resource vorp_clothingstores (1 warning)
[    c-scripting-core] Creating script environments for vorp_stores
[           resources] [0mStarted resource vorp_stores
[    c-scripting-core] Creating script environments for vorp_fishing
[           resources] [0mStarted resource vorp_fishing
[ citizen-server-impl] Couldn't find resource vorp_housing.
[    c-scripting-core] Creating script environments for vorp_banking
[           resources] Started resource vorp_banking
[    c-scripting-core] Creating script environments for vorp_mailbox
[           resources] Started resource vorp_mailbox
[    c-scripting-core] Creating script environments for vorp_walkanim
[           resources] Started resource vorp_walkanim
[    c-scripting-core] Creating script environments for vorp_ml_policejob
[           resources] Started resource vorp_ml_policejob
[    c-scripting-core] Creating script environments for vorp_crafting
[           resources] [0mStarted resource vorp_crafting
[    c-scripting-core] [0mCreating script environments for vorp_zonenotify
[           resources] Started resource vorp_zonenotify
[    c-scripting-core] Creating script environments for vorp_mining
[           resources] Started resource vorp_mining
[    c-scripting-core] Creating script environments for vorp_lumberjack
[           resources] Started resource vorp_lumberjack
[    c-scripting-core] Creating script environments for vorp_animations
[           resources] [0mStarted resource vorp_animations
[    c-scripting-core] Creating script environments for vorp_outlaws
[           resources] Started resource vorp_outlaws
[           resources] Started resource vorp_logout
[    c-scripting-core] Creating script environments for vorp_crawfish
[           resources] Started resource vorp_crawfish
[    c-scripting-core] Creating script environments for vorp_lootnpcs
[           resources] [0mStarted resource vorp_lootnpcs
[    c-scripting-core] Creating script environments for gumApi
[           resources] Started resource gumApi
[    c-scripting-core] [0mCreating script environments for gum_ranch
[           resources] Started resource gum_ranch
[38;5;161m[    c-scripting-core] Creating script environments for bcc-utils
[           resources] Started resource bcc-utils
[    c-scripting-core] Creating script environments for bcc-job-alerts
[           resources] Started resource bcc-job-alerts
[38;5;161m[    c-scripting-core] Creating script environments for bcc-minigames
[           resources] Started resource bcc-minigames
[    c-scripting-core] [0mCreating script environments for bcc-boats
[38;5;83m[           resources] Started resource bcc-boats
[    c-scripting-core] Creating script environments for bcc-camp
[38;5;83m[           resources] Started resource bcc-camp
[    c-scripting-core] Creating script environments for bcc-doorlocks
[           resources] Started resource bcc-doorlocks
[    c-scripting-core] Creating script environments for bcc-guarma
[           resources] Started resource bcc-guarma
[    c-scripting-core] Creating script environments for bcc-pets
[           resources] Started resource bcc-pets
[    c-scripting-core] [0mCreating script environments for bcc-robbery
[script:bcc-job-alert] [0mAlert Registered!	banker
[           resources] Started resource bcc-robbery
[    c-scripting-core] Creating script environments for rsd_mapcolor
[ script:rsd_mapcolor] Script RSD_MAPCOLOR IS STARTED / https://script.redstartrp.fr
[           resources] Started resource rsd_mapcolor
[    c-scripting-core] Creating script environments for GoldPaning
[           resources] [97mStarted resource GoldPaning
[    c-scripting-core] Creating script environments for bcc-housing
[           resources] Started resource bcc-housing
[    c-scripting-core] Creating script environments for bulgar_river
[ script:bulgar_river]  bulgar_river Successfully Loaded 
[ script:bulgar_river]  Developed by BulgaR 
[ script:bulgar_river]  If you got any question or require support join: https://discord.gg/dcyY2e5kb3 
[           resources] Started resource bulgar_river
[    c-scripting-core] Creating script environments for syn_farming
[           resources] Started resource syn_farming
[           resources] Started resource kh-doctorval
[           resources] Started resource macfarlanes_ranch
[38;5;83m[           resources] Started resource mlo_eme_mainhouse01_ext
[           resources] [0mStarted resource SS-Inputs
[    c-scripting-core] Creating script environments for SS-Checker
[           resources] Started resource SS-Checker
[    c-scripting-core] Creating script environments for SS-ProgressBar
[           resources] Started resource SS-ProgressBar
[    c-scripting-core] Creating script environments for SS-Crafting
[           resources] Started resource SS-Crafting
[    script:bcc-utils] ❌Outdated! [bcc-utils] (Version 1.0.6)
[    script:bcc-utils] NEW VERSION (1.0.7) <https://github.com/BryceCanyonCounty/bcc-utils/releases/tag/1.0.7>
[    script:bcc-utils] CHANGELOG 
[    script:bcc-utils] Bugfixes
[    script:bcc-utils] ✅Up to Date! [bcc-job-alerts] (Current Version 2.1.1)
[    script:bcc-utils] ✅Up to Date! [bcc-camp] (Current Version 1.0.4)
[    script:bcc-utils] ✅Up to Date! [bcc-doorlocks] (Current Version 1.0.3)
[    script:bcc-utils] ✅Up to Date! [bcc-robbery] (Current Version 1.0.2)
[    script:bcc-utils] ✅Up to Date! [bcc-housing] (Current Version 1.0.3)
[script:bcc-job-alert] Alert Registered!	police
[script:bcc-job-alert] Alert Registered!	medic
[ citizen-server-impl] server thread hitch warning: timer interval of 201 milliseconds
[      script:oxmysql] Database server connection established!
[ citizen-server-impl]         fff                          
[ citizen-server-impl]   cccc ff   xx  xx     rr rr    eee  
[ citizen-server-impl] cc     ffff   xx       rrr  r ee   e 
[ citizen-server-impl] cc     ff     xx   ... rr     eeeee  
[ citizen-server-impl]  ccccc ff   xx  xx ... rr      eeeee 
[ citizen-server-impl]                                      
[ citizen-server-impl] Authenticated with cfx.re Nucleus: https://destinyroleplay2-xeokyg.users.cfx.re/
[      script:oxmysql] An update is available for oxmysql (current version: 2.7.1)
[      script:oxmysql] https://github.com/overextended/oxmysql/releases/tag/v2.7.7
[    script:gum_ranch] [Ranch] Database: Checked ranches!
[script:vorp_metaboli] Metabolism: Loading 5 items usables
[    script:vorp_core] ###############################################################################
[    script:vorp_core] 
[    script:vorp_core] ----- #RedM ----------------------------------------------------------------------
[    script:vorp_core]  /##    /##  /######  /#######  /#######   /######   /######  /#######  /########
[    script:vorp_core] | ##   | ## /##__  ##| ##__  ##| ##__  ## /##__  ## /##__  ##| ##__  ##| ##_____/
[    script:vorp_core] | ##   | ##| ##  | ##| ##  | ##| ##  | ##| ##  |__/| ##  | ##| ##  | ##| ##      
[    script:vorp_core] |  ## / ##/| ##  | ##| #######/| #######/| ##      | ##  | ##| #######/| #####   
[    script:vorp_core]  |  ## ##/ | ##  | ##| ##__  ##| ##____/ | ##      | ##  | ##| ##__  ##| ##__/   
[    script:vorp_core]   |  ###/  | ##  | ##| ##  | ##| ##      | ##    ##| ##  | ##| ##  | ##| ##      
[    script:vorp_core]    |  #/   |  ######/| ##  | ##| ##      |  ######/|  ######/| ##  | ##| ########
[    script:vorp_core]     |_/     |______/ |__/  |__/|__/       |______/  |______/ |__/  |__/|________/
[    script:vorp_core] ----------------------------------------------------VORPcore Framework Lua -----
[    script:vorp_core] 
[    script:vorp_core] VORPcore Version check 
[    script:vorp_core] Resources found
[    script:vorp_core] 
[    script:vorp_core] Resource version Check (vorp_inventory) ❌ Outdated (v3.2) - Update found: Version 3.3 (https://github.com/VORPCORE/vorp_inventory-lua)
[    script:vorp_core] 
[    script:vorp_core] Resource version Check (vorp_progressbar) ❌ Outdated (v1.1) - Update found: Version 1.2.0 (https://github.com/VORPCORE/vorp_progressbar)
[    script:vorp_core] 
[    script:vorp_core] Resource version Check (vorp_character) ❌ Outdated (v1.4) - Update found: Version 1.5 (https://github.com/VORPCORE/vorp_character-lua)
[    script:vorp_core] 
[    script:vorp_core] Resource version Check (vorp_core) ❌ Outdated (v2.3) - Update found: Version 2.4 (https://github.com/VORPCORE/vorp-core-lua)
[    script:vorp_core] 
[    script:vorp_core] ###############################
[    script:vorp_core] 
[    script:vorp_core] VORP_INVENTORY - Changelog:
[    script:vorp_core]   
[    script:vorp_core] - fixed items with metadata being removed and then addd back on relog  
[    script:vorp_core] - added some error handling for some functions  
[    script:vorp_core] - added new export to get core object  
[    script:vorp_core] - added new callbacks  
[    script:vorp_core] - added custom description for weapons  
[    script:vorp_core] - added exports for modifying/adding custom label description and serial numbers from weapons  
[    script:vorp_core] - removed dataview file , using vorp core file instead.  
[    script:vorp_core] - refactor opening custom inventories with a notify saying its busy  
[    script:vorp_core] - item trade logs fixed  
[    script:vorp_core] - added config file just for logs  
[    script:vorp_core] - make sure to update all files
[    script:vorp_core] ###############################
[    script:vorp_core] 
[    script:vorp_core] VORP_PROGRESSBAR - Changelog:
[    script:vorp_core]  
[    script:vorp_core] - progressBars support added (Remove progressBars if you have it installed
[    script:vorp_core] ###############################
[    script:vorp_core] 
[    script:vorp_core] VORP_CHARACTER - Changelog:
[    script:vorp_core]  
[    script:vorp_core] - In this version RDO intro has been added with scenes  
[    script:vorp_core] - Textures for character selector should now be loaded correctly and not be *seen* loading 
[    script:vorp_core] - refactor most of the code to work with RDO intro 
[    script:vorp_core] - mug shots will be sent to client social club app in game they can gather their screenshots there edit etc... 
[    script:vorp_core] - added some extra checks and optimized a bit of the code 
[    script:vorp_core] - added some text to let players know the stage they go in 
[    script:vorp_core] - to update to this venison to must back up your old and add your new do not replace files
[    script:vorp_core] ###############################
[    script:vorp_core] 
[    script:vorp_core] VORP_CORE - Changelog:
[    script:vorp_core]   
[    script:vorp_core] - added export GetCore() instead of using trigger event  
[    script:vorp_core] - GetCore export now has new call back system included  
[    script:vorp_core] - you can call dataview in your scripts like `@vorp_core/client/dataview.lua`   
[    script:vorp_core] - added to the logs of modifyCharName the new name added to the player  
[    script:vorp_core] - added state bags visit documentation `https://vorpcore.github.io/VORP_Documentation/api/core#state 
[    script:vorp_core] -bags`  
[    script:vorp_core] - new event listeners for job changes and group `https://vorpcore.github.io/VORP_Documentation/api/core#event 
[    script:vorp_core] -listners`  
[    script:vorp_core] - other small issues were fixed  
[    script:vorp_core] - update all file
[    script:vorp_core] ###############################
[    script:vorp_core] 
[    script:vorp_core] ###############################################################################
[    script:vorp_core] Resource version Check (vorp_animations) ✅ Up to date - Version 1.0
[    script:vorp_core] 
[    script:vorp_core] Resource version Check  (vorp_crawfish) ✅ Up to date - Version 1.0
[    script:vorp_core] 
[    script:vorp_core] Resource version Check (vorp_barbershop) ✅ Up to date - Version 1.0
[    script:vorp_core] 
[    script:vorp_core] Resource version Check (vorp_crafting) ✅ Up to date - Version 1.6
[    script:vorp_core] 
[    script:vorp_core] Resource version Check (vorp_admin) ✅ Up to date - Version 2.4
[    script:vorp_core] 
[    script:vorp_core] Resource version Check (vorp_fishing) ✅ Up to date - Version 1.1
[    script:vorp_core] 
[    script:vorp_core] Resource version Check (vorp_hunting) ✅ Up to date - Version 1.0.4
[    script:vorp_core] 
[    script:vorp_core] Resource version Check (vorp_metabolism) ✅ Up to date - Version 1.1
[    script:vorp_core] 
[    script:vorp_core] Resource version Check (vorp_banking) ✅ Up to date - Version 1.5
[    script:vorp_core] 
[    script:vorp_core] Resource version Check (vorp_clothingstores) ✅ Up to date - Version 1.1
[    script:vorp_core] 
[    script:vorp_core] Resource version Check (vorp_mailbox) ✅ Up to date - Version 1.0
[    script:vorp_core] 
[    script:vorp_core] Resource version Check (vorp_outlaws) ✅ Up to date - Version 1.0
[    script:vorp_core] 
[    script:vorp_core] Resource version Check (vorp_stores) ✅ Up to date - Version 2.1
[    script:vorp_core] 
[    script:vorp_core] Resource version Check (vorp_walkanim) ✅ Up to date - Version 1.2
[    script:vorp_core] 
[    script:vorp_core] Resource version Check (vorp_weaponsv2) ✅ Up to date - Version 2.1
[    script:vorp_core] 
[    script:vorp_core] Resource version Check (vorp_zonenotify) ✅ Up to date - Version 1.0
[    script:vorp_core] 
[    script:vorp_core] Resource version Check (vorp_inputs) ✅ Up to date - Version 1.2
[    script:vorp_core] 
[    script:vorp_core] Resource version Check (vorp_utils) ✅ Up to date - Version 1.1.1
[    script:vorp_core] 
[    script:vorp_core] 
[    script:vorp_core] VORPcore Database Auto Updater 
[    script:vorp_core] 
[    script:vorp_core] Database Auto Updater (MariaDB)✅ Database is up to date
[    script:vorp_core] ###############################################################################
[   script:SS-Checker]                                                                   
[   script:SS-Checker]            ▄ ▄ ▄ ▄ ▄ ▄  VERSIONS  CHECKER  ▄ ▄ ▄ ▄ ▄ ▄          
[   script:SS-Checker]                                                                 
[   script:SS-Checker]  ▄▄▄▄▄▄▄▄▄▄▄  ▄▄▄▄▄▄▄▄▄▄▄  ▄▄▄▄▄▄▄▄▄▄▄  ▄▄▄▄▄▄▄▄▄▄▄  ▄▄▄▄▄▄▄▄▄▄▄  
[   script:SS-Checker] ▐░░░░░░░░░░░▌▐░░░░░░░░░░░▌▐░░░░░░░░░░░▌▐░░░░░░░░░░░▌▐░░░░░░░░░░░▌ 
[   script:SS-Checker] ▐░█▀▀▀▀▀▀▀▀▀  ▀▀▀▀█░█▀▀▀▀ ▐░█▀▀▀▀▀▀▀█░▌▐░█▀▀▀▀▀▀▀▀▀ ▐░█▀▀▀▀▀▀▀▀▀  
[   script:SS-Checker] ▐░▌               ▐░▌     ▐░▌       ▐░▌▐░▌          ▐░▌           
[   script:SS-Checker] ▐░█▄▄▄▄▄▄▄▄▄      ▐░▌     ▐░█▄▄▄▄▄▄▄█░▌▐░█▄▄▄▄▄▄▄▄▄ ▐░▌           
[   script:SS-Checker] ▐░░░░░░░░░░░▌     ▐░▌     ▐░░░░░░░░░░░▌▐░░░░░░░░░░░▌▐░▌           
[   script:SS-Checker]  ▀▀▀▀▀▀▀▀▀█░▌     ▐░▌     ▐░█▀▀▀▀█░█▀▀ ▐░█▀▀▀▀▀▀▀▀▀ ▐░▌           
[   script:SS-Checker]           ▐░▌     ▐░▌     ▐░▌     ▐░▌  ▐░▌          ▐░▌           
[   script:SS-Checker]  ▄▄▄▄▄▄▄▄▄█░▌ ▄▄▄▄█░█▄▄▄▄ ▐░▌      ▐░▌ ▐░█▄▄▄▄▄▄▄▄▄ ▐░█▄▄▄▄▄▄▄▄▄  
[   script:SS-Checker] ▐░░░░░░░░░░░▌▐░░░░░░░░░░░▌▐░▌       ▐░▌▐░░░░░░░░░░░▌▐░░░░░░░░░░░▌ 
[   script:SS-Checker]  ▀▀▀▀▀▀▀▀▀▀▀  ▀▀▀▀▀▀▀▀▀▀▀  ▀         ▀  ▀▀▀▀▀▀▀▀▀▀▀  ▀▀▀▀▀▀▀▀▀▀▀  
[   script:SS-Checker]               - https://discord.gg/9XNBaQSmMd -                 
[   script:SS-Checker] ▄ ▄ ▄ ▄ ▄ ▄ ▄ ▄  REGISTERED UE © SIREC STUDIO  ▄ ▄ ▄ ▄ ▄ ▄ ▄ ▄ ▄
[   script:SS-Checker] 
[   script:SS-Checker] ✅  - SS-Checker IS OK !
[   script:SS-Checker] ✅  - SS-Inputs IS OK !
[   script:SS-Checker] ✅  - SS-Crafting IS OK !
> txaEvent "adminsUpdated" "[]"
> txaReportResources
[      script:monitor] [txAdmin] Sending resources list to txAdmin.
[38;5;134m[      script:hardcap] Connecting: Guilherme
[ citizen-server-impl] sync thread hitch warning: timer interval of 108 milliseconds
[ citizen-server-impl] server thread hitch warning: timer interval of 156 milliseconds
[38;5;73m[ citizen-server-impl] sync thread hitch warning: timer interval of 113 milliseconds
> ensure "SS-Crafting"
[           resources] Stopping resource SS-Crafting
[    c-scripting-core] Creating script environments for SS-Crafting
[           resources] Started resource SS-Crafting
[ citizen-server-impl] server thread hitch warning: timer interval of 151 milliseconds
> txaReportResources
[      script:monitor] [txAdmin] Sending resources list to txAdmin.
[      script:hardcap] Connecting: pandamora24
> txaReportResources
[      script:monitor] [txAdmin] Sending resources list to txAdmin.
> ensure "SS-Crafting"
[           resources] Stopping resource SS-Crafting
[    c-scripting-core] Creating script environments for SS-Crafting
[           resources] Started resource SS-Crafting
> txaReportResources
[      script:monitor] [txAdmin] Sending resources list to txAdmin.
> ensure "spooner"
[38;5;83m[           resources] Started resource uiprompt
[38;5;161m[    c-scripting-core] Creating script environments for spooner
[           resources] Started resource spooner
[ citizen-server-impl] [97mserver thread hitch warning: timer interval of 313 milliseconds
> txaReportResources
[      script:monitor] [txAdmin][97m Sending resources list to txAdmin.
> txaReportResources
[      script:monitor] [txAdmin] Sending resources list to txAdmin.
> ensure "bcc-customblips"
[    c-scripting-core] Creating script environments for bcc-customblips
[           resources] Started resource bcc-customblips
[ citizen-server-impl] sync thread hitch warning: timer interval of 111 milliseconds
> txaReportResources
[      script:monitor] [txAdmin] Sending resources list to txAdmin.[97m
> ensure "bcc-customblips"
[           resources] Stopping resource bcc-customblips
[    c-scripting-core] Creating script environments for bcc-customblips
[           resources] Started resource bcc-customblips
> txaReportResources
[      script:monitor] [txAdmin] Sending resources list to txAdmin.
> ensure "bcc-customblips"
[           resources] Stopping resource bcc-customblips
[    c-scripting-core] Creating script environments for bcc-customblips
[           resources] Started resource bcc-customblips
> txaReportResources
[      script:monitor] [36m[txAdmin] Sending resources list to txAdmin.
> ensure "vorp_crafting"
[           resources] Stopping resource vorp_crafting
[38;5;161m[    c-scripting-core] Creating script environments for vorp_crafting
[           resources] Started resource vorp_crafting
> stop "vorp_crafting"
[           resources] Stopping resource vorp_crafting
> txaReportResources
[      script:monitor] [txAdmin] Sending resources list to txAdmin.
> ensure "SS-Crafting"
[           resources] Stopping resource SS-Crafting
[    c-scripting-core] Creating script environments for SS-Crafting
[           resources] Started resource SS-Crafting
[ citizen-server-impl] server thread hitch warning: timer interval of 162 milliseconds
> txaReportResources
[      script:monitor] [txAdmin] Sending resources list to txAdmin.
> ensure "SS-Crafting"
[           resources] Stopping resource SS-Crafting
[    c-scripting-core] Creating script environments for SS-Crafting
[           resources] Started resource SS-Crafting
> txaReportResources
[      script:monitor] [txAdmin] Sending resources list to txAdmin.
> ensure "SS-Crafting"
[           resources] Stopping resource SS-Crafting
[    c-scripting-core] Creating script environments for SS-Crafting
[           resources] [97mStarted resource SS-Crafting
> txaReportResources
[      script:monitor] [txAdmin] Sending resources list to txAdmin.
> ensure "SS-Crafting"
[           resources] Stopping resource SS-Crafting
[    c-scripting-core] Creating script environments for SS-Crafting
[           resources] Started resource SS-Crafting
[ citizen-server-impl] server thread hitch warning: timer interval of 161 milliseconds
> txaReportResources
[      script:monitor] [txAdmin] Sending resources list to txAdmin.
> ensure "SS-Crafting"
[           resources] Stopping resource SS-Crafting
[    c-scripting-core] Creating script environments for SS-Crafting
[           resources] Started resource SS-Crafting
> txaReportResources
[      script:monitor] [txAdmin] Sending resources list to txAdmin.
> txaReportResources
[      script:monitor] [txAdmin] Sending resources list to txAdmin.
> refresh
[           resources] [97mScanning resources.
[           resources] Found 0 new resources, and refreshed 0/101 resources.
> txaReportResources
[      script:monitor] [txAdmin] Sending resources list to txAdmin.
> ensure "SS-Crafting"
[           resources] Stopping resource SS-Crafting
[    c-scripting-core] Creating script environments for SS-Crafting
[           resources] Started resource SS-Crafting
[ citizen-server-impl] server thread hitch warning: timer interval of 165 milliseconds
> txaReportResources
[      script:monitor] [36m[txAdmin] Sending resources list to txAdmin.
> txaReportResources
[      script:monitor] [txAdmin] Sending resources list to txAdmin.
> refresh
[38;5;83m[           resources] Scanning resources.
[           resources] Found 0 new resources, and refreshed 0/101 resources.
> txaReportResources
[      script:monitor] [txAdmin] Sending resources list to txAdmin.
> ensure "SS-Crafting"
[           resources] Stopping resource SS-Crafting
[38;5;161m[    c-scripting-core] Creating script environments for SS-Crafting
[           resources] Started resource SS-Crafting
[ citizen-server-impl] server thread hitch warning: timer interval of 155 milliseconds
> txaReportResources
[      script:monitor] [txAdmin] Sending resources list to txAdmin.
> txaReportResources
[      script:monitor] [txAdmin][97m Sending resources list to txAdmin.
> ensure "SS-Crafting"
[           resources] Stopping resource SS-Crafting
[    c-scripting-core] Creating script environments for SS-Crafting
[           resources] Started resource SS-Crafting
> txaEvent "serverShuttingDown" "{＂delay＂:5000,＂author＂:＂DestinyRoleplay2＂,＂message＂:＂Server restarting (requested by DestinyRoleplay2).＂}"
[      script:monitor] [txAdmin] Server shutdown imminent. Kicking all players.

================================================================
======== FXServer Starting - 1/30/2024, 11:58:07 PM             
================================================================
[           resources] Scanning resources.
[           resources] Found 100 resources.
[          svadhesive] Authenticating server license key...
[          svadhesive] Server license key authentication succeeded. Welcome!
[38;5;161m[    c-scripting-core] Creating script environments for yarn
[           resources] Started resource yarn
[    c-scripting-core] Creating script environments for sessionmanager-rdr3
[           resources] Started resource sessionmanager-rdr3
[    c-scripting-core] Creating script environments for monitor
[38;5;84m[      script:monitor] [txAdmin] Resource v6.0.2 threads and commands set up. All Ready.
[38;5;83m[           resources] Started resource monitor
[    c-scripting-core] Creating script environments for mapmanager
[           resources] Started resource mapmanager
[    c-scripting-core] Creating script environments for webpack
[           resources] Started resource webpack
[    c-scripting-core] Creating script environments for chat
[           resources] Started resource chat
[           resources] Started resource spawnmanager
[   script:mapmanager] Started gametype Freeroam
[           resources] Started resource basic-gamemode
[   script:mapmanager] Started map redm-map-one
[           resources] Started resource redm-map-one
[    c-scripting-core] Creating script environments for hardcap
[           resources] Started resource hardcap
[    c-scripting-core] Creating script environments for oxmysql
[           resources] Started resource oxmysql
[           resources] Started resource vorp_menu
[    c-scripting-core] Creating script environments for weathersync
[           resources] Started resource weathersync
[           resources] Started resource interiors
[           resources] Started resource syn_minigame
[    c-scripting-core] Creating script environments for vorp_core
[           resources] Started resource vorp_core
[           resources] Started resource vorp_inputs
[    c-scripting-core] Creating script environments for vorp_progressbar
[           resources] Started resource vorp_progressbar
[    c-scripting-core] Creating script environments for vorp_inventory
[           resources] Started resource vorp_inventory
[    c-scripting-core] Creating script environments for vorp_character
[           resources] Started resource vorp_character
[    c-scripting-core] Creating script environments for vorp_utils
[           resources] Started resource vorp_utils
[    c-scripting-core] Creating script environments for vorp_admin
[           resources] Started resource vorp_admin
[    c-scripting-core] Creating script environments for vorp_metabolism
[           resources] [0mStarted resource vorp_metabolism
[38;5;161m[    c-scripting-core] Creating script environments for vorp_barbershop
[           resources] [97mStarted resource vorp_barbershop
[    c-scripting-core] Creating script environments for vorp_postman
[ script:vorp_postman] vorp_postman: Language En.json loaded!
[ script:vorp_postman] Instantiated instance of script vorp_postman_sv.LoadConfig.
[ script:vorp_postman] Instantiated instance of script vorp_postman_sv.vorp_postman_sv_init.
[           resources] Started resource vorp_postman
[    c-scripting-core] [0mCreating script environments for vorp_hunting
[           resources] Started resource vorp_hunting
[    c-scripting-core] [97mCreating script environments for vorp_weaponsv2
[           resources] Started resource vorp_weaponsv2
[    c-scripting-core] Creating script environments for vorp_clothingstores
[resources:vorp_cloth] Warning: could not find shared_script `languages/*.lua` (defined in fxmanifest.lua:20)
[           resources] Started resource vorp_clothingstores (1 warning)
[    c-scripting-core] Creating script environments for vorp_stores
[           resources] Started resource vorp_stores
[    c-scripting-core] Creating script environments for vorp_fishing
[           resources] Started resource vorp_fishing
[ citizen-server-impl] Couldn't find resource vorp_housing.
[    c-scripting-core] Creating script environments for vorp_banking
[           resources] Started resource vorp_banking
[    c-scripting-core] Creating script environments for vorp_mailbox
[           resources] Started resource vorp_mailbox
[    c-scripting-core] Creating script environments for vorp_walkanim
[           resources] Started resource vorp_walkanim
[    c-scripting-core] Creating script environments for vorp_ml_policejob
[           resources] Started resource vorp_ml_policejob
[ citizen-server-impl] Couldn't find resource vorp_crafting.
[    c-scripting-core] Creating script environments for vorp_zonenotify
[           resources] Started resource vorp_zonenotify
[    c-scripting-core] Creating script environments for vorp_mining
[           resources] Started resource vorp_mining
[    c-scripting-core] Creating script environments for vorp_lumberjack
[           resources] Started resource vorp_lumberjack
[    c-scripting-core] Creating script environments for vorp_animations
[           resources] Started resource vorp_animations
[    c-scripting-core] Creating script environments for vorp_outlaws
[           resources] [0mStarted resource vorp_outlaws
[           resources] Started resource vorp_logout
[    c-scripting-core] [0mCreating script environments for vorp_crawfish
[           resources] Started resource vorp_crawfish
[    c-scripting-core] [0mCreating script environments for vorp_lootnpcs
[           resources] Started resource vorp_lootnpcs
[    c-scripting-core] Creating script environments for gumApi
[           resources] Started resource gumApi
[    c-scripting-core] Creating script environments for gum_ranch
[           resources] Started resource gum_ranch
[    c-scripting-core] Creating script environments for bcc-utils
[    script:bcc-utils] (CACHED)❌Outdated! [bcc-utils] (Version 1.0.6)
[    script:bcc-utils] NEW VERSION (1.0.7) <https://github.com/BryceCanyonCounty/bcc-utils/releases/tag/1.0.7>
[    script:bcc-utils] CHANGELOG 
[    script:bcc-utils] Bugfixes
[           resources] Started resource bcc-utils
[    c-scripting-core] Creating script environments for bcc-job-alerts
[    script:bcc-utils] (CACHED)✅Up to Date! [bcc-job-alerts] (Current Version 2.1.1)
[           resources] Started resource bcc-job-alerts
[    c-scripting-core] Creating script environments for bcc-minigames
[           resources] Started resource bcc-minigames
[    c-scripting-core] [0mCreating script environments for bcc-boats
[           resources] Started resource bcc-boats
[    c-scripting-core] Creating script environments for bcc-camp
[    script:bcc-utils] [97m(CACHED)✅Up to Date! [bcc-camp] (Current Version 1.0.4)
[           resources] Started resource bcc-camp
[    c-scripting-core] Creating script environments for bcc-doorlocks
[    script:bcc-utils] (CACHED)✅Up to Date! [bcc-doorlocks] (Current Version 1.0.3)
[           resources] Started resource bcc-doorlocks
[    c-scripting-core] Creating script environments for bcc-guarma
[           resources] Started resource bcc-guarma
[    c-scripting-core] Creating script environments for bcc-pets
[           resources] Started resource bcc-pets
[    c-scripting-core] Creating script environments for bcc-robbery
[script:bcc-job-alert] Alert Registered!	banker
[    script:bcc-utils] (CACHED)✅Up to Date! [bcc-robbery] (Current Version 1.0.2)
[           resources] Started resource bcc-robbery
[    c-scripting-core] Creating script environments for rsd_mapcolor
[ script:rsd_mapcolor] Script RSD_MAPCOLOR IS STARTED / https://script.redstartrp.fr
[           resources] Started resource rsd_mapcolor
[    c-scripting-core] [0mCreating script environments for GoldPaning
[           resources] Started resource GoldPaning
[    c-scripting-core] [0mCreating script environments for bcc-housing
[    script:bcc-utils] (CACHED)✅Up to Date! [bcc-housing] (Current Version 1.0.3)
[           resources] Started resource bcc-housing
[    c-scripting-core] [0mCreating script environments for bulgar_river
[ script:bulgar_river]  bulgar_river Successfully Loaded 
[ script:bulgar_river]  Developed by BulgaR 
[ script:bulgar_river]  If you got any question or require support join: https://discord.gg/dcyY2e5kb3 
[           resources] Started resource bulgar_river
[    c-scripting-core] Creating script environments for syn_farming
[           resources] Started resource syn_farming
[           resources] Started resource kh-doctorval
[           resources] Started resource macfarlanes_ranch
[           resources] Started resource mlo_eme_mainhouse01_ext
[           resources] [0mStarted resource SS-Inputs
[    c-scripting-core] Creating script environments for SS-Checker
[           resources] Started resource SS-Checker
[    c-scripting-core] Creating script environments for SS-ProgressBar
[           resources] Started resource SS-ProgressBar
[    c-scripting-core] [0mCreating script environments for SS-Crafting
[           resources] Started resource SS-Crafting
[script:bcc-job-alert] Alert Registered!	police
[script:bcc-job-alert] Alert Registered!	medic
[      script:oxmysql] Database server connection established!
[      script:oxmysql] An update is available for oxmysql (current version: 2.7.1)
[      script:oxmysql] https://github.com/overextended/oxmysql/releases/tag/v2.7.7
[38;5;142m[    script:gum_ranch] [Ranch] Database: Checked ranches!
[ citizen-server-impl]         fff                          
[ citizen-server-impl]   cccc ff   xx  xx     rr rr    eee  
[ citizen-server-impl] cc     ffff   xx       rrr  r ee   e 
[ citizen-server-impl] cc     ff     xx   ... rr     eeeee  
[ citizen-server-impl]  ccccc ff   xx  xx ... rr      eeeee 
[ citizen-server-impl]                                      
[ citizen-server-impl] Authenticated with cfx.re Nucleus: https://destinyroleplay2-xeokyg.users.cfx.re/
[script:vorp_metaboli] Metabolism: Loading 5 items usables
[    script:vorp_core] ###############################################################################
[    script:vorp_core] 
[    script:vorp_core] ----- #RedM ----------------------------------------------------------------------
[    script:vorp_core]  /##    /##  /######  /#######  /#######   /######   /######  /#######  /########
[    script:vorp_core] | ##   | ## /##__  ##| ##__  ##| ##__  ## /##__  ## /##__  ##| ##__  ##| ##_____/
[    script:vorp_core] | ##   | ##| ##  | ##| ##  | ##| ##  | ##| ##  |__/| ##  | ##| ##  | ##| ##      
[    script:vorp_core] |  ## / ##/| ##  | ##| #######/| #######/| ##      | ##  | ##| #######/| #####   
[    script:vorp_core]  |  ## ##/ | ##  | ##| ##__  ##| ##____/ | ##      | ##  | ##| ##__  ##| ##__/   
[    script:vorp_core]   |  ###/  | ##  | ##| ##  | ##| ##      | ##    ##| ##  | ##| ##  | ##| ##      
[    script:vorp_core]    |  #/   |  ######/| ##  | ##| ##      |  ######/|  ######/| ##  | ##| ########
[    script:vorp_core]     |_/     |______/ |__/  |__/|__/       |______/  |______/ |__/  |__/|________/
[    script:vorp_core] ----------------------------------------------------VORPcore Framework Lua -----
[    script:vorp_core] 
[    script:vorp_core] VORPcore Version check 
[    script:vorp_core] Resources found
[    script:vorp_core] 
[    script:vorp_core] Resource version Check (vorp_progressbar) ❌ Outdated (v1.1) - Update found: Version 1.2.0 (https://github.com/VORPCORE/vorp_progressbar)
[    script:vorp_core] 
[    script:vorp_core] Resource version Check (vorp_inventory) ❌ Outdated (v3.2) - Update found: Version 3.3 (https://github.com/VORPCORE/vorp_inventory-lua)
[    script:vorp_core] 
[    script:vorp_core] Resource version Check (vorp_character) ❌ Outdated (v1.4) - Update found: Version 1.5 (https://github.com/VORPCORE/vorp_character-lua)
[    script:vorp_core] 
[    script:vorp_core] Resource version Check (vorp_core) ❌ Outdated (v2.3) - Update found: Version 2.4 (https://github.com/VORPCORE/vorp-core-lua)
[    script:vorp_core] 
[    script:vorp_core] ###############################
[    script:vorp_core] 
[    script:vorp_core] VORP_PROGRESSBAR - Changelog:
[    script:vorp_core]  
[    script:vorp_core] - progressBars support added (Remove progressBars if you have it installed
[    script:vorp_core] ###############################
[    script:vorp_core] 
[    script:vorp_core] VORP_INVENTORY - Changelog:
[    script:vorp_core]   
[    script:vorp_core] - fixed items with metadata being removed and then addd back on relog  
[    script:vorp_core] - added some error handling for some functions  
[    script:vorp_core] - added new export to get core object  
[    script:vorp_core] - added new callbacks  
[    script:vorp_core] - added custom description for weapons  
[    script:vorp_core] - added exports for modifying/adding custom label description and serial numbers from weapons  
[    script:vorp_core] - removed dataview file , using vorp core file instead.  
[    script:vorp_core] - refactor opening custom inventories with a notify saying its busy  
[    script:vorp_core] - item trade logs fixed  
[    script:vorp_core] - added config file just for logs  
[    script:vorp_core] - make sure to update all files
[    script:vorp_core] ###############################
[    script:vorp_core] 
[    script:vorp_core] VORP_CHARACTER - Changelog:
[    script:vorp_core]  
[    script:vorp_core] - In this version RDO intro has been added with scenes  
[    script:vorp_core] - Textures for character selector should now be loaded correctly and not be *seen* loading 
[    script:vorp_core] - refactor most of the code to work with RDO intro 
[    script:vorp_core] - mug shots will be sent to client social club app in game they can gather their screenshots there edit etc... 
[    script:vorp_core] - added some extra checks and optimized a bit of the code 
[    script:vorp_core] - added some text to let players know the stage they go in 
[    script:vorp_core] - to update to this venison to must back up your old and add your new do not replace files
[    script:vorp_core] ###############################
[    script:vorp_core] 
[    script:vorp_core] VORP_CORE - Changelog:
[    script:vorp_core]   
[    script:vorp_core] - added export GetCore() instead of using trigger event  
[    script:vorp_core] - GetCore export now has new call back system included  
[    script:vorp_core] - you can call dataview in your scripts like `@vorp_core/client/dataview.lua`   
[    script:vorp_core] - added to the logs of modifyCharName the new name added to the player  
[    script:vorp_core] - added state bags visit documentation `https://vorpcore.github.io/VORP_Documentation/api/core#state 
[    script:vorp_core] -bags`  
[    script:vorp_core] - new event listeners for job changes and group `https://vorpcore.github.io/VORP_Documentation/api/core#event 
[    script:vorp_core] -listners`  
[    script:vorp_core] - other small issues were fixed  
[    script:vorp_core] - update all file
[    script:vorp_core] ###############################
[    script:vorp_core] 
[    script:vorp_core] ###############################################################################
[    script:vorp_core] Resource version Check (vorp_animations) ✅ Up to date - Version 1.0
[    script:vorp_core] 
[    script:vorp_core] Resource version Check  (vorp_crawfish) ✅ Up to date - Version 1.0
[    script:vorp_core] 
[    script:vorp_core] Resource version Check (vorp_barbershop) ✅ Up to date - Version 1.0
[    script:vorp_core] 
[    script:vorp_core] Resource version Check (vorp_admin) ✅ Up to date - Version 2.4
[    script:vorp_core] 
[    script:vorp_core] Resource version Check (vorp_fishing) ✅ Up to date - Version 1.1
[    script:vorp_core] 
[    script:vorp_core] Resource version Check (vorp_hunting) ✅ Up to date - Version 1.0.4
[    script:vorp_core] 
[    script:vorp_core] Resource version Check (vorp_metabolism) ✅ Up to date - Version 1.1
[    script:vorp_core] 
[    script:vorp_core] Resource version Check (vorp_banking) ✅ Up to date - Version 1.5
[    script:vorp_core] 
[    script:vorp_core] Resource version Check (vorp_clothingstores) ✅ Up to date - Version 1.1
[    script:vorp_core] 
[    script:vorp_core] Resource version Check (vorp_mailbox) ✅ Up to date - Version 1.0
[    script:vorp_core] 
[    script:vorp_core] Resource version Check (vorp_outlaws) ✅ Up to date - Version 1.0
[    script:vorp_core] 
[    script:vorp_core] Resource version Check (vorp_stores) ✅ Up to date - Version 2.1
[    script:vorp_core] 
[    script:vorp_core] Resource version Check (vorp_walkanim) ✅ Up to date - Version 1.2
[    script:vorp_core] 
[    script:vorp_core] Resource version Check (vorp_weaponsv2) ✅ Up to date - Version 2.1
[    script:vorp_core] 
[    script:vorp_core] Resource version Check (vorp_zonenotify) ✅ Up to date - Version 1.0
[    script:vorp_core] 
[    script:vorp_core] Resource version Check (vorp_inputs) ✅ Up to date - Version 1.2
[    script:vorp_core] 
[    script:vorp_core] Resource version Check (vorp_utils) ✅ Up to date - Version 1.1.1
[    script:vorp_core] 
[    script:vorp_core] 
[    script:vorp_core] VORPcore Database Auto Updater 
[    script:vorp_core] 
[    script:vorp_core] Database Auto Updater (MariaDB)✅ Database is up to date
[    script:vorp_core] ###############################################################################
[   script:SS-Checker]                                                                   
[   script:SS-Checker]            ▄ ▄ ▄ ▄ ▄ ▄  VERSIONS  CHECKER  ▄ ▄ ▄ ▄ ▄ ▄          
[   script:SS-Checker]                                                                 
[   script:SS-Checker]  ▄▄▄▄▄▄▄▄▄▄▄  ▄▄▄▄▄▄▄▄▄▄▄  ▄▄▄▄▄▄▄▄▄▄▄  ▄▄▄▄▄▄▄▄▄▄▄  ▄▄▄▄▄▄▄▄▄▄▄  
[   script:SS-Checker] ▐░░░░░░░░░░░▌▐░░░░░░░░░░░▌▐░░░░░░░░░░░▌▐░░░░░░░░░░░▌▐░░░░░░░░░░░▌ 
[   script:SS-Checker] ▐░█▀▀▀▀▀▀▀▀▀  ▀▀▀▀█░█▀▀▀▀ ▐░█▀▀▀▀▀▀▀█░▌▐░█▀▀▀▀▀▀▀▀▀ ▐░█▀▀▀▀▀▀▀▀▀  
[   script:SS-Checker] ▐░▌               ▐░▌     ▐░▌       ▐░▌▐░▌          ▐░▌           
[   script:SS-Checker] ▐░█▄▄▄▄▄▄▄▄▄      ▐░▌     ▐░█▄▄▄▄▄▄▄█░▌▐░█▄▄▄▄▄▄▄▄▄ ▐░▌           
[   script:SS-Checker] ▐░░░░░░░░░░░▌     ▐░▌     ▐░░░░░░░░░░░▌▐░░░░░░░░░░░▌▐░▌           
[   script:SS-Checker]  ▀▀▀▀▀▀▀▀▀█░▌     ▐░▌     ▐░█▀▀▀▀█░█▀▀ ▐░█▀▀▀▀▀▀▀▀▀ ▐░▌           
[   script:SS-Checker]           ▐░▌     ▐░▌     ▐░▌     ▐░▌  ▐░▌          ▐░▌           
[   script:SS-Checker]  ▄▄▄▄▄▄▄▄▄█░▌ ▄▄▄▄█░█▄▄▄▄ ▐░▌      ▐░▌ ▐░█▄▄▄▄▄▄▄▄▄ ▐░█▄▄▄▄▄▄▄▄▄  
[   script:SS-Checker] ▐░░░░░░░░░░░▌▐░░░░░░░░░░░▌▐░▌       ▐░▌▐░░░░░░░░░░░▌▐░░░░░░░░░░░▌ 
[   script:SS-Checker]  ▀▀▀▀▀▀▀▀▀▀▀  ▀▀▀▀▀▀▀▀▀▀▀  ▀         ▀  ▀▀▀▀▀▀▀▀▀▀▀  ▀▀▀▀▀▀▀▀▀▀▀  
[   script:SS-Checker]               - https://discord.gg/9XNBaQSmMd -                 
[   script:SS-Checker] ▄ ▄ ▄ ▄ ▄ ▄ ▄ ▄  REGISTERED UE © SIREC STUDIO  ▄ ▄ ▄ ▄ ▄ ▄ ▄ ▄ ▄
[   script:SS-Checker] 
[   script:SS-Checker] ✅  - SS-Checker IS OK !
[   script:SS-Checker] ✅  - SS-Inputs IS OK !
[   script:SS-Checker] ✅  - SS-Crafting IS OK !
[      script:hardcap] Connecting: Guilherme
