
================================================================
======== FXServer Starting - 06/01/2024 01:06:53                
================================================================
[           resources] Scanning resources.
[resources:qbr-moonsh] Warning: qbr-moonshine does not have a resource manifest (fxmanifest.lua)
[           resources] Found 61 resources.
[           resources] 1 warning was encountered.
[          svadhesive] Authenticating server license key...
[          svadhesive] Server license key authentication succeeded. Welcome!
[    c-scripting-core] Creating script environments for yarn
[           resources] Started resource yarn
[ citizen-server-impl] Running build tasks on resource sessionmanager-rdr3 - it'll restart once completed.
[ citizen-server-impl] [93mCouldn't start resource sessionmanager-rdr3.
[38;5;73m[ citizen-server-impl] Running build tasks on resource monitor - it'll restart once completed.
[         script:yarn] yarn is currently busy: we are waiting to compile monitor
[ citizen-server-impl] Couldn't start resource monitor.
[    c-scripting-core] Creating script environments for mapmanager
[           resources] [0mStarted resource mapmanager
[ citizen-server-impl] Running build tasks on resource webpack - it'll restart once completed.
[         script:yarn] yarn is currently busy: we are waiting to compile webpack
[    c-resources-core] Could not start dependency webpack for resource chat.
[ citizen-server-impl] Couldn't start resource chat.
[38;5;83m[           resources] Started resource spawnmanager
[ citizen-server-impl] Running build tasks on resource sessionmanager-rdr3 - it'll restart once completed.
[ citizen-server-impl] Couldn't start resource sessionmanager-rdr3.
[   script:mapmanager] Started gametype Freeroam
[           resources] Started resource basic-gamemode
[    c-scripting-core] Creating script environments for hardcap
[           resources] Started resource hardcap
[    c-scripting-core] Creating script environments for oxmysql
[           resources] Started resource oxmysql
[    c-scripting-core] Creating script environments for qbr-core
[           resources] Started resource qbr-core
[    c-scripting-core] Creating script environments for PolyZone
[  resources:PolyZone] [0mWarning: could not find client_script `creation/client/*.lua` (defined in fxmanifest.lua:9)
[  resources:PolyZone] Warning: could not find server_script `creation/server/*.lua` (defined in fxmanifest.lua:18)
[           resources] Started resource PolyZone (2 warnings)
[    c-scripting-core] [0mCreating script environments for connectqueue
[ script:connectqueue] [93mQUEUE:  [connectqueue] Disabling hardcap 
[           resources] Stopping resource hardcap
[           resources] Started resource connectqueue
[           resources] Started resource mediccamp
[           resources] Started resource menuv
[    c-scripting-core] Creating script environments for pma-voice
[           resources] Started resource pma-voice
[           resources] Started resource progressbar
[           resources] Started resource safecracker
[38;5;161m[    c-scripting-core] Creating script environments for qbr-adminmenu
[           resources] Started resource qbr-adminmenu
[    c-scripting-core] Creating script environments for qbr-ambulancejob
[           resources] Started resource qbr-ambulancejob
[    c-scripting-core] Creating script environments for qbr-banking
[           resources] Started resource qbr-banking
[    c-scripting-core] Creating script environments for qbr-clothing
[           resources] Started resource qbr-clothing
[    c-scripting-core] Creating script environments for qbr-contraband
[           resources] Started resource qbr-contraband
[    c-scripting-core] Creating script environments for qbr-doorlock
[           resources] Started resource qbr-doorlock
[    c-scripting-core] Creating script environments for qbr-farming
[           resources] Started resource qbr-farming
[    c-scripting-core] [0mCreating script environments for qbr-hud
[38;5;83m[           resources] Started resource qbr-hud
[    c-scripting-core] Creating script environments for qbr-hunting
[           resources] Started resource qbr-hunting
[           resources] Started resource qbr-input
[           resources] Started resource qbr-interiors
[    c-scripting-core] Creating script environments for qbr-inventory
[           resources] [0mStarted resource qbr-inventory
[           resources] Started resource qbr-lockpick
[    c-scripting-core] Creating script environments for qbr-management
[38;5;83m[           resources] Started resource qbr-management
[           resources] Started resource qbr-menu
[38;5;161m[    c-scripting-core] Creating script environments for qbr-mining
[           resources] Started resource qbr-mining
[    c-scripting-core] [0mCreating script environments for qbr-spawn
[38;5;83m[           resources] Started resource qbr-spawn
[    c-scripting-core] Creating script environments for qbr-multicharacter
[38;5;83m[           resources] Started resource qbr-multicharacter
[38;5;161m[    c-scripting-core] Creating script environments for qbr-policejob
[38;5;83m[           resources] Started resource qbr-policejob
[    c-scripting-core] Creating script environments for qbr-scoreboard
[           resources] Started resource qbr-scoreboard
[    c-scripting-core] Creating script environments for qbr-shops
[           resources] Started resource qbr-shops
[    c-scripting-core] Creating script environments for qbr-smallresources
[           resources] Started resource qbr-smallresources
[    c-scripting-core] Creating script environments for qbr-stable
[           resources] [0mStarted resource qbr-stable
[           resources] Started resource qbr-target
[    c-scripting-core] Creating script environments for qbr-weapons
[           resources] [0mStarted resource qbr-weapons
[    c-scripting-core] Creating script environments for qbr-weathersync
[           resources] Started resource qbr-weathersync
[         script:yarn] [0m[yarn]	yarn install v1.22.5
[         script:yarn] [1/4] Resolving packages...
[         script:yarn] [2/4] Fetching packages...
[         script:yarn] [yarn]	yarn install v1.22.5
[         script:yarn] Error: [yarn]	warning Waiting for the other yarn instance to finish (pid undefined, inside undefined)
[   script:mapmanager] Started map redm-map-one
[           resources] Started resource redm-map-one
[      script:oxmysql] [10.4.32-MariaDB] Database server connection established!
[ citizen-server-impl] [0m        fff                          
[ citizen-server-impl]   cccc ff   xx  xx     rr rr    eee  
[ citizen-server-impl] cc     ffff   xx       rrr  r ee   e 
[ citizen-server-impl] cc     ff     xx   ... rr     eeeee  
[ citizen-server-impl]  ccccc ff   xx  xx ... rr      eeeee 
[ citizen-server-impl]                                      
[ citizen-server-impl] Authenticated with cfx.re Nucleus: https://allsides-dp48zy.users.cfx.re/
[         script:yarn] [yarn]	[3/4] Linking dependencies...
[         script:yarn] [0m[yarn]	[4/4] Building fresh packages...
[         script:yarn] Error: [yarn]	warning Ignored scripts due to flag.
[         script:yarn] [yarn]	Done in 2.32s.
[ citizen-server-impl] Build tasks completed - starting resource sessionmanager-rdr3.
[    c-scripting-core] Creating script environments for sessionmanager-rdr3
[           resources] Started resource sessionmanager-rdr3
[ citizen-server-impl] server thread hitch warning: timer interval of 665 milliseconds
[38;5;151m[         script:yarn] yarn is currently busy: we are waiting to compile webpack
[         script:yarn] [yarn]	[1/4] Resolving packages...
[         script:yarn] success Already up-to-date.
[         script:yarn] Done in 2.40s.
[ citizen-server-impl] Build tasks completed - starting resource sessionmanager-rdr3.
[         script:yarn] [yarn]	yarn install v1.22.5
[38;5;151m[         script:yarn] [yarn]	info No lockfile found.
[38;5;151m[         script:yarn] [yarn]	[1/4] Resolving packages...
[         script:yarn] [yarn]	[2/4] Fetching packages...
[         script:yarn] [yarn]	[3/4] Linking dependencies...
[         script:yarn] [yarn]	[4/4] Building fresh packages...
[         script:yarn] Error: [yarn]	warning Ignored scripts due to flag.
[         script:yarn] [yarn]	success Saved lockfile.
[         script:yarn] [yarn]	Done in 0.19s.
[ citizen-server-impl] Build tasks completed - starting resource monitor.
[38;5;161m[    c-scripting-core] Creating script environments for monitor
[      script:monitor] [0m[txAdmin] Resource v6.0.2 threads and commands set up. All Ready.
[           resources] [97mStarted resource monitor
[ citizen-server-impl] server thread hitch warning: timer interval of 168 milliseconds
[         script:yarn] [0m[yarn]	yarn install v1.22.5
[38;5;151m[         script:yarn] [yarn]	[1/4] Resolving packages...
[         script:yarn] [yarn]	[2/4] Fetching packages...
[         script:yarn] [yarn]	info fsevents@2.3.1: The platform "win32" is incompatible with this module.
[         script:yarn] [yarn]	info "fsevents@2.3.1" is an optional dependency and failed compatibility check. Excluding it from installation.
[         script:yarn] [yarn]	info fsevents@1.2.13: The platform "win32" is incompatible with this module.
[         script:yarn] info "fsevents@1.2.13" is an optional dependency and failed compatibility check. Excluding it from installation.
[         script:yarn] [yarn]	[3/4] Linking dependencies...
[         script:yarn] [yarn]	[4/4] Building fresh packages...
[         script:yarn] Error: [yarn]	warning Ignored scripts due to flag.
[         script:yarn] [yarn]	Done in 35.46s.
[ citizen-server-impl] Build tasks completed - starting resource webpack.
[    c-scripting-core] Creating script environments for webpack
[ citizen-server-impl] Running build tasks on resource chat - it'll restart once completed.
[38;5;83m[           resources] Started resource webpack
[ citizen-server-impl] server thread hitch warning: timer interval of 267 milliseconds
[         script:yarn] [0m[yarn]	yarn install v1.22.5
[         script:yarn] [0m[yarn]	[1/4] Resolving packages...
[38;5;151m[         script:yarn] [yarn]	[2/4] Fetching packages...
[ citizen-server-impl] sync thread hitch warning: timer interval of 110 milliseconds
[         script:yarn] [0m[yarn]	info fsevents@1.2.11: The platform "win32" is incompatible with this module.
[         script:yarn] [yarn]	info "fsevents@1.2.11" is an optional dependency and failed compatibility check. Excluding it from installation.
[38;5;151m[         script:yarn] [yarn]	[3/4] Linking dependencies...
[         script:yarn] [yarn]	[4/4] Building fresh packages...
[         script:yarn] Error: [yarn]	warning Ignored scripts due to flag.
[         script:yarn] [yarn]	Done in 81.97s.
[      script:webpack] [0mchat: started building webpack.config.js
[ citizen-server-impl] server thread hitch warning: timer interval of 14009 milliseconds
[38;5;21m[      script:webpack] chat: built webpack.config.js
[ citizen-server-impl] Build tasks completed - starting resource chat.
[38;5;161m[    c-scripting-core] Creating script environments for chat
[           resources] Started resource chat
[ citizen-server-impl] server thread hitch warning: timer interval of 360 milliseconds
[ citizen-server-impl] Server list query returned an error: System.Threading.Tasks.TaskCanceledException: A task was canceled. <- System.TimeoutException: A task was canceled. <- System.Threading.Tasks.TaskCanceledException: The request was canceled due to the configured HttpClient.Timeout of 30 seconds elapsing.
[ citizen-server-impl] Server list query returned an error: System.Threading.Tasks.TaskCanceledException: A task was canceled. <- System.TimeoutException: A task was canceled. <- System.Threading.Tasks.TaskCanceledException: The request was canceled due to the configured HttpClient.Timeout of 30 seconds elapsing.
[ citizen-server-impl] [91mServer list query returned an error: System.Threading.Tasks.TaskCanceledException: A task was canceled. <- System.TimeoutException: A task was canceled. <- System.Threading.Tasks.TaskCanceledException: The request was canceled due to the configured HttpClient.Timeout of 30 seconds elapsing.
[ citizen-server-impl] sync thread hitch warning: timer interval of 112 milliseconds
[ citizen-server-impl] server thread hitch warning: timer interval of 208 milliseconds
[ citizen-server-impl] sync thread hitch warning: timer interval of 159 milliseconds
[ citizen-server-impl] network thread hitch warning: timer interval of 160 milliseconds
[ citizen-server-impl] server thread hitch warning: timer interval of 192 milliseconds
[ citizen-server-impl] sync thread hitch warning: timer interval of 149 milliseconds
[ citizen-server-impl] network thread hitch warning: timer interval of 164 milliseconds
[ citizen-server-impl] server thread hitch warning: timer interval of 169 milliseconds
[ citizen-server-impl] Server list query returned an error: System.Threading.Tasks.TaskCanceledException: A task was canceled. <- System.TimeoutException: A task was canceled. <- System.Threading.Tasks.TaskCanceledException: The request was canceled due to the configured HttpClient.Timeout of 30 seconds elapsing.
[ citizen-server-impl] sync thread hitch warning: timer interval of 115 milliseconds
[ citizen-server-impl] server thread hitch warning: timer interval of 207 milliseconds
[ citizen-server-impl] sync thread hitch warning: timer interval of 110 milliseconds
[ citizen-server-impl] sync thread hitch warning: timer interval of 124 milliseconds
[ citizen-server-impl] server thread hitch warning: timer interval of 153 milliseconds
[ citizen-server-impl] sync thread hitch warning: timer interval of 104 milliseconds
[ citizen-server-impl] server thread hitch warning: timer interval of 168 milliseconds
[ citizen-server-impl] sync thread hitch warning: timer interval of 149 milliseconds
[ citizen-server-impl] server thread hitch warning: timer interval of 226 milliseconds
[ citizen-server-impl] sync thread hitch warning: timer interval of 145 milliseconds
[ citizen-server-impl] Server list query returned an error: System.Threading.Tasks.TaskCanceledException: A task was canceled. <- System.TimeoutException: A task was canceled. <- System.Threading.Tasks.TaskCanceledException: The request was canceled due to the configured HttpClient.Timeout of 30 seconds elapsing.
[ citizen-server-impl] sync thread hitch warning: timer interval of 149 milliseconds
[ citizen-server-impl] server thread hitch warning: timer interval of 164 milliseconds
> txaEvent "serverShuttingDown" "{＂delay＂:5000,＂author＂:＂allsides＂,＂message＂:＂Server restarting (requested by allsides).＂}"
[      script:monitor] [txAdmin] Server shutdown imminent. Kicking all players.

================================================================
======== FXServer Starting - 06/01/2024 01:23:28                
================================================================
[           resources] [0mScanning resources.
[resources:qbr-moonsh] Warning: qbr-moonshine does not have a resource manifest (fxmanifest.lua)
[           resources] Found 61 resources.[0m
[           resources] 1 warning was encountered.
[          svadhesive] Authenticating server license key...
[38;5;66m[          svadhesive] Server license key authentication succeeded. Welcome!
[    c-scripting-core] Creating script environments for yarn
[           resources] [0mStarted resource yarn
[    c-scripting-core] Creating script environments for sessionmanager-rdr3
[           resources] Started resource sessionmanager-rdr3
[    c-scripting-core] Creating script environments for monitor
[      script:monitor] [txAdmin] Resource v6.0.2 threads and commands set up. All Ready.
[           resources] Started resource monitor
[    c-scripting-core] Creating script environments for mapmanager
[           resources] [0mStarted resource mapmanager
[    c-scripting-core] Creating script environments for webpack
[38;5;83m[           resources] Started resource webpack
[    c-scripting-core] Creating script environments for chat
[           resources] Started resource chat
[38;5;83m[           resources] Started resource spawnmanager
[   script:mapmanager] Started gametype Freeroam
[           resources] Started resource basic-gamemode
[    c-scripting-core] Creating script environments for hardcap
[           resources] Started resource hardcap
[    c-scripting-core] [0mCreating script environments for oxmysql
[           resources] Started resource oxmysql
[    c-scripting-core] Creating script environments for qbr-core
[           resources] Started resource qbr-core
[    c-scripting-core] [0mCreating script environments for PolyZone
[  resources:PolyZone] Warning: could not find client_script `creation/client/*.lua` (defined in fxmanifest.lua:9)
[  resources:PolyZone] Warning: could not find server_script `creation/server/*.lua` (defined in fxmanifest.lua:18)
[           resources] Started resource PolyZone (2 warnings)
[    c-scripting-core] Creating script environments for connectqueue
[ script:connectqueue] QUEUE:  [connectqueue] Disabling hardcap 
[           resources] Stopping resource hardcap
[           resources] Started resource connectqueue
[           resources] Started resource mediccamp
[38;5;83m[           resources] Started resource menuv
[    c-scripting-core] Creating script environments for pma-voice
[           resources] Started resource pma-voice
[           resources] Started resource progressbar
[           resources] Started resource safecracker
[    c-scripting-core] Creating script environments for qbr-adminmenu
[           resources] [0mStarted resource qbr-adminmenu
[    c-scripting-core] Creating script environments for qbr-ambulancejob
[38;5;83m[           resources] Started resource qbr-ambulancejob
[    c-scripting-core] Creating script environments for qbr-banking
[           resources] Started resource qbr-banking
[    c-scripting-core] Creating script environments for qbr-clothing
[           resources] Started resource qbr-clothing
[    c-scripting-core] Creating script environments for qbr-contraband
[           resources] Started resource qbr-contraband
[    c-scripting-core] Creating script environments for qbr-doorlock
[           resources] Started resource qbr-doorlock
[    c-scripting-core] Creating script environments for qbr-farming
[           resources] Started resource qbr-farming
[    c-scripting-core] Creating script environments for qbr-hud
[           resources] Started resource qbr-hud
[    c-scripting-core] Creating script environments for qbr-hunting
[38;5;83m[           resources] Started resource qbr-hunting
[38;5;83m[           resources] Started resource qbr-input
[           resources] Started resource qbr-interiors
[    c-scripting-core] Creating script environments for qbr-inventory
[38;5;83m[           resources] Started resource qbr-inventory
[           resources] Started resource qbr-lockpick
[    c-scripting-core] Creating script environments for qbr-management
[           resources] Started resource qbr-management
[           resources] [0mStarted resource qbr-menu
[    c-scripting-core] Creating script environments for qbr-mining
[           resources] [0mStarted resource qbr-mining
[    c-scripting-core] [0mCreating script environments for qbr-spawn
[           resources] Started resource qbr-spawn
[38;5;161m[    c-scripting-core] Creating script environments for qbr-multicharacter
[           resources] Started resource qbr-multicharacter
[    c-scripting-core] Creating script environments for qbr-policejob
[           resources] Started resource qbr-policejob
[    c-scripting-core] Creating script environments for qbr-scoreboard
[           resources] Started resource qbr-scoreboard
[    c-scripting-core] Creating script environments for qbr-shops
[           resources] Started resource qbr-shops
[    c-scripting-core] Creating script environments for qbr-smallresources
[           resources] [0mStarted resource qbr-smallresources
[    c-scripting-core] Creating script environments for qbr-stable
[           resources] [0mStarted resource qbr-stable
[           resources] Started resource qbr-target
[38;5;161m[    c-scripting-core] Creating script environments for qbr-weapons
[           resources] Started resource qbr-weapons
[    c-scripting-core] Creating script environments for qbr-weathersync
[           resources] Started resource qbr-weathersync
[38;5;154m[   script:mapmanager] Started map redm-map-one
[           resources] Started resource redm-map-one
[ citizen-server-impl] server thread hitch warning: timer interval of 155 milliseconds
[38;5;42m[      script:oxmysql] [10.4.32-MariaDB] Database server connection established!
[ citizen-server-impl]         fff                          
[ citizen-server-impl]   cccc ff   xx  xx     rr rr    eee  
[ citizen-server-impl] cc     ffff   xx       rrr  r ee   e 
[ citizen-server-impl] cc     ff     xx   ... rr     eeeee  
[ citizen-server-impl]  ccccc ff   xx  xx ... rr      eeeee 
[ citizen-server-impl]                                      
[ citizen-server-impl] Authenticated with cfx.re Nucleus: https://allsides-dp48zy.users.cfx.re/
[ citizen-server-impl] server thread hitch warning: timer interval of 170 milliseconds
[ citizen-server-impl] sync thread hitch warning: timer interval of 136 milliseconds
[ citizen-server-impl] server thread hitch warning: timer interval of 164 milliseconds
[ citizen-server-impl] sync thread hitch warning: timer interval of 124 milliseconds
[ citizen-server-impl] sync thread hitch warning: timer interval of 114 milliseconds
[ citizen-server-impl] server thread hitch warning: timer interval of 151 milliseconds
[ citizen-server-impl] sync thread hitch warning: timer interval of 113 milliseconds
[ citizen-server-impl] server thread hitch warning: timer interval of 158 milliseconds
[ citizen-server-impl] sync thread hitch warning: timer interval of 113 milliseconds
[ citizen-server-impl] [0mServer list query returned an error: System.Threading.Tasks.TaskCanceledException: A task was canceled. <- System.TimeoutException: A task was canceled. <- System.Threading.Tasks.TaskCanceledException: The request was canceled due to the configured HttpClient.Timeout of 30 seconds elapsing.
[ citizen-server-impl] sync thread hitch warning: timer interval of 108 milliseconds
[ citizen-server-impl] sync thread hitch warning: timer interval of 106 milliseconds
[ citizen-server-impl] sync thread hitch warning: timer interval of 102 milliseconds
[ citizen-server-impl] [0msync thread hitch warning: timer interval of 102 milliseconds
[ citizen-server-impl] sync thread hitch warning: timer interval of 113 milliseconds
[ citizen-server-impl] sync thread hitch warning: timer interval of 147 milliseconds
[ citizen-server-impl] server thread hitch warning: timer interval of 187 milliseconds
[ citizen-server-impl] sync thread hitch warning: timer interval of 160 milliseconds
[ citizen-server-impl] network thread hitch warning: timer interval of 168 milliseconds
[ citizen-server-impl] server thread hitch warning: timer interval of 172 milliseconds
[ citizen-server-impl] Server list query returned an error: System.Threading.Tasks.TaskCanceledException: A task was canceled. <- System.TimeoutException: A task was canceled. <- System.Threading.Tasks.TaskCanceledException: The request was canceled due to the configured HttpClient.Timeout of 30 seconds elapsing.
[ citizen-server-impl] sync thread hitch warning: timer interval of 119 milliseconds
[ citizen-server-impl] server thread hitch warning: timer interval of 158 milliseconds
[ citizen-server-impl] sync thread hitch warning: timer interval of 109 milliseconds
[ citizen-server-impl] sync thread hitch warning: timer interval of 108 milliseconds
[ citizen-server-impl] sync thread hitch warning: timer interval of 117 milliseconds
[ citizen-server-impl] sync thread hitch warning: timer interval of 131 milliseconds
[ citizen-server-impl] server thread hitch warning: timer interval of 175 milliseconds
[ citizen-server-impl] sync thread hitch warning: timer interval of 116 milliseconds
[ citizen-server-impl] network thread hitch warning: timer interval of 174 milliseconds
[ citizen-server-impl] server thread hitch warning: timer interval of 199 milliseconds
[ citizen-server-impl] server thread hitch warning: timer interval of 244 milliseconds
[ citizen-server-impl] network thread hitch warning: timer interval of 199 milliseconds
[ citizen-server-impl] sync thread hitch warning: timer interval of 196 milliseconds
[ citizen-server-impl] sync thread hitch warning: timer interval of 103 milliseconds
[ citizen-server-impl] sync thread hitch warning: timer interval of 107 milliseconds
[ citizen-server-impl] server thread hitch warning: timer interval of 186 milliseconds
[ citizen-server-impl] sync thread hitch warning: timer interval of 103 milliseconds
[ citizen-server-impl] sync thread hitch warning: timer interval of 172 milliseconds
[ citizen-server-impl] server thread hitch warning: timer interval of 183 milliseconds
[ citizen-server-impl] sync thread hitch warning: timer interval of 136 milliseconds
[ citizen-server-impl] server thread hitch warning: timer interval of 227 milliseconds
[ citizen-server-impl] server thread hitch warning: timer interval of 155 milliseconds
[ citizen-server-impl] server thread hitch warning: timer interval of 168 milliseconds
[ citizen-server-impl] sync thread hitch warning: timer interval of 120 milliseconds
[ citizen-server-impl] server thread hitch warning: timer interval of 165 milliseconds
[ citizen-server-impl] server thread hitch warning: timer interval of 188 milliseconds
[ citizen-server-impl] sync thread hitch warning: timer interval of 132 milliseconds
[ citizen-server-impl] sync thread hitch warning: timer interval of 102 milliseconds
[ citizen-server-impl] sync thread hitch warning: timer interval of 115 milliseconds
[ citizen-server-impl] server thread hitch warning: timer interval of 200 milliseconds
[ citizen-server-impl] sync thread hitch warning: timer interval of 151 milliseconds
[ citizen-server-impl] network thread hitch warning: timer interval of 151 milliseconds
[ citizen-server-impl] sync thread hitch warning: timer interval of 127 milliseconds
[ citizen-server-impl] server thread hitch warning: timer interval of 251 milliseconds
[ citizen-server-impl] sync thread hitch warning: timer interval of 138 milliseconds
[ citizen-server-impl] sync thread hitch warning: timer interval of 119 milliseconds
[ citizen-server-impl] sync thread hitch warning: timer interval of 115 milliseconds
[ citizen-server-impl] sync thread hitch warning: timer interval of 178 milliseconds
[ citizen-server-impl] network thread hitch warning: timer interval of 178 milliseconds
[ citizen-server-impl] server thread hitch warning: timer interval of 208 milliseconds
[ citizen-server-impl] sync thread hitch warning: timer interval of 113 milliseconds
[ citizen-server-impl] sync thread hitch warning: timer interval of 178 milliseconds
[ citizen-server-impl] server thread hitch warning: timer interval of 188 milliseconds
[ citizen-server-impl] sync thread hitch warning: timer interval of 101 milliseconds
[ citizen-server-impl] server thread hitch warning: timer interval of 167 milliseconds
[ citizen-server-impl] sync thread hitch warning: timer interval of 206 milliseconds
[ citizen-server-impl] server thread hitch warning: timer interval of 248 milliseconds
[ citizen-server-impl] sync thread hitch warning: timer interval of 118 milliseconds
[ citizen-server-impl] sync thread hitch warning: timer interval of 116 milliseconds
[ citizen-server-impl] sync thread hitch warning: timer interval of 111 milliseconds
[ citizen-server-impl] [0msync thread hitch warning: timer interval of 117 milliseconds
[ citizen-server-impl] sync thread hitch warning: timer interval of 150 milliseconds
[ citizen-server-impl] sync thread hitch warning: timer interval of 113 milliseconds
[ citizen-server-impl] sync thread hitch warning: timer interval of 346 milliseconds
[ citizen-server-impl] network thread hitch warning: timer interval of 365 milliseconds
[ citizen-server-impl] server thread hitch warning: timer interval of 365 milliseconds
[ citizen-server-impl] sync thread hitch warning: timer interval of 112 milliseconds
[ citizen-server-impl] server thread hitch warning: timer interval of 165 milliseconds
[ citizen-server-impl] sync thread hitch warning: timer interval of 144 milliseconds
[ citizen-server-impl] server thread hitch warning: timer interval of 162 milliseconds
[ citizen-server-impl] sync thread hitch warning: timer interval of 151 milliseconds
[ citizen-server-impl] server thread hitch warning: timer interval of 179 milliseconds
[ citizen-server-impl] sync thread hitch warning: timer interval of 208 milliseconds
[ citizen-server-impl] network thread hitch warning: timer interval of 217 milliseconds
[ citizen-server-impl] server thread hitch warning: timer interval of 247 milliseconds
[ citizen-server-impl] [0mServer list query returned an error: System.Threading.Tasks.TaskCanceledException: A task was canceled. <- System.TimeoutException: A task was canceled. <- System.Threading.Tasks.TaskCanceledException: The request was canceled due to the configured HttpClient.Timeout of 30 seconds elapsing.
[ citizen-server-impl] sync thread hitch warning: timer interval of 134 milliseconds
[ citizen-server-impl] server thread hitch warning: timer interval of 153 milliseconds
[ citizen-server-impl] sync thread hitch warning: timer interval of 110 milliseconds
[ citizen-server-impl] sync thread hitch warning: timer interval of 105 milliseconds
[38;5;73m[ citizen-server-impl] network thread hitch warning: timer interval of 295 milliseconds
[38;5;73m[ citizen-server-impl] sync thread hitch warning: timer interval of 321 milliseconds
[ citizen-server-impl] server thread hitch warning: timer interval of 341 milliseconds
[ citizen-server-impl] network thread hitch warning: timer interval of 164 milliseconds
[ citizen-server-impl] sync thread hitch warning: timer interval of 154 milliseconds
[ citizen-server-impl] server thread hitch warning: timer interval of 188 milliseconds
[ citizen-server-impl] sync thread hitch warning: timer interval of 196 milliseconds
[ citizen-server-impl] network thread hitch warning: timer interval of 196 milliseconds
[ citizen-server-impl] server thread hitch warning: timer interval of 199 milliseconds
[ citizen-server-impl] server thread hitch warning: timer interval of 174 milliseconds
[ citizen-server-impl] sync thread hitch warning: timer interval of 120 milliseconds
[ citizen-server-impl] sync thread hitch warning: timer interval of 185 milliseconds
[ citizen-server-impl] network thread hitch warning: timer interval of 190 milliseconds
[ citizen-server-impl] server thread hitch warning: timer interval of 325 milliseconds
[ citizen-server-impl] sync thread hitch warning: timer interval of 228 milliseconds
[ citizen-server-impl] server thread hitch warning: timer interval of 207 milliseconds
[ citizen-server-impl] [0msync thread hitch warning: timer interval of 117 milliseconds
[ citizen-server-impl] server thread hitch warning: timer interval of 162 milliseconds
[ citizen-server-impl] sync thread hitch warning: timer interval of 149 milliseconds
[ citizen-server-impl] [0mserver thread hitch warning: timer interval of 183 milliseconds
[38;5;73m[ citizen-server-impl] [0msync thread hitch warning: timer interval of 116 milliseconds
[ citizen-server-impl] server thread hitch warning: timer interval of 183 milliseconds
[ citizen-server-impl] sync thread hitch warning: timer interval of 136 milliseconds
[ citizen-server-impl] sync thread hitch warning: timer interval of 117 milliseconds
[ citizen-server-impl] sync thread hitch warning: timer interval of 129 milliseconds
[ citizen-server-impl] server thread hitch warning: timer interval of 165 milliseconds
[ citizen-server-impl] server thread hitch warning: timer interval of 195 milliseconds
[ citizen-server-impl] sync thread hitch warning: timer interval of 152 milliseconds
[ citizen-server-impl] network thread hitch warning: timer interval of 152 milliseconds
[ citizen-server-impl] sync thread hitch warning: timer interval of 115 milliseconds
[ citizen-server-impl] sync thread hitch warning: timer interval of 102 milliseconds
[ citizen-server-impl] sync thread hitch warning: timer interval of 116 milliseconds
[ citizen-server-impl] server thread hitch warning: timer interval of 151 milliseconds
[ citizen-server-impl] network thread hitch warning: timer interval of 151 milliseconds
[ citizen-server-impl] sync thread hitch warning: timer interval of 146 milliseconds
[ citizen-server-impl] server thread hitch warning: timer interval of 184 milliseconds
[ citizen-server-impl] network thread hitch warning: timer interval of 169 milliseconds
[ citizen-server-impl] server thread hitch warning: timer interval of 221 milliseconds
[ citizen-server-impl] network thread hitch warning: timer interval of 181 milliseconds
[ citizen-server-impl] sync thread hitch warning: timer interval of 181 milliseconds
[ citizen-server-impl] server thread hitch warning: timer interval of 163 milliseconds
[ citizen-server-impl] sync thread hitch warning: timer interval of 128 milliseconds
[ citizen-server-impl] server thread hitch warning: timer interval of 321 milliseconds
[ citizen-server-impl] network thread hitch warning: timer interval of 261 milliseconds
[38;5;73m[ citizen-server-impl] sync thread hitch warning: timer interval of 262 milliseconds
[38;5;73m[ citizen-server-impl] server thread hitch warning: timer interval of 179 milliseconds
[ citizen-server-impl] server thread hitch warning: timer interval of 181 milliseconds
[ citizen-server-impl] server thread hitch warning: timer interval of 199 milliseconds
[ citizen-server-impl] sync thread hitch warning: timer interval of 101 milliseconds
[ citizen-server-impl] network thread hitch warning: timer interval of 170 milliseconds
[ citizen-server-impl] sync thread hitch warning: timer interval of 171 milliseconds
[ citizen-server-impl] server thread hitch warning: timer interval of 188 milliseconds
[ citizen-server-impl] network thread hitch warning: timer interval of 370 milliseconds
[ citizen-server-impl] sync thread hitch warning: timer interval of 391 milliseconds
[ citizen-server-impl] server thread hitch warning: timer interval of 406 milliseconds
[ citizen-server-impl] sync thread hitch warning: timer interval of 124 milliseconds
[38;5;73m[ citizen-server-impl] sync thread hitch warning: timer interval of 139 milliseconds
[ citizen-server-impl] server thread hitch warning: timer interval of 190 milliseconds
[ citizen-server-impl] server thread hitch warning: timer interval of 305 milliseconds
[ citizen-server-impl] [0mserver thread hitch warning: timer interval of 195 milliseconds
[ citizen-server-impl] [0mserver thread hitch warning: timer interval of 284 milliseconds
[ citizen-server-impl] server thread hitch warning: timer interval of 287 milliseconds
[38;5;73m[ citizen-server-impl] network thread hitch warning: timer interval of 159 milliseconds
[ citizen-server-impl] server thread hitch warning: timer interval of 158 milliseconds
[ citizen-server-impl] network thread hitch warning: timer interval of 171 milliseconds
[ citizen-server-impl] server thread hitch warning: timer interval of 172 milliseconds
[ citizen-server-impl] server thread hitch warning: timer interval of 191 milliseconds
[ citizen-server-impl] network thread hitch warning: timer interval of 165 milliseconds
[ citizen-server-impl] server thread hitch warning: timer interval of 203 milliseconds
[ citizen-server-impl] server thread hitch warning: timer interval of 177 milliseconds
[ citizen-server-impl] server thread hitch warning: timer interval of 245 milliseconds
[ citizen-server-impl] network thread hitch warning: timer interval of 193 milliseconds
[ citizen-server-impl] server thread hitch warning: timer interval of 157 milliseconds
[38;5;73m[ citizen-server-impl] server thread hitch warning: timer interval of 197 milliseconds
[ citizen-server-impl] network thread hitch warning: timer interval of 239 milliseconds
[ citizen-server-impl] network thread hitch warning: timer interval of 187 milliseconds
[ citizen-server-impl] [0mnetwork thread hitch warning: timer interval of 155 milliseconds
[ citizen-server-impl] network thread hitch warning: timer interval of 185 milliseconds
[ citizen-server-impl] sync thread hitch warning: timer interval of 196 milliseconds
[ citizen-server-impl] sync thread hitch warning: timer interval of 140 milliseconds
[ citizen-server-impl] network thread hitch warning: timer interval of 167 milliseconds
[ citizen-server-impl] sync thread hitch warning: timer interval of 170 milliseconds
[ citizen-server-impl] server thread hitch warning: timer interval of 187 milliseconds
[38;5;73m[ citizen-server-impl] sync thread hitch warning: timer interval of 183 milliseconds
[ citizen-server-impl] network thread hitch warning: timer interval of 184 milliseconds
[ citizen-server-impl] server thread hitch warning: timer interval of 195 milliseconds
[ citizen-server-impl] sync thread hitch warning: timer interval of 163 milliseconds
[ citizen-server-impl] server thread hitch warning: timer interval of 209 milliseconds
[ citizen-server-impl] network thread hitch warning: timer interval of 163 milliseconds
[ citizen-server-impl] [0mserver thread hitch warning: timer interval of 155 milliseconds
[ citizen-server-impl] server thread hitch warning: timer interval of 181 milliseconds
[ citizen-server-impl] server thread hitch warning: timer interval of 156 milliseconds
[ citizen-server-impl] network thread hitch warning: timer interval of 170 milliseconds
[ citizen-server-impl] [0mserver thread hitch warning: timer interval of 195 milliseconds
[ citizen-server-impl] server thread hitch warning: timer interval of 329 milliseconds
[ citizen-server-impl] network thread hitch warning: timer interval of 298 milliseconds
[ citizen-server-impl] sync thread hitch warning: timer interval of 169 milliseconds
[ citizen-server-impl] network thread hitch warning: timer interval of 183 milliseconds
[ citizen-server-impl] server thread hitch warning: timer interval of 217 milliseconds
[ citizen-server-impl] sync thread hitch warning: timer interval of 107 milliseconds
[ citizen-server-impl] server thread hitch warning: timer interval of 211 milliseconds
[ citizen-server-impl] sync thread hitch warning: timer interval of 151 milliseconds
[ citizen-server-impl] network thread hitch warning: timer interval of 151 milliseconds
[ citizen-server-impl] [91mServer list query returned an error: System.Threading.Tasks.TaskCanceledException: A task was canceled. <- System.TimeoutException: A task was canceled. <- System.Threading.Tasks.TaskCanceledException: The request was canceled due to the configured HttpClient.Timeout of 30 seconds elapsing.[0m
[ citizen-server-impl] sync thread hitch warning: timer interval of 109 milliseconds
[ citizen-server-impl] sync thread hitch warning: timer interval of 133 milliseconds
[ citizen-server-impl] sync thread hitch warning: timer interval of 101 milliseconds
[ citizen-server-impl] sync thread hitch warning: timer interval of 116 milliseconds
[ citizen-server-impl] network thread hitch warning: timer interval of 163 milliseconds
[ citizen-server-impl] sync thread hitch warning: timer interval of 168 milliseconds
[ citizen-server-impl] server thread hitch warning: timer interval of 179 milliseconds
[ citizen-server-impl] sync thread hitch warning: timer interval of 111 milliseconds
[ citizen-server-impl] server thread hitch warning: timer interval of 155 milliseconds
[ citizen-server-impl] sync thread hitch warning: timer interval of 108 milliseconds
[ citizen-server-impl] server thread hitch warning: timer interval of 157 milliseconds
[38;5;73m[ citizen-server-impl] sync thread hitch warning: timer interval of 108 milliseconds
[ citizen-server-impl] sync thread hitch warning: timer interval of 159 milliseconds
[ citizen-server-impl] network thread hitch warning: timer interval of 164 milliseconds
[ citizen-server-impl] server thread hitch warning: timer interval of 192 milliseconds
[ citizen-server-impl] [0mserver thread hitch warning: timer interval of 298 milliseconds
[ citizen-server-impl] sync thread hitch warning: timer interval of 247 milliseconds
[ citizen-server-impl] sync thread hitch warning: timer interval of 109 milliseconds
[ citizen-server-impl] sync thread hitch warning: timer interval of 120 milliseconds
[ citizen-server-impl] server thread hitch warning: timer interval of 164 milliseconds
[38;5;73m[ citizen-server-impl] server thread hitch warning: timer interval of 213 milliseconds
[ citizen-server-impl] [0m[0msync thread hitch warning: timer interval of 243 milliseconds
[ citizen-server-impl] sync thread hitch warning: timer interval of 135 milliseconds
[ citizen-server-impl] sync thread hitch warning: timer interval of 103 milliseconds
[ citizen-server-impl] sync thread hitch warning: timer interval of 118 milliseconds
[ citizen-server-impl] server thread hitch warning: timer interval of 197 milliseconds
[ citizen-server-impl] sync thread hitch warning: timer interval of 119 milliseconds
[ citizen-server-impl] sync thread hitch warning: timer interval of 132 milliseconds
[ citizen-server-impl] server thread hitch warning: timer interval of 213 milliseconds
[ citizen-server-impl] sync thread hitch warning: timer interval of 148 milliseconds
[ citizen-server-impl] server thread hitch warning: timer interval of 177 milliseconds
[ citizen-server-impl] network thread hitch warning: timer interval of 236 milliseconds
[ citizen-server-impl] server thread hitch warning: timer interval of 278 milliseconds
[ citizen-server-impl] server thread hitch warning: timer interval of 185 milliseconds
[ citizen-server-impl] server thread hitch warning: timer interval of 179 milliseconds
[ citizen-server-impl] server thread hitch warning: timer interval of 166 milliseconds
[ citizen-server-impl] server thread hitch warning: timer interval of 185 milliseconds
[ citizen-server-impl] [0msync thread hitch warning: timer interval of 115 milliseconds
[ citizen-server-impl] sync thread hitch warning: timer interval of 151 milliseconds
[ citizen-server-impl] server thread hitch warning: timer interval of 184 milliseconds
[ citizen-server-impl] [0msync thread hitch warning: timer interval of 117 milliseconds
[ citizen-server-impl] sync thread hitch warning: timer interval of 110 milliseconds
[ citizen-server-impl] network thread hitch warning: timer interval of 154 milliseconds
[ citizen-server-impl] sync thread hitch warning: timer interval of 154 milliseconds
[ citizen-server-impl] server thread hitch warning: timer interval of 202 milliseconds
[ citizen-server-impl] server thread hitch warning: timer interval of 152 milliseconds
[ citizen-server-impl] sync thread hitch warning: timer interval of 102 milliseconds
[ citizen-server-impl] server thread hitch warning: timer interval of 169 milliseconds
[ citizen-server-impl] sync thread hitch warning: timer interval of 135 milliseconds
[ citizen-server-impl] network thread hitch warning: timer interval of 158 milliseconds
[38;5;73m[ citizen-server-impl] sync thread hitch warning: timer interval of 153 milliseconds
[ citizen-server-impl] network thread hitch warning: timer interval of 159 milliseconds
[ citizen-server-impl] server thread hitch warning: timer interval of 185 milliseconds
[ citizen-server-impl] sync thread hitch warning: timer interval of 143 milliseconds
[ citizen-server-impl] server thread hitch warning: timer interval of 176 milliseconds
[ citizen-server-impl] sync thread hitch warning: timer interval of 114 milliseconds
[ citizen-server-impl] server thread hitch warning: timer interval of 174 milliseconds
[ citizen-server-impl] sync thread hitch warning: timer interval of 127 milliseconds
[ citizen-server-impl] [0mserver thread hitch warning: timer interval of 327 milliseconds
[ citizen-server-impl] network thread hitch warning: timer interval of 289 milliseconds
[ citizen-server-impl] sync thread hitch warning: timer interval of 283 milliseconds
[ citizen-server-impl] sync thread hitch warning: timer interval of 145 milliseconds
[ citizen-server-impl] sync thread hitch warning: timer interval of 102 milliseconds
[38;5;73m[ citizen-server-impl] sync thread hitch warning: timer interval of 151 milliseconds
[ citizen-server-impl] sync thread hitch warning: timer interval of 168 milliseconds
[ citizen-server-impl] network thread hitch warning: timer interval of 168 milliseconds
[ citizen-server-impl] sync thread hitch warning: timer interval of 129 milliseconds
[ citizen-server-impl] sync thread hitch warning: timer interval of 130 milliseconds
[ citizen-server-impl] sync thread hitch warning: timer interval of 103 milliseconds
[ citizen-server-impl] network thread hitch warning: timer interval of 167 milliseconds
[ citizen-server-impl] sync thread hitch warning: timer interval of 157 milliseconds
[ citizen-server-impl] sync thread hitch warning: timer interval of 118 milliseconds
[ citizen-server-impl] sync thread hitch warning: timer interval of 110 milliseconds
[ citizen-server-impl] sync thread hitch warning: timer interval of 147 milliseconds
[ citizen-server-impl] server thread hitch warning: timer interval of 245 milliseconds
[ citizen-server-impl] sync thread hitch warning: timer interval of 170 milliseconds
[ citizen-server-impl] network thread hitch warning: timer interval of 172 milliseconds
[ citizen-server-impl] sync thread hitch warning: timer interval of 166 milliseconds
[ citizen-server-impl] network thread hitch warning: timer interval of 167 milliseconds
[38;5;73m[ citizen-server-impl] sync thread hitch warning: timer interval of 129 milliseconds
[ citizen-server-impl] network thread hitch warning: timer interval of 204 milliseconds
[ citizen-server-impl] network thread hitch warning: timer interval of 166 milliseconds
[ citizen-server-impl] network thread hitch warning: timer interval of 158 milliseconds
[ citizen-server-impl] network thread hitch warning: timer interval of 168 milliseconds
[ citizen-server-impl] sync thread hitch warning: timer interval of 133 milliseconds
[ citizen-server-impl] network thread hitch warning: timer interval of 167 milliseconds
[ citizen-server-impl] server thread hitch warning: timer interval of 196 milliseconds
[ citizen-server-impl] sync thread hitch warning: timer interval of 118 milliseconds
[ citizen-server-impl] server thread hitch warning: timer interval of 152 milliseconds
[ citizen-server-impl] server thread hitch warning: timer interval of 228 milliseconds
[ citizen-server-impl] server thread hitch warning: timer interval of 166 milliseconds
[ citizen-server-impl] network thread hitch warning: timer interval of 153 milliseconds
[ citizen-server-impl] server thread hitch warning: timer interval of 224 milliseconds
[ citizen-server-impl] network thread hitch warning: timer interval of 165 milliseconds
[ citizen-server-impl] network thread hitch warning: timer interval of 189 milliseconds
[ citizen-server-impl] sync thread hitch warning: timer interval of 159 milliseconds
[ citizen-server-impl] sync thread hitch warning: timer interval of 119 milliseconds
[ citizen-server-impl] sync thread hitch warning: timer interval of 170 milliseconds
[ citizen-server-impl] network thread hitch warning: timer interval of 174 milliseconds
[ citizen-server-impl] server thread hitch warning: timer interval of 178 milliseconds
[ citizen-server-impl] sync thread hitch warning: timer interval of 127 milliseconds
[ citizen-server-impl] server thread hitch warning: timer interval of 167 milliseconds
[ citizen-server-impl] sync thread hitch warning: timer interval of 107 milliseconds
[ citizen-server-impl] sync thread hitch warning: timer interval of 112 milliseconds
[ citizen-server-impl] [0mServer list query returned an error: System.Threading.Tasks.TaskCanceledException: A task was canceled. <- System.TimeoutException: A task was canceled. <- System.Threading.Tasks.TaskCanceledException: The request was canceled due to the configured HttpClient.Timeout of 30 seconds elapsing.
[ citizen-server-impl] sync thread hitch warning: timer interval of 164 milliseconds
[ citizen-server-impl] network thread hitch warning: timer interval of 165 milliseconds
[ citizen-server-impl] server thread hitch warning: timer interval of 256 milliseconds
[ citizen-server-impl] sync thread hitch warning: timer interval of 101 milliseconds
[ citizen-server-impl] sync thread hitch warning: timer interval of 107 milliseconds
[38;5;73m[ citizen-server-impl] sync thread hitch warning: timer interval of 123 milliseconds
[ citizen-server-impl] sync thread hitch warning: timer interval of 113 milliseconds
[ citizen-server-impl] sync thread hitch warning: timer interval of 158 milliseconds
[ citizen-server-impl] network thread hitch warning: timer interval of 165 milliseconds
[ citizen-server-impl] server thread hitch warning: timer interval of 160 milliseconds
[ citizen-server-impl] sync thread hitch warning: timer interval of 181 milliseconds
[ citizen-server-impl] server thread hitch warning: timer interval of 222 milliseconds
[ citizen-server-impl] network thread hitch warning: timer interval of 169 milliseconds
[ citizen-server-impl] sync thread hitch warning: timer interval of 118 milliseconds
[ citizen-server-impl] sync thread hitch warning: timer interval of 101 milliseconds
[ citizen-server-impl] sync thread hitch warning: timer interval of 134 milliseconds
[ citizen-server-impl] server thread hitch warning: timer interval of 269 milliseconds
[ citizen-server-impl] network thread hitch warning: timer interval of 176 milliseconds
[ citizen-server-impl] sync thread hitch warning: timer interval of 176 milliseconds
[ citizen-server-impl] sync thread hitch warning: timer interval of 101 milliseconds
[ citizen-server-impl] sync thread hitch warning: timer interval of 140 milliseconds
[ citizen-server-impl] server thread hitch warning: timer interval of 200 milliseconds
[ citizen-server-impl] server thread hitch warning: timer interval of 246 milliseconds
[ citizen-server-impl] network thread hitch warning: timer interval of 201 milliseconds
[38;5;73m[ citizen-server-impl] sync thread hitch warning: timer interval of 201 milliseconds
[38;5;73m[ citizen-server-impl] network thread hitch warning: timer interval of 243 milliseconds
[ citizen-server-impl] [0msync thread hitch warning: timer interval of 244 milliseconds
[ citizen-server-impl] server thread hitch warning: timer interval of 299 milliseconds
[ citizen-server-impl] sync thread hitch warning: timer interval of 137 milliseconds
[ citizen-server-impl] sync thread hitch warning: timer interval of 101 milliseconds
[ citizen-server-impl] network thread hitch warning: timer interval of 171 milliseconds
[ citizen-server-impl] sync thread hitch warning: timer interval of 131 milliseconds
[ citizen-server-impl] sync thread hitch warning: timer interval of 191 milliseconds
[ citizen-server-impl] server thread hitch warning: timer interval of 261 milliseconds
[ citizen-server-impl] server thread hitch warning: timer interval of 156 milliseconds
[ citizen-server-impl] server thread hitch warning: timer interval of 321 milliseconds
[ citizen-server-impl] server thread hitch warning: timer interval of 152 milliseconds
[ citizen-server-impl] server thread hitch warning: timer interval of 156 milliseconds
[ citizen-server-impl] [0mnetwork thread hitch warning: timer interval of 202 milliseconds
[ citizen-server-impl] network thread hitch warning: timer interval of 168 milliseconds
[ citizen-server-impl] network thread hitch warning: timer interval of 180 milliseconds
[ citizen-server-impl] sync thread hitch warning: timer interval of 109 milliseconds
[ citizen-server-impl] sync thread hitch warning: timer interval of 119 milliseconds
[ citizen-server-impl] [91mServer list query returned an error: System.Threading.Tasks.TaskCanceledException: A task was canceled. <- System.TimeoutException: A task was canceled. <- System.Threading.Tasks.TaskCanceledException: The request was canceled due to the configured HttpClient.Timeout of 30 seconds elapsing.
[ citizen-server-impl] server thread hitch warning: timer interval of 169 milliseconds
[ citizen-server-impl] sync thread hitch warning: timer interval of 112 milliseconds
[38;5;73m[ citizen-server-impl] sync thread hitch warning: timer interval of 101 milliseconds
[ citizen-server-impl] sync thread hitch warning: timer interval of 116 milliseconds
[ citizen-server-impl] network thread hitch warning: timer interval of 151 milliseconds
[ citizen-server-impl] sync thread hitch warning: timer interval of 151 milliseconds
[ citizen-server-impl] [0mserver thread hitch warning: timer interval of 179 milliseconds
[ citizen-server-impl] sync thread hitch warning: timer interval of 156 milliseconds
[ citizen-server-impl] server thread hitch warning: timer interval of 200 milliseconds
[ citizen-server-impl] network thread hitch warning: timer interval of 166 milliseconds
[ citizen-server-impl] sync thread hitch warning: timer interval of 128 milliseconds
[ citizen-server-impl] server thread hitch warning: timer interval of 157 milliseconds
[ citizen-server-impl] sync thread hitch warning: timer interval of 126 milliseconds
[ citizen-server-impl] network thread hitch warning: timer interval of 152 milliseconds
[ citizen-server-impl] sync thread hitch warning: timer interval of 152 milliseconds
[ citizen-server-impl] server thread hitch warning: timer interval of 184 milliseconds
[ citizen-server-impl] sync thread hitch warning: timer interval of 120 milliseconds
[ citizen-server-impl] server thread hitch warning: timer interval of 185 milliseconds
[ citizen-server-impl] sync thread hitch warning: timer interval of 145 milliseconds
[ citizen-server-impl] sync thread hitch warning: timer interval of 149 milliseconds
[ citizen-server-impl] server thread hitch warning: timer interval of 167 milliseconds
[ citizen-server-impl] sync thread hitch warning: timer interval of 140 milliseconds
[38;5;73m[ citizen-server-impl] [0m[0mserver thread hitch warning: timer interval of 190 milliseconds
[ citizen-server-impl] sync thread hitch warning: timer interval of 194 milliseconds
[ citizen-server-impl] sync thread hitch warning: timer interval of 111 milliseconds
[ citizen-server-impl] Server list query returned an error: System.Threading.Tasks.TaskCanceledException: A task was canceled. <- System.TimeoutException: A task was canceled. <- System.Threading.Tasks.TaskCanceledException: The request was canceled due to the configured HttpClient.Timeout of 30 seconds elapsing.
[38;5;73m[ citizen-server-impl] sync thread hitch warning: timer interval of 119 milliseconds
[ citizen-server-impl] server thread hitch warning: timer interval of 183 milliseconds
[ citizen-server-impl] [0msync thread hitch warning: timer interval of 338 milliseconds
[ citizen-server-impl] network thread hitch warning: timer interval of 413 milliseconds
[ citizen-server-impl] [0mserver thread hitch warning: timer interval of 419 milliseconds
[38;5;73m[ citizen-server-impl] server thread hitch warning: timer interval of 379 milliseconds
[ citizen-server-impl] network thread hitch warning: timer interval of 384 milliseconds
[ citizen-server-impl] server thread hitch warning: timer interval of 203 milliseconds
[ citizen-server-impl] server thread hitch warning: timer interval of 151 milliseconds
[38;5;73m[ citizen-server-impl] [0mnetwork thread hitch warning: timer interval of 166 milliseconds
[ citizen-server-impl] server thread hitch warning: timer interval of 182 milliseconds
[ citizen-server-impl] server thread hitch warning: timer interval of 170 milliseconds
[ citizen-server-impl] sync thread hitch warning: timer interval of 102 milliseconds
[ citizen-server-impl] server thread hitch warning: timer interval of 184 milliseconds
[ citizen-server-impl] sync thread hitch warning: timer interval of 150 milliseconds
[ citizen-server-impl] sync thread hitch warning: timer interval of 103 milliseconds
[ citizen-server-impl] network thread hitch warning: timer interval of 197 milliseconds
[ citizen-server-impl] sync thread hitch warning: timer interval of 197 milliseconds
[ citizen-server-impl] server thread hitch warning: timer interval of 184 milliseconds
[ citizen-server-impl] sync thread hitch warning: timer interval of 283 milliseconds
[ citizen-server-impl] network thread hitch warning: timer interval of 283 milliseconds
[ citizen-server-impl] server thread hitch warning: timer interval of 396 milliseconds
[ citizen-server-impl] server thread hitch warning: timer interval of 168 milliseconds
[ citizen-server-impl] server thread hitch warning: timer interval of 164 milliseconds
[ citizen-server-impl] server thread hitch warning: timer interval of 288 milliseconds
[ citizen-server-impl] sync thread hitch warning: timer interval of 150 milliseconds
[ citizen-server-impl] server thread hitch warning: timer interval of 164 milliseconds
[ citizen-server-impl] network thread hitch warning: timer interval of 180 milliseconds
[ citizen-server-impl] [0msync thread hitch warning: timer interval of 181 milliseconds
[ citizen-server-impl] server thread hitch warning: timer interval of 186 milliseconds
[ citizen-server-impl] sync thread hitch warning: timer interval of 155 milliseconds
[ citizen-server-impl] [0mnetwork thread hitch warning: timer interval of 160 milliseconds
[ citizen-server-impl] [0mserver thread hitch warning: timer interval of 160 milliseconds
[ citizen-server-impl] sync thread hitch warning: timer interval of 113 milliseconds
[ citizen-server-impl] sync thread hitch warning: timer interval of 109 milliseconds
[ citizen-server-impl] sync thread hitch warning: timer interval of 152 milliseconds
[ citizen-server-impl] server thread hitch warning: timer interval of 201 milliseconds
[ citizen-server-impl] network thread hitch warning: timer interval of 170 milliseconds
[ citizen-server-impl] sync thread hitch warning: timer interval of 154 milliseconds
[ citizen-server-impl] server thread hitch warning: timer interval of 176 milliseconds
[ citizen-server-impl] Server list query returned an error: System.Threading.Tasks.TaskCanceledException: A task was canceled. <- System.TimeoutException: A task was canceled. <- System.Threading.Tasks.TaskCanceledException: The request was canceled due to the configured HttpClient.Timeout of 30 seconds elapsing.
[ citizen-server-impl] sync thread hitch warning: timer interval of 121 milliseconds
[ citizen-server-impl] sync thread hitch warning: timer interval of 117 milliseconds
[ citizen-server-impl] sync thread hitch warning: timer interval of 106 milliseconds
[ citizen-server-impl] sync thread hitch warning: timer interval of 108 milliseconds
[ citizen-server-impl] network thread hitch warning: timer interval of 164 milliseconds
[ citizen-server-impl] sync thread hitch warning: timer interval of 162 milliseconds
[ citizen-server-impl] server thread hitch warning: timer interval of 181 milliseconds
[ citizen-server-impl] sync thread hitch warning: timer interval of 116 milliseconds
[ citizen-server-impl] sync thread hitch warning: timer interval of 101 milliseconds
[ citizen-server-impl] server thread hitch warning: timer interval of 232 milliseconds
[ citizen-server-impl] sync thread hitch warning: timer interval of 150 milliseconds
[ citizen-server-impl] network thread hitch warning: timer interval of 151 milliseconds
[ citizen-server-impl] network thread hitch warning: timer interval of 303 milliseconds
[ citizen-server-impl] sync thread hitch warning: timer interval of 311 milliseconds
[ citizen-server-impl] server thread hitch warning: timer interval of 340 milliseconds
[ citizen-server-impl] sync thread hitch warning: timer interval of 237 milliseconds
[ citizen-server-impl] network thread hitch warning: timer interval of 244 milliseconds
[ citizen-server-impl] network thread hitch warning: timer interval of 169 milliseconds
[ citizen-server-impl] sync thread hitch warning: timer interval of 170 milliseconds
[ citizen-server-impl] sync thread hitch warning: timer interval of 116 milliseconds
[ citizen-server-impl] sync thread hitch warning: timer interval of 103 milliseconds
[ citizen-server-impl] [0msync thread hitch warning: timer interval of 131 milliseconds
[ citizen-server-impl] sync thread hitch warning: timer interval of 147 milliseconds
[ citizen-server-impl] sync thread hitch warning: timer interval of 119 milliseconds
[ citizen-server-impl] sync thread hitch warning: timer interval of 114 milliseconds
[ citizen-server-impl] sync thread hitch warning: timer interval of 203 milliseconds
[ citizen-server-impl] network thread hitch warning: timer interval of 204 milliseconds
[ citizen-server-impl] sync thread hitch warning: timer interval of 149 milliseconds
[ citizen-server-impl] sync thread hitch warning: timer interval of 102 milliseconds
[ citizen-server-impl] sync thread hitch warning: timer interval of 105 milliseconds
[ citizen-server-impl] server thread hitch warning: timer interval of 170 milliseconds
[ citizen-server-impl] sync thread hitch warning: timer interval of 131 milliseconds
[ citizen-server-impl] sync thread hitch warning: timer interval of 119 milliseconds
[ citizen-server-impl] server thread hitch warning: timer interval of 182 milliseconds
[ citizen-server-impl] sync thread hitch warning: timer interval of 105 milliseconds
[ citizen-server-impl] sync thread hitch warning: timer interval of 105 milliseconds
[ citizen-server-impl] sync thread hitch warning: timer interval of 109 milliseconds
[ citizen-server-impl] sync thread hitch warning: timer interval of 137 milliseconds
[ citizen-server-impl] sync thread hitch warning: timer interval of 104 milliseconds
[38;5;73m[ citizen-server-impl] Server list query returned an error: System.Threading.Tasks.TaskCanceledException: A task was canceled. <- System.TimeoutException: A task was canceled. <- System.Threading.Tasks.TaskCanceledException: The request was canceled due to the configured HttpClient.Timeout of 30 seconds elapsing.
[ citizen-server-impl] network thread hitch warning: timer interval of 151 milliseconds
[ citizen-server-impl] sync thread hitch warning: timer interval of 151 milliseconds
[ citizen-server-impl] server thread hitch warning: timer interval of 188 milliseconds
[ citizen-server-impl] sync thread hitch warning: timer interval of 109 milliseconds
[ citizen-server-impl] sync thread hitch warning: timer interval of 110 milliseconds
[ citizen-server-impl] server thread hitch warning: timer interval of 198 milliseconds
[ citizen-server-impl] sync thread hitch warning: timer interval of 114 milliseconds
[ citizen-server-impl] sync thread hitch warning: timer interval of 108 milliseconds
[ citizen-server-impl] [0mserver thread hitch warning: timer interval of 152 milliseconds
[ citizen-server-impl] [0msync thread hitch warning: timer interval of 112 milliseconds
[ citizen-server-impl] server thread hitch warning: timer interval of 169 milliseconds
[ citizen-server-impl] sync thread hitch warning: timer interval of 114 milliseconds
[ citizen-server-impl] [91mServer list query returned an error: System.Threading.Tasks.TaskCanceledException: A task was canceled. <- System.TimeoutException: A task was canceled. <- System.Threading.Tasks.TaskCanceledException: The request was canceled due to the configured HttpClient.Timeout of 30 seconds elapsing.
[ citizen-server-impl] sync thread hitch warning: timer interval of 116 milliseconds
[ citizen-server-impl] network thread hitch warning: timer interval of 152 milliseconds
[ citizen-server-impl] sync thread hitch warning: timer interval of 151 milliseconds
[ citizen-server-impl] server thread hitch warning: timer interval of 166 milliseconds
[ citizen-server-impl] sync thread hitch warning: timer interval of 121 milliseconds
[ citizen-server-impl] sync thread hitch warning: timer interval of 103 milliseconds

================================================================
======== FXServer Starting - 06/01/2024 01:57:29                
================================================================
[           resources] Scanning resources.
[resources:qbr-moonsh] Warning: qbr-moonshine does not have a resource manifest (fxmanifest.lua)
[           resources] Found 61 resources.
[           resources] 1 warning was encountered.
[          svadhesive] Authenticating server license key...
[          svadhesive] Server license key authentication succeeded. Welcome!
[    c-scripting-core] Creating script environments for yarn
[           resources] Started resource yarn
[    c-scripting-core] Creating script environments for sessionmanager-rdr3
[           resources] Started resource sessionmanager-rdr3
[    c-scripting-core] Creating script environments for monitor
[      script:monitor] [txAdmin] Resource v6.0.2 threads and commands set up. All Ready.
[           resources] Started resource monitor
[    c-scripting-core] [97mCreating script environments for mapmanager
[           resources] Started resource mapmanager
[    c-scripting-core] Creating script environments for webpack
[           resources] Started resource webpack
[    c-scripting-core] Creating script environments for chat
[           resources] Started resource chat
[           resources] Started resource spawnmanager
[   script:mapmanager] Started gametype Freeroam
[           resources] Started resource basic-gamemode
[    c-scripting-core] Creating script environments for hardcap
[           resources] Started resource hardcap
[    c-scripting-core] Creating script environments for oxmysql
[           resources] [0mStarted resource oxmysql
[    c-scripting-core] Creating script environments for qbr-core
[           resources] Started resource qbr-core
[38;5;161m[    c-scripting-core] Creating script environments for PolyZone
[  resources:PolyZone] [97mWarning: could not find client_script `creation/client/*.lua` (defined in fxmanifest.lua:9)
[  resources:PolyZone] Warning: could not find server_script `creation/server/*.lua` (defined in fxmanifest.lua:18)
[           resources] Started resource PolyZone (2 warnings)
[    c-scripting-core] Creating script environments for connectqueue
[ script:connectqueue] QUEUE:  [connectqueue] Disabling hardcap 
[           resources] Stopping resource hardcap
[           resources] Started resource connectqueue
[           resources] Started resource mediccamp
[           resources] Started resource menuv
[38;5;161m[    c-scripting-core] Creating script environments for pma-voice
[38;5;83m[           resources] Started resource pma-voice
[38;5;83m[           resources] Started resource progressbar
[           resources] Started resource safecracker
[    c-scripting-core] Creating script environments for qbr-adminmenu
[           resources] Started resource qbr-adminmenu
[    c-scripting-core] Creating script environments for qbr-ambulancejob
[           resources] Started resource qbr-ambulancejob
[38;5;161m[    c-scripting-core] Creating script environments for qbr-banking
[           resources] Started resource qbr-banking
[    c-scripting-core] Creating script environments for qbr-clothing
[           resources] Started resource qbr-clothing
[    c-scripting-core] Creating script environments for qbr-contraband
[           resources] Started resource qbr-contraband
[    c-scripting-core] [0mCreating script environments for qbr-doorlock
[38;5;83m[           resources] Started resource qbr-doorlock
[38;5;161m[    c-scripting-core] Creating script environments for qbr-farming
[           resources] Started resource qbr-farming
[    c-scripting-core] Creating script environments for qbr-hud
[           resources] Started resource qbr-hud
[38;5;161m[    c-scripting-core] Creating script environments for qbr-hunting
[           resources] [0mStarted resource qbr-hunting
[           resources] Started resource qbr-input
[           resources] Started resource qbr-interiors
[    c-scripting-core] Creating script environments for qbr-inventory
[           resources] Started resource qbr-inventory
[           resources] [0mStarted resource qbr-lockpick
[    c-scripting-core] Creating script environments for qbr-management
[           resources] Started resource qbr-management
[           resources] [0mStarted resource qbr-menu
[    c-scripting-core] Creating script environments for qbr-mining
[           resources] Started resource qbr-mining
[    c-scripting-core] Creating script environments for qbr-spawn
[38;5;83m[           resources] Started resource qbr-spawn
[    c-scripting-core] Creating script environments for qbr-multicharacter
[38;5;83m[           resources] Started resource qbr-multicharacter
[38;5;161m[    c-scripting-core] Creating script environments for qbr-policejob
[           resources] Started resource qbr-policejob
[    c-scripting-core] Creating script environments for qbr-scoreboard
[           resources] Started resource qbr-scoreboard
[    c-scripting-core] Creating script environments for qbr-shops
[           resources] Started resource qbr-shops
[    c-scripting-core] Creating script environments for qbr-smallresources
[           resources] Started resource qbr-smallresources
[    c-scripting-core] Creating script environments for qbr-stable
[           resources] Started resource qbr-stable
[           resources] Started resource qbr-target
[38;5;161m[    c-scripting-core] Creating script environments for qbr-weapons
[38;5;83m[           resources] Started resource qbr-weapons
[    c-scripting-core] [0mCreating script environments for qbr-weathersync
[           resources] Started resource qbr-weathersync
[   script:mapmanager] Started map redm-map-one
[           resources] Started resource redm-map-one
[      script:oxmysql] [10.4.32-MariaDB] Database server connection established!
[38;5;73m[ citizen-server-impl]         fff                          
[ citizen-server-impl]   cccc ff   xx  xx     rr rr    eee  
[ citizen-server-impl] cc     ffff   xx       rrr  r ee   e 
[ citizen-server-impl] cc     ff     xx   ... rr     eeeee  
[ citizen-server-impl]  ccccc ff   xx  xx ... rr      eeeee 
[ citizen-server-impl]                                      
[ citizen-server-impl] Authenticated with cfx.re Nucleus: https://allsides-dp48zy.users.cfx.re/
