
================================================================
======== txAdmin Starting - 1/29/2024, 12:17:59 AM              
================================================================

================================================================
======== Log Rotated - 1/29/2024, 12:17:59 AM                   
================================================================
[12:18:34 AM] txAdmin: Logger started
[12:23:22 AM] txAdmin: Logger started
[12:28:03 AM] [WgVGe#1] Guilherme: joined with identifiers [steam:110000141cf789a; license:67804337e42836a789bf15e4cad22dbf5c40ee43; xbl:2535424788983736; live:844428408048897; discord:447225242939555852; license2:67804337e42836a789bf15e4cad22dbf5c40ee43]
[12:30:44 AM] [WgVGe#1] Guilherme: said "/pedmenu"
[12:32:21 AM] [WgVGe#1] Guilherme: disconnected ([txAdmin] Server restarting (requested by allsides).)
[12:32:32 AM] txAdmin: Logger started
[12:33:55 AM] [RyghW#1] Guilherme: joined with identifiers [steam:110000141cf789a; license:67804337e42836a789bf15e4cad22dbf5c40ee43; xbl:2535424788983736; live:844428408048897; discord:447225242939555852; license2:67804337e42836a789bf15e4cad22dbf5c40ee43]
[12:35:12 AM] [RyghW#1] Guilherme: disconnected (Exiting)
[12:35:34 AM] [RyghW#2] Guilherme: joined with identifiers [steam:110000141cf789a; license:67804337e42836a789bf15e4cad22dbf5c40ee43; xbl:2535424788983736; live:844428408048897; discord:447225242939555852; license2:67804337e42836a789bf15e4cad22dbf5c40ee43]
[12:40:31 AM] [RyghW#2] Guilherme: disconnected (Server shutting down: SIGHUP received)

================================================================
======== txAdmin Starting - 1/29/2024, 12:40:44 AM              
================================================================
[12:40:52 AM] txAdmin: Logger started
[12:41:17 AM] [VgmdN#1] Guilherme: joined with identifiers [steam:110000141cf789a; license:67804337e42836a789bf15e4cad22dbf5c40ee43; xbl:2535424788983736; live:844428408048897; discord:447225242939555852; license2:67804337e42836a789bf15e4cad22dbf5c40ee43]
[12:45:13 AM] [VgmdN#2] Juzeziin: joined with identifiers [steam:11000010941ba1b; license:9aef98b41d0ee0928a1fd59ed71aec60efe47168; xbl:2535462914078740; live:1688852524231800; discord:743349849675792424; fivem:2220289; license2:9aef98b41d0ee0928a1fd59ed71aec60efe47168]
[12:45:26 AM] [VgmdN#1] Guilherme: said "/pedmenu"
[12:46:05 AM] [VgmdN#2] Juzeziin: died from suicide (Fall)
[12:49:03 AM] [VgmdN#1] Guilherme: enabled noclip
[12:50:06 AM] [VgmdN#2] Juzeziin: said "~"
[12:50:11 AM] [VgmdN#1] Guilherme: became mortal (standard mode)
[12:51:57 AM] [VgmdN#2] Juzeziin: died from suicide (Fall)
[12:57:48 AM] [VgmdN#2] Juzeziin: turned show player IDs on
[12:58:24 AM] [VgmdN#2] Juzeziin: teleported to a waypoint
[12:59:28 AM] [VgmdN#2] Juzeziin: enabled noclip
[12:59:37 AM] [VgmdN#2] Juzeziin: became mortal (standard mode)
[1:06:37 AM] [VgmdN#2] Juzeziin: spawned a vehicle (model: a_c_horse_turkoman_perlino)
[1:12:09 AM] [VgmdN#1] Guilherme: enabled noclip
[1:12:15 AM] [VgmdN#1] Guilherme: became mortal (standard mode)
[1:12:36 AM] [VgmdN#1] Guilherme: enabled noclip
[1:12:48 AM] [VgmdN#1] Guilherme: became mortal (standard mode)
[1:19:52 AM] [VgmdN#1] Guilherme: teleported to coordinates (x=-273.510, y=689.260, z=112.450)
[1:33:25 AM] [VgmdN#2] Juzeziin: enabled noclip
[1:33:28 AM] [VgmdN#2] Juzeziin: became mortal (standard mode)
[1:34:06 AM] [VgmdN#1] Guilherme: teleported to coordinates (x=-322.360, y=804.460, z=117.880)
[1:34:32 AM] [VgmdN#1] Guilherme: said "/togglechat"
[1:34:33 AM] [VgmdN#1] Guilherme: said "/showui"
[1:34:48 AM] [VgmdN#2] Juzeziin: said "/togglechat"
[1:34:54 AM] [VgmdN#2] Juzeziin: said "/showui"
[1:35:03 AM] [VgmdN#2] Juzeziin: said "/togglechat"
[1:35:05 AM] [VgmdN#2] Juzeziin: said "/showui"
[1:52:01 AM] [VgmdN#2] Juzeziin: said "/robbery"
[1:52:11 AM] [VgmdN#1] Guilherme: said "/job"
[2:03:45 AM] [VgmdN#2] Juzeziin: teleported to a waypoint
[2:12:00 AM] [VgmdN#3] pandamora24: joined with identifiers [steam:1100001328ab82e; license:88b1ee885e1d82a5372ced29f0241457261ab63a; xbl:2535438922289439; live:844425144694766; discord:668678545383358465; fivem:12887456; license2:88b1ee885e1d82a5372ced29f0241457261ab63a]
[2:13:54 AM] [VgmdN#3] pandamora24: teleported to player [#2] Juzeziin (x=2410.747, y=-891.666, z=42.069)
[2:14:15 AM] [VgmdN#1] Guilherme: teleported to player [#2] Juzeziin (x=2411.486, y=-893.116, z=42.018)
[2:22:40 AM] [VgmdN#1] Guilherme: said "/scale 2"
[2:22:53 AM] [VgmdN#2] Juzeziin: said "/scale 2"
[2:22:55 AM] [VgmdN#2] Juzeziin: said "/scale 1"
[2:29:00 AM] [VgmdN#4] Ton: joined with identifiers [steam:11000014a6055cc; license:3fb6b1984ca7a8529e1716f7cddfcf015f164fa8; xbl:2535460237873614; live:985157234615138; discord:184811887425355777; fivem:3784769; license2:3fb6b1984ca7a8529e1716f7cddfcf015f164fa8]
[2:30:19 AM] [VgmdN#2] Juzeziin: said "tx"
[2:30:23 AM] [VgmdN#2] Juzeziin: teleported to a waypoint
[2:30:38 AM] [VgmdN#3] pandamora24: teleported to player [#2] Juzeziin (x=2745.640, y=-321.376, z=42.119)
[2:30:57 AM] [VgmdN#1] Guilherme: teleported to player [#3] pandamora24 (x=2744.044, y=-325.437, z=40.300)
[2:30:58 AM] [VgmdN#3] pandamora24: enabled noclip
[2:31:31 AM] [VgmdN#3] pandamora24: became mortal (standard mode)
[2:31:49 AM] [VgmdN#2] Juzeziin: teleported to a waypoint
[2:32:06 AM] [VgmdN#2] Juzeziin: teleported to a waypoint
[2:32:24 AM] [VgmdN#3] pandamora24: teleported to player [#2] Juzeziin (x=2364.501, y=-879.982, z=41.985)
[2:32:27 AM] [VgmdN#1] Guilherme: teleported to player [#2] Juzeziin (x=2380.352, y=-880.853, z=42.254)
[2:33:52 AM] [VgmdN#3] pandamora24: disconnected (Game crashed: RDR2_b1491.exe!sub_141154954 (0xd1))
[2:35:36 AM] [VgmdN#5] pandamora24: joined with identifiers [steam:1100001328ab82e; license:88b1ee885e1d82a5372ced29f0241457261ab63a; xbl:2535438922289439; live:844425144694766; discord:668678545383358465; fivem:12887456; license2:88b1ee885e1d82a5372ced29f0241457261ab63a]
[2:35:50 AM] [VgmdN#1] Guilherme: teleported to player [#2] Juzeziin (x=2410.220, y=-891.758, z=42.069)
[2:39:30 AM] [VgmdN#5] pandamora24: teleported to player [#2] Juzeziin (x=2410.259, y=-891.745, z=42.069)
[2:41:34 AM] [VgmdN#4] Ton: said "/rcpclothing"
[2:48:34 AM] [VgmdN#2] Juzeziin: died from Repeater Evans by Guilherme
[2:49:39 AM] [VgmdN#5] pandamora24: died from suicide
[2:49:46 AM] [VgmdN#5] pandamora24: healed themself
[3:13:49 AM] [VgmdN#4] Ton: died from suicide
[3:14:00 AM] [VgmdN#4] Ton: healed themself
[3:19:40 AM] [VgmdN#4] Ton: teleported to player [#2] Juzeziin (x=2591.486, y=-830.360, z=42.237)
[3:19:57 AM] [VgmdN#4] Ton: died from suicide
[3:20:00 AM] [VgmdN#4] Ton: healed themself
[3:20:05 AM] [VgmdN#4] Ton: teleported to player [#1] Guilherme (x=2815.675, y=1342.853, z=70.815)
[3:20:34 AM] [VgmdN#5] pandamora24: teleported to player [#1] Guilherme (x=2815.450, y=1342.971, z=70.815)
[3:20:37 AM] [VgmdN#4] Ton: summoned player [#5] pandamora24
[3:27:00 AM] [VgmdN#5] pandamora24: healed themself
[3:27:18 AM] [VgmdN#5] pandamora24: healed themself
[3:28:08 AM] [VgmdN#2] Juzeziin: teleported to a waypoint
[3:29:45 AM] [VgmdN#1] Guilherme: enabled noclip
[3:29:54 AM] [VgmdN#1] Guilherme: became mortal (standard mode)
[3:30:27 AM] [VgmdN#1] Guilherme: enabled noclip
[3:30:35 AM] [VgmdN#1] Guilherme: became mortal (standard mode)
[3:30:39 AM] [VgmdN#4] Ton: died from Melee Knife by pandamora24
[3:30:42 AM] [VgmdN#4] Ton: healed themself
[3:30:54 AM] [VgmdN#5] pandamora24: died from Melee Knife by Ton
[3:31:00 AM] [VgmdN#5] pandamora24: enabled noclip
[3:31:04 AM] [VgmdN#5] pandamora24: became mortal (standard mode)
[3:31:07 AM] [VgmdN#5] pandamora24: healed themself
[3:31:17 AM] [VgmdN#5] pandamora24: enabled noclip
[3:31:51 AM] [VgmdN#5] pandamora24: became mortal (standard mode)
[3:31:57 AM] [VgmdN#1] Guilherme: teleported to player [#2] Juzeziin (x=2862.686, y=1317.732, z=64.698)
[3:32:07 AM] [VgmdN#5] pandamora24: enabled noclip
[3:32:13 AM] [VgmdN#5] pandamora24: teleported to player [#2] Juzeziin (x=2862.686, y=1317.732, z=64.698)
[3:32:17 AM] [VgmdN#5] pandamora24: became mortal (standard mode)
[3:37:56 AM] [VgmdN#4] Ton: teleported to player [#2] Juzeziin (x=2889.495, y=1302.356, z=50.949)
[3:38:16 AM] [VgmdN#6] Khloe Bravo: joined with identifiers [steam:11000015e634681; license:8be3d76b1e35b1d12bae62d22364e3d40048d0fc; xbl:2535426514760430; live:985154914241664; discord:656613412737908747; license2:8be3d76b1e35b1d12bae62d22364e3d40048d0fc]
[3:41:29 AM] [VgmdN#4] Ton: disconnected (Exiting)
[3:56:47 AM] [VgmdN#6] Khloe Bravo: said "/scale5"
[3:58:26 AM] [VgmdN#6] Khloe Bravo: said "/scalle 5"
[4:03:44 AM] [VgmdN#6] Khloe Bravo: died from suicide (Alligator)
[4:07:03 AM] [VgmdN#5] pandamora24: disconnected (Exiting)
[4:14:08 AM] [VgmdN#1] Guilherme: disconnected (Exiting)
[4:14:09 AM] [VgmdN#6] Khloe Bravo: disconnected (Exiting)
[4:14:12 AM] [VgmdN#2] Juzeziin: disconnected (Exiting)
[4:19:31 AM] txAdmin: Logger started

================================================================
======== txAdmin Starting - 1/29/2024, 4:54:17 AM               
================================================================

================================================================
======== txAdmin Starting - 1/29/2024, 4:55:11 AM               
================================================================

================================================================
======== txAdmin Starting - 1/29/2024, 4:57:18 AM               
================================================================
[4:57:26 AM] txAdmin: Logger started

================================================================
======== txAdmin Starting - 1/29/2024, 4:58:09 AM               
================================================================
[4:58:16 AM] txAdmin: Logger started
[5:08:31 AM] txAdmin: Logger started
[5:09:55 AM] [Jq4yq#1] Guilherme: joined with identifiers [steam:110000141cf789a; license:67804337e42836a789bf15e4cad22dbf5c40ee43; xbl:2535424788983736; live:844428408048897; discord:447225242939555852; license2:67804337e42836a789bf15e4cad22dbf5c40ee43]
[5:12:07 AM] [Jq4yq#2] Juzeziin: joined with identifiers [steam:11000010941ba1b; license:9aef98b41d0ee0928a1fd59ed71aec60efe47168; xbl:2535462914078740; live:1688852524231800; discord:743349849675792424; fivem:2220289; license2:9aef98b41d0ee0928a1fd59ed71aec60efe47168]
[5:15:49 AM] [Jq4yq#2] Juzeziin: teleported to player [#1] Guilherme (x=1390.510, y=317.538, z=87.816)
[5:17:52 AM] [Jq4yq#2] Juzeziin: teleported to coordinates (x=1316.894, y=292.349, z=87.832)
[5:22:23 AM] [Jq4yq#2] Juzeziin: disconnected (Exiting)
[5:22:24 AM] [Jq4yq#1] Guilherme: disconnected (Exiting)

================================================================
======== txAdmin Starting - 1/29/2024, 5:23:41 AM               
================================================================
[5:24:03 AM] txAdmin: Logger started
[5:27:05 AM] [wfzrf#1] Juzeziin: joined with identifiers [steam:11000010941ba1b; license:9aef98b41d0ee0928a1fd59ed71aec60efe47168; xbl:2535462914078740; live:1688852524231800; discord:743349849675792424; fivem:2220289; license2:9aef98b41d0ee0928a1fd59ed71aec60efe47168]
[5:27:08 AM] [wfzrf#2] Guilherme: joined with identifiers [steam:110000141cf789a; license:67804337e42836a789bf15e4cad22dbf5c40ee43; xbl:2535424788983736; live:844428408048897; discord:447225242939555852; license2:67804337e42836a789bf15e4cad22dbf5c40ee43]
[5:28:29 AM] [wfzrf#1] Juzeziin: teleported to coordinates (x=1316.894, y=292.349, z=87.832)
[5:28:45 AM] [wfzrf#2] Guilherme: teleported to player [#1] Juzeziin (x=1363.451, y=310.576, z=87.513)
[5:29:50 AM] [wfzrf#1] Juzeziin: teleported to player [#2] Guilherme (x=1423.385, y=-859.582, z=60.166)
[5:32:08 AM] [wfzrf#1] Juzeziin: teleported to coordinates (x=-223.988, y=640.525, z=113.215)
[5:32:57 AM] [wfzrf#2] Guilherme: said "/txx"
[5:33:02 AM] [wfzrf#2] Guilherme: teleported to coordinates (x=1381.604, y=275.009, z=89.001)
[5:33:27 AM] [wfzrf#2] Guilherme: teleported to coordinates (x=1390.830, y=318.330, z=86.920)
[5:33:52 AM] [wfzrf#2] Guilherme: teleported to coordinates (x=-2390.359, y=-2474.823, z=60.322)
[5:34:15 AM] [wfzrf#2] Guilherme: teleported to coordinates (x=1413.873, y=-860.243, z=61.404)
[5:34:32 AM] [wfzrf#2] Guilherme: teleported to coordinates (x=1413.873, y=-860.243, z=61.404)
[5:34:41 AM] [wfzrf#2] Guilherme: teleported to coordinates (x=1369.250, y=-851.431, z=70.830)
[5:37:46 AM] [wfzrf#1] Juzeziin: teleported to player [#2] Guilherme (x=1412.360, y=-882.804, z=61.311)
[5:37:55 AM] [wfzrf#1] Juzeziin: turned show player IDs on
[5:38:07 AM] [wfzrf#2] Guilherme: said "/ttpm"
[5:41:17 AM] [wfzrf#1] Juzeziin: teleported to player [#2] Guilherme (x=1369.622, y=310.668, z=87.445)
[5:42:39 AM] [wfzrf#1] Juzeziin: said "/portal"
[5:42:59 AM] [wfzrf#2] Guilherme: teleported to coordinates (x=1404.935, y=308.573, z=87.276)
[5:54:17 AM] [wfzrf#1] Juzeziin: disconnected ([txAdmin] Server restarting (requested by allsides).)
[5:54:17 AM] [wfzrf#2] Guilherme: disconnected ([txAdmin] Server restarting (requested by allsides).)
[5:54:27 AM] txAdmin: Logger started
[5:59:54 AM] txAdmin: Logger started
[6:00:57 AM] [iUMJi#1] Juzeziin: joined with identifiers [steam:11000010941ba1b; license:9aef98b41d0ee0928a1fd59ed71aec60efe47168; xbl:2535462914078740; live:1688852524231800; discord:743349849675792424; fivem:2220289; license2:9aef98b41d0ee0928a1fd59ed71aec60efe47168]
[6:01:18 AM] [iUMJi#2] Guilherme: joined with identifiers [steam:110000141cf789a; license:67804337e42836a789bf15e4cad22dbf5c40ee43; xbl:2535424788983736; live:844428408048897; discord:447225242939555852; license2:67804337e42836a789bf15e4cad22dbf5c40ee43]
[6:14:20 AM] [iUMJi#2] Guilherme: disconnected (Exiting)
[6:14:28 AM] [iUMJi#1] Juzeziin: disconnected (Server shutting down: SIGHUP received)

================================================================
======== txAdmin Starting - 1/29/2024, 6:39:39 PM               
================================================================
[6:40:14 PM] txAdmin: Logger started
[6:56:36 PM] [CiWQ6#1] Guilherme: joined with identifiers [steam:110000141cf789a; license:67804337e42836a789bf15e4cad22dbf5c40ee43; xbl:2535424788983736; live:844428408048897; discord:447225242939555852; license2:67804337e42836a789bf15e4cad22dbf5c40ee43]
[7:20:29 PM] [CiWQ6#1] Guilherme: disconnected (Exiting)
[7:42:44 PM] txAdmin: Logger started
[7:43:49 PM] [xDakE#1] Guilherme: joined with identifiers [steam:110000141cf789a; license:67804337e42836a789bf15e4cad22dbf5c40ee43; xbl:2535424788983736; live:844428408048897; discord:447225242939555852; license2:67804337e42836a789bf15e4cad22dbf5c40ee43]
[7:47:23 PM] [xDakE#1] Guilherme: said "/togglechat"
[7:47:30 PM] [xDakE#1] Guilherme: said "/showui"
[8:13:29 PM] [xDakE#1] Guilherme: teleported to coordinates (x=2021.292, y=-1789.330, z=40.519)
[8:20:05 PM] [xDakE#1] Guilherme: disconnected ([txAdmin] Server restarting (requested by DestinyRoleplay2).)
[8:20:16 PM] txAdmin: Logger started
[8:23:09 PM] [xKXTh#1] Guilherme: joined with identifiers [steam:110000141cf789a; license:67804337e42836a789bf15e4cad22dbf5c40ee43; xbl:2535424788983736; live:844428408048897; discord:447225242939555852; license2:67804337e42836a789bf15e4cad22dbf5c40ee43]
[8:24:31 PM] [xKXTh#1] Guilherme: teleported to a waypoint
[8:24:32 PM] [xKXTh#1] Guilherme: teleported to coordinates (x=2021.292, y=-1789.330, z=40.519)
[8:28:33 PM] [xKXTh#1] Guilherme: said "/clar"
[8:55:10 PM] [xKXTh#1] Guilherme: disconnected (Exiting)

================================================================
======== txAdmin Starting - 1/29/2024, 9:16:45 PM               
================================================================
[9:16:50 PM] txAdmin: Logger started
[9:17:41 PM] [dBcUT#1] Guilherme: joined with identifiers [steam:110000141cf789a; license:67804337e42836a789bf15e4cad22dbf5c40ee43; xbl:2535424788983736; live:844428408048897; discord:447225242939555852; license2:67804337e42836a789bf15e4cad22dbf5c40ee43]
[9:26:57 PM] [dBcUT#1] Guilherme: teleported to coordinates (x=-322.120, y=767.120, z=121.630)
[10:38:32 PM] [dBcUT#1] Guilherme: teleported to coordinates (x=1404.935, y=308.573, z=87.276)
[10:38:52 PM] [dBcUT#1] Guilherme: teleported to coordinates (x=1383.862, y=275.464, z=87.659)
[10:39:06 PM] [dBcUT#1] Guilherme: teleported to coordinates (x=1375.874, y=277.172, z=88.015)
[10:39:24 PM] [dBcUT#1] Guilherme: teleported to coordinates (x=1405.661, y=323.685, z=87.154)
[10:48:49 PM] [dBcUT#2] Juzeziin: joined with identifiers [steam:11000010941ba1b; license:9aef98b41d0ee0928a1fd59ed71aec60efe47168; xbl:2535462914078740; live:1688852524231800; discord:743349849675792424; fivem:2220289; license2:9aef98b41d0ee0928a1fd59ed71aec60efe47168]
[11:02:17 PM] [dBcUT#1] Guilherme: teleported to a waypoint
[11:02:22 PM] [dBcUT#1] Guilherme: enabled noclip
[11:02:24 PM] [dBcUT#1] Guilherme: became mortal (standard mode)
[11:04:00 PM] [dBcUT#1] Guilherme: enabled noclip
[11:04:35 PM] [dBcUT#1] Guilherme: became mortal (standard mode)
[11:05:19 PM] [dBcUT#1] Guilherme: enabled noclip
[11:05:33 PM] [dBcUT#1] Guilherme: became mortal (standard mode)
[11:06:07 PM] [dBcUT#1] Guilherme: enabled noclip
[11:06:35 PM] [dBcUT#1] Guilherme: became mortal (standard mode)
[11:21:29 PM] [dBcUT#1] Guilherme: enabled noclip
[11:23:23 PM] [dBcUT#1] Guilherme: became mortal (standard mode)
[11:35:14 PM] [dBcUT#1] Guilherme: disconnected (Exiting)
[11:44:31 PM] [dBcUT#2] Juzeziin: disconnected ([txAdmin] Server restarting (requested by DestinyRoleplay2).)
[11:44:41 PM] txAdmin: Logger started

================================================================
======== txAdmin Starting - 1/29/2024, 11:51:50 PM              
================================================================
[11:51:54 PM] txAdmin: Logger started
[11:52:51 PM] [RLMyd#1] Guilherme: joined with identifiers [steam:110000141cf789a; license:67804337e42836a789bf15e4cad22dbf5c40ee43; xbl:2535424788983736; live:844428408048897; discord:447225242939555852; license2:67804337e42836a789bf15e4cad22dbf5c40ee43]
[11:53:16 PM] [RLMyd#2] Juzeziin: joined with identifiers [steam:11000010941ba1b; license:9aef98b41d0ee0928a1fd59ed71aec60efe47168; xbl:2535462914078740; live:1688852524231800; discord:743349849675792424; fivem:2220289; license2:9aef98b41d0ee0928a1fd59ed71aec60efe47168]
[11:55:11 PM] [RLMyd#1] Guilherme: said "/giveitem 1 potatos 100"
[11:55:24 PM] [RLMyd#2] Juzeziin: teleported to player [#1] Guilherme (x=1376.281, y=290.624, z=88.541)
[11:58:17 PM] [RLMyd#2] Juzeziin: said "/ranche"
