
================================================================
======== Log Rotated - 2/1/2024, 12:00:00 AM                    
================================================================
[12:24:13 AM] [63Dyc#1] Guilherme: disconnected (Exiting)

================================================================
======== txAdmin Starting - 2/1/2024, 12:25:05 AM               
================================================================
[12:25:14 AM] txAdmin: Logger started
[12:26:14 AM] [x4cz6#1] Guilherme: joined with identifiers [steam:110000141cf789a; license:67804337e42836a789bf15e4cad22dbf5c40ee43; xbl:2535424788983736; live:844428408048897; discord:447225242939555852; license2:67804337e42836a789bf15e4cad22dbf5c40ee43]
[12:26:18 AM] [x4cz6#2] pandamora24: joined with identifiers [steam:1100001328ab82e; license:88b1ee885e1d82a5372ced29f0241457261ab63a; xbl:2535438922289439; live:844425144694766; discord:668678545383358465; fivem:12887456; license2:88b1ee885e1d82a5372ced29f0241457261ab63a]
[12:26:53 AM] [x4cz6#3] Juzeziin: joined with identifiers [steam:11000010941ba1b; license:9aef98b41d0ee0928a1fd59ed71aec60efe47168; xbl:2535462914078740; live:1688852524231800; discord:743349849675792424; fivem:2220289; license2:9aef98b41d0ee0928a1fd59ed71aec60efe47168]
[12:28:08 AM] [x4cz6#2] pandamora24: teleported to player [#1] Guilherme (x=1407.231, y=269.486, z=89.518)
[12:28:45 AM] [x4cz6#3] Juzeziin: disconnected (Exiting)
[12:29:09 AM] [x4cz6#4] Juzeziin: joined with identifiers [steam:11000010941ba1b; license:9aef98b41d0ee0928a1fd59ed71aec60efe47168; xbl:2535462914078740; live:1688852524231800; discord:743349849675792424; fivem:2220289; license2:9aef98b41d0ee0928a1fd59ed71aec60efe47168]
[12:30:51 AM] [x4cz6#4] Juzeziin: died from suicide (Fall)
[12:35:34 AM] [x4cz6#4] Juzeziin: died from suicide (Fall)
[12:39:11 AM] [x4cz6#4] Juzeziin: turned show player IDs on
[12:42:18 AM] [x4cz6#2] pandamora24: teleported to player [#4] Juzeziin (x=2629.068, y=-1235.354, z=59.593)
[12:42:32 AM] [x4cz6#2] pandamora24: teleported to player [#1] Guilherme (x=1381.754, y=288.066, z=88.204)
[12:42:39 AM] [x4cz6#2] pandamora24: summoned player [#4] Juzeziin
[12:58:15 AM] [x4cz6#4] Juzeziin: teleported to coordinates (x=-282.380, y=811.600, z=122.550)
[1:01:11 AM] [x4cz6#4] Juzeziin: enabled noclip
[1:01:18 AM] [x4cz6#4] Juzeziin: became mortal (standard mode)
[1:02:46 AM] [x4cz6#1] Guilherme: said "/touch"
[1:17:47 AM] [x4cz6#2] pandamora24: spawned a vehicle (model: a_c_horse_shire_ravenblack)
[1:17:52 AM] [x4cz6#2] pandamora24: spawned a vehicle (model: a_c_horse_shire_ravenblack)
[1:18:33 AM] [x4cz6#4] Juzeziin: teleported to coordinates (x=1325.920, y=-1325.270, z=77.920)
[1:18:57 AM] [x4cz6#4] Juzeziin: teleported to coordinates (x=1323.430, y=-1324.930, z=74.940)
[1:19:01 AM] [x4cz6#2] pandamora24: deleted a vehicle
[1:19:07 AM] [x4cz6#2] pandamora24: spawned a vehicle (model: coach3)
[1:19:16 AM] [x4cz6#1] Guilherme: said "/cleear"
[1:19:17 AM] [x4cz6#4] Juzeziin: teleported to coordinates (x=1325.920, y=-1325.270, z=77.920)
[1:19:19 AM] [x4cz6#2] pandamora24: boosted their vehicle
[1:20:47 AM] [x4cz6#2] pandamora24: caused an explosion (EXTINGUISHER)
[1:21:05 AM] [x4cz6#2] pandamora24: caused an explosion (EXTINGUISHER)
[1:21:50 AM] [x4cz6#1] Guilherme: teleported to player [#4] Juzeziin (x=1345.266, y=-1313.789, z=76.594)
[1:22:12 AM] [x4cz6#2] pandamora24: deleted a vehicle
[1:22:17 AM] [x4cz6#2] pandamora24: spawned a vehicle (model: coach4)
[1:22:19 AM] [x4cz6#1] Guilherme: enabled noclip
[1:22:24 AM] [x4cz6#1] Guilherme: became mortal (standard mode)
[1:22:26 AM] [x4cz6#2] pandamora24: caused an explosion (EXTINGUISHER)
[1:22:33 AM] [x4cz6#1] Guilherme: enabled noclip
[1:22:38 AM] [x4cz6#1] Guilherme: became mortal (standard mode)
[1:23:02 AM] [x4cz6#4] Juzeziin: died from Pistol Mauser by Guilherme
[1:23:06 AM] [x4cz6#2] pandamora24: caused an explosion (EXTINGUISHER)
[1:23:48 AM] [x4cz6#2] pandamora24: enabled noclip
[1:24:02 AM] [x4cz6#2] pandamora24: teleported to player [#4] Juzeziin (x=1344.396, y=-1309.833, z=76.527)
[1:24:23 AM] [x4cz6#1] Guilherme: disconnected (Exiting)
[1:25:05 AM] [x4cz6#4] Juzeziin: enabled noclip
[1:25:22 AM] [x4cz6#4] Juzeziin: became mortal (standard mode)
[1:25:34 AM] [x4cz6#2] pandamora24: became mortal (standard mode)
[1:26:20 AM] [x4cz6#4] Juzeziin: died from Shotgun Pump by pandamora24
[1:27:31 AM] [x4cz6#4] Juzeziin: said "/togglechat"
[1:27:32 AM] [x4cz6#4] Juzeziin: said "/showui"
[1:27:57 AM] [x4cz6#4] Juzeziin: caused an explosion (EXTINGUISHER)
[1:28:25 AM] [x4cz6#4] Juzeziin: caused an explosion (EXTINGUISHER)
[1:29:35 AM] [x4cz6#2] pandamora24: disconnected (Exiting)
[1:30:35 AM] [x4cz6#4] Juzeziin: disconnected (Server->client connection timed out. Last seen 32545 msec ago.)
[5:23:20 AM] [x4cz6#5] Guilherme: joined with identifiers [steam:110000141cf789a; license:67804337e42836a789bf15e4cad22dbf5c40ee43; xbl:2535424788983736; live:844428408048897; discord:447225242939555852; license2:67804337e42836a789bf15e4cad22dbf5c40ee43]
[5:24:49 AM] [x4cz6#6] Ton: joined with identifiers [steam:11000014a6055cc; license:3fb6b1984ca7a8529e1716f7cddfcf015f164fa8; xbl:2535460237873614; live:985157234615138; discord:184811887425355777; license2:3fb6b1984ca7a8529e1716f7cddfcf015f164fa8]
[5:26:05 AM] [x4cz6#6] Ton: healed themself
[5:26:14 AM] [x4cz6#6] Ton: died from suicide (Fall)
[5:26:30 AM] [x4cz6#6] Ton: healed themself
[5:26:34 AM] [x4cz6#6] Ton: healed themself
[5:28:01 AM] [x4cz6#5] Guilherme: died from Revolver Schofield by Ton
[5:28:14 AM] [x4cz6#6] Ton: healed all players!
[5:28:24 AM] [x4cz6#6] Ton: died from Repeater Evans by Guilherme
[5:28:28 AM] [x4cz6#6] Ton: healed all players!
[5:28:51 AM] [x4cz6#6] Ton: teleported to player [#5] Guilherme (x=1363.609, y=304.549, z=87.311)
[5:42:56 AM] [x4cz6#5] Guilherme: disconnected ([txAdmin] Servidor reiniciando (requested by DestinyRoleplay2).)
[5:42:56 AM] [x4cz6#6] Ton: disconnected ([txAdmin] Servidor reiniciando (requested by DestinyRoleplay2).)
[5:43:16 AM] txAdmin: Logger started
[5:44:39 AM] [ABAGk#1] Guilherme: joined with identifiers [steam:110000141cf789a; license:67804337e42836a789bf15e4cad22dbf5c40ee43; xbl:2535424788983736; live:844428408048897; discord:447225242939555852; license2:67804337e42836a789bf15e4cad22dbf5c40ee43]
[5:49:20 AM] [ABAGk#1] Guilherme: said "heal"
[5:50:05 AM] [ABAGk#1] Guilherme: said "/tpn"
[5:53:25 AM] [ABAGk#2] Ton: joined with identifiers [steam:11000014a6055cc; license:3fb6b1984ca7a8529e1716f7cddfcf015f164fa8; xbl:2535460237873614; live:985157234615138; discord:184811887425355777; license2:3fb6b1984ca7a8529e1716f7cddfcf015f164fa8]
[5:54:54 AM] [ABAGk#2] Ton: teleported to player [#1] Guilherme (x=1424.440, y=281.327, z=89.552)
[6:00:56 AM] [ABAGk#2] Ton: teleported to player [#1] Guilherme (x=1247.604, y=-1288.114, z=75.853)
[6:02:27 AM] [ABAGk#2] Ton: said "/portal"
[6:04:33 AM] [ABAGk#2] Ton: enabled noclip
[6:04:37 AM] [ABAGk#1] Guilherme: enabled noclip
[6:06:28 AM] [ABAGk#2] Ton: became mortal (standard mode)
[6:06:44 AM] [ABAGk#1] Guilherme: became mortal (standard mode)
[6:07:39 AM] [ABAGk#2] Ton: died from suicide (Fall)
[6:07:41 AM] [ABAGk#2] Ton: healed themself
[6:09:03 AM] [ABAGk#2] Ton: died from suicide (Fall)
[6:12:18 AM] [ABAGk#2] Ton: said "tx"
[6:12:21 AM] [ABAGk#2] Ton: healed themself
[6:13:41 AM] [ABAGk#2] Ton: healed themself
[6:16:43 AM] [ABAGk#2] Ton: teleported to player [#1] Guilherme (x=1261.780, y=-6833.314, z=41.900)
[6:18:40 AM] [ABAGk#1] Guilherme: boosted their vehicle
[6:20:58 AM] [ABAGk#3] Hatook: joined with identifiers [steam:11000011753252c; license:fe588edeeb80d63b55e5b8968abe34b5d053a3d7; xbl:2535467413785738; live:1055521550076550; discord:364071785341255682; fivem:12434841; license2:fe588edeeb80d63b55e5b8968abe34b5d053a3d7]
[6:21:36 AM] [ABAGk#2] Ton: enabled noclip
[6:22:34 AM] [ABAGk#1] Guilherme: enabled noclip
[6:23:26 AM] [ABAGk#1] Guilherme: became mortal (standard mode)
[6:24:02 AM] [ABAGk#1] Guilherme: enabled noclip
[6:24:43 AM] [ABAGk#3] Hatook: said "/txtx"
[6:24:45 AM] [ABAGk#3] Hatook: turned show player IDs on
[6:24:50 AM] [ABAGk#3] Hatook: teleported to player [#1] Guilherme (x=2682.303, y=-6659.868, z=435.192)
[6:24:54 AM] [ABAGk#3] Hatook: died from suicide (Fall)
[6:25:03 AM] [ABAGk#3] Hatook: healed player [#3] Hatook
[6:25:04 AM] [ABAGk#3] Hatook: teleported to player [#3] Hatook (x=2645.499, y=-6652.035, z=338.474)
[6:25:11 AM] [ABAGk#1] Guilherme: became mortal (standard mode)
[6:25:13 AM] [ABAGk#1] Guilherme: died from suicide (Fall)
[6:25:38 AM] [ABAGk#3] Hatook: teleported to player [#1] Guilherme (x=1579.635, y=-8041.688, z=394.584)
[6:26:03 AM] [ABAGk#1] Guilherme: enabled noclip
[6:26:21 AM] [ABAGk#3] Hatook: said "/tp 1"
[6:26:22 AM] [ABAGk#1] Guilherme: became mortal (standard mode)
[6:26:28 AM] [ABAGk#3] Hatook: teleported to player [#1] Guilherme (x=1482.699, y=-7156.945, z=72.719)
[6:26:39 AM] [ABAGk#2] Ton: became mortal (standard mode)
[6:26:42 AM] [ABAGk#2] Ton: enabled noclip
[6:26:50 AM] [ABAGk#2] Ton: became mortal (standard mode)
[6:27:00 AM] [ABAGk#1] Guilherme: teleported to player [#2] Ton (x=1505.881, y=-7127.024, z=74.825)
[6:27:14 AM] [ABAGk#3] Hatook: teleported to player [#1] Guilherme (x=1514.295, y=-7131.811, z=73.325)
[6:27:52 AM] [ABAGk#1] Guilherme: died from suicide (Fall)
[6:28:44 AM] [ABAGk#3] Hatook: set [#1] Guilherme on fire
[6:28:54 AM] [ABAGk#1] Guilherme: enabled noclip
[6:29:09 AM] [ABAGk#2] Ton: healed themself
[6:29:10 AM] [ABAGk#1] Guilherme: became mortal (standard mode)
[6:29:42 AM] [ABAGk#2] Ton: healed themself
[6:29:43 AM] [ABAGk#2] Ton: healed themself
[6:32:28 AM] [ABAGk#2] Ton: enabled noclip
[6:32:30 AM] [ABAGk#2] Ton: became mortal (standard mode)
[6:32:59 AM] [ABAGk#2] Ton: healed themself
[6:34:21 AM] [ABAGk#2] Ton: enabled noclip
[6:34:23 AM] [ABAGk#2] Ton: became mortal (standard mode)
[6:34:27 AM] [ABAGk#2] Ton: enabled noclip
[6:34:30 AM] [ABAGk#2] Ton: became mortal (standard mode)
[6:35:09 AM] [ABAGk#2] Ton: teleported to player [#3] Hatook (x=1425.389, y=-7337.842, z=81.851)
[6:36:10 AM] [ABAGk#1] Guilherme: enabled noclip
[6:36:18 AM] [ABAGk#2] Ton: enabled noclip
[6:37:22 AM] [ABAGk#3] Hatook: teleported to player [#2] Ton (x=1343.855, y=-7070.954, z=133.850)
[6:37:27 AM] [ABAGk#3] Hatook: died from suicide (Fall)
[6:37:30 AM] [ABAGk#3] Hatook: healed themself
[6:38:31 AM] [ABAGk#3] Hatook: enabled noclip
[6:38:45 AM] [ABAGk#2] Ton: became mortal (standard mode)
[6:39:45 AM] [ABAGk#3] Hatook: became mortal (standard mode)
[6:41:30 AM] [ABAGk#2] Ton: enabled noclip
[6:41:34 AM] [ABAGk#2] Ton: became mortal (standard mode)
[6:42:39 AM] [ABAGk#1] Guilherme: became mortal (standard mode)
[6:42:50 AM] [ABAGk#3] Hatook: said "/wtx"
[6:42:57 AM] [ABAGk#3] Hatook: teleported to player [#1] Guilherme (x=990.949, y=-6729.046, z=58.329)
[6:43:56 AM] [ABAGk#3] Hatook: enabled noclip
[6:43:59 AM] [ABAGk#2] Ton: died from suicide (Fall)
[6:44:01 AM] [ABAGk#2] Ton: healed themself
[6:44:07 AM] [ABAGk#3] Hatook: became mortal (standard mode)
[6:46:21 AM] [ABAGk#1] Guilherme: enabled noclip
[6:46:33 AM] [ABAGk#1] Guilherme: became mortal (standard mode)
[6:47:13 AM] [ABAGk#3] Hatook: enabled noclip
[6:47:16 AM] [ABAGk#3] Hatook: became mortal (standard mode)
[6:47:32 AM] [ABAGk#2] Ton: enabled noclip
[6:47:35 AM] [ABAGk#3] Hatook: enabled noclip
[6:47:45 AM] [ABAGk#1] Guilherme: enabled noclip
[6:47:46 AM] [ABAGk#2] Ton: became mortal (standard mode)
[6:47:53 AM] [ABAGk#2] Ton: healed themself
[6:47:58 AM] [ABAGk#1] Guilherme: became mortal (standard mode)
[6:48:02 AM] [ABAGk#3] Hatook: teleported to player [#1] Guilherme (x=2023.661, y=-5494.549, z=43.316)
[6:48:10 AM] [ABAGk#2] Ton: teleported to player [#1] Guilherme (x=2002.378, y=-5492.123, z=44.141)
[6:48:22 AM] [ABAGk#3] Hatook: became mortal (standard mode)
[6:48:31 AM] [ABAGk#2] Ton: said "/t"
[6:48:34 AM] [ABAGk#1] Guilherme: enabled noclip
[6:49:29 AM] [ABAGk#1] Guilherme: became mortal (standard mode)
[6:51:19 AM] [ABAGk#3] Hatook: died from suicide (Fall)
[6:51:24 AM] [ABAGk#3] Hatook: healed themself
[6:51:50 AM] [ABAGk#2] Ton: died from Revolver Schofield by Hatook
[6:51:58 AM] [ABAGk#2] Ton: healed themself
[6:52:19 AM] [ABAGk#3] Hatook: died from Pistol Semiauto by Ton
[6:52:24 AM] [ABAGk#3] Hatook: healed themself
[6:53:25 AM] [ABAGk#2] Ton: caused an explosion (BOAT)
[6:53:26 AM] [ABAGk#2] Ton: died from suicide (Moonshinejug Mp)
[6:53:30 AM] [ABAGk#2] Ton: healed all players!
[6:53:52 AM] [ABAGk#3] Hatook: died from Thrown Throwing Knives by Ton
[6:54:01 AM] [ABAGk#3] Hatook: said "/rivive 3"
[6:54:04 AM] [ABAGk#3] Hatook: healed themself
[6:54:05 AM] [ABAGk#1] Guilherme: enabled noclip
[6:54:07 AM] [ABAGk#3] Hatook: said "/rivive 3"
[6:54:25 AM] [ABAGk#1] Guilherme: became mortal (standard mode)
[6:54:34 AM] [ABAGk#2] Ton: teleported to player [#1] Guilherme (x=1268.954, y=-6853.978, z=43.316)
[6:55:31 AM] [ABAGk#1] Guilherme: enabled noclip
[6:55:46 AM] [ABAGk#3] Hatook: enabled noclip
[6:55:59 AM] [ABAGk#1] Guilherme: became mortal (standard mode)
[6:56:14 AM] [ABAGk#3] Hatook: became mortal (standard mode)
[6:59:12 AM] [ABAGk#1] Guilherme: disconnected (Server shutting down: SIGHUP received)
[6:59:13 AM] [ABAGk#2] Ton: disconnected (Server shutting down: SIGHUP received)
[6:59:13 AM] [ABAGk#3] Hatook: disconnected (Server shutting down: SIGHUP received)

================================================================
======== txAdmin Starting - 2/1/2024, 6:59:25 AM                
================================================================
[6:59:43 AM] txAdmin: Logger started
[7:00:11 AM] [RgJT6#1] Guilherme: joined with identifiers [steam:110000141cf789a; license:67804337e42836a789bf15e4cad22dbf5c40ee43; xbl:2535424788983736; live:844428408048897; discord:447225242939555852; license2:67804337e42836a789bf15e4cad22dbf5c40ee43]
[7:01:37 AM] [RgJT6#1] Guilherme: enabled noclip
[7:01:47 AM] [RgJT6#1] Guilherme: became mortal (standard mode)
[7:03:00 AM] [RgJT6#2] Hatook: joined with identifiers [steam:11000011753252c; license:fe588edeeb80d63b55e5b8968abe34b5d053a3d7; xbl:2535467413785738; live:1055521550076550; discord:364071785341255682; fivem:12434841; license2:fe588edeeb80d63b55e5b8968abe34b5d053a3d7]
[7:05:47 AM] [RgJT6#2] Hatook: healed themself
[7:05:48 AM] [RgJT6#2] Hatook: enabled noclip
[7:07:36 AM] [RgJT6#2] Hatook: became mortal (standard mode)
[7:09:15 AM] [RgJT6#2] Hatook: said "/admmenu"
[7:11:58 AM] [RgJT6#3] Ton: joined with identifiers [steam:11000014a6055cc; license:3fb6b1984ca7a8529e1716f7cddfcf015f164fa8; xbl:2535460237873614; live:985157234615138; discord:184811887425355777; license2:3fb6b1984ca7a8529e1716f7cddfcf015f164fa8]
[7:13:25 AM] [RgJT6#2] Hatook: said "/sair_guarna"
[7:15:15 AM] [RgJT6#3] Ton: died from suicide (Alligator)
[7:15:22 AM] [RgJT6#3] Ton: healed themself
[7:25:07 AM] [RgJT6#2] Hatook: disconnected (Exiting)
[7:25:48 AM] [RgJT6#1] Guilherme: enabled noclip
[7:26:11 AM] [RgJT6#1] Guilherme: became mortal (standard mode)
[7:26:53 AM] [RgJT6#1] Guilherme: said "/kickall"
[7:28:20 AM] [RgJT6#1] Guilherme: disconnected ([txAdmin] no reason provided)
[7:28:24 AM] [RgJT6#3] Ton: disconnected ([txAdmin] no reason provided)

================================================================
======== txAdmin Starting - 2/1/2024, 7:28:35 AM                
================================================================
[7:28:40 AM] txAdmin: Logger started
[7:29:46 AM] [kR4XR#1] Guilherme: joined with identifiers [steam:110000141cf789a; license:67804337e42836a789bf15e4cad22dbf5c40ee43; xbl:2535424788983736; live:844428408048897; discord:447225242939555852; license2:67804337e42836a789bf15e4cad22dbf5c40ee43]
[7:29:59 AM] [kR4XR#2] Hatook: joined with identifiers [steam:11000011753252c; license:fe588edeeb80d63b55e5b8968abe34b5d053a3d7; xbl:2535467413785738; live:1055521550076550; discord:364071785341255682; fivem:12434841; license2:fe588edeeb80d63b55e5b8968abe34b5d053a3d7]
[7:31:33 AM] [kR4XR#1] Guilherme: enabled noclip
[7:31:50 AM] [kR4XR#1] Guilherme: became mortal (standard mode)
[7:35:17 AM] [kR4XR#1] Guilherme: disconnected (Server shutting down: SIGHUP received)
[7:35:17 AM] [kR4XR#2] Hatook: disconnected (Server shutting down: SIGHUP received)

================================================================
======== txAdmin Starting - 2/1/2024, 7:35:24 AM                
================================================================
[7:35:30 AM] txAdmin: Logger started
[7:35:58 AM] [pNFCQ#1] Guilherme: joined with identifiers [steam:110000141cf789a; license:67804337e42836a789bf15e4cad22dbf5c40ee43; xbl:2535424788983736; live:844428408048897; discord:447225242939555852; license2:67804337e42836a789bf15e4cad22dbf5c40ee43]
[7:37:39 AM] [pNFCQ#1] Guilherme: disconnected (Server shutting down: SIGHUP received)

================================================================
======== txAdmin Starting - 2/1/2024, 7:40:54 AM                
================================================================
[7:40:58 AM] txAdmin: Logger started
[7:41:45 AM] [nmDh8#1] Hatook: joined with identifiers [steam:11000011753252c; license:fe588edeeb80d63b55e5b8968abe34b5d053a3d7; xbl:2535467413785738; live:1055521550076550; discord:364071785341255682; fivem:12434841; license2:fe588edeeb80d63b55e5b8968abe34b5d053a3d7]
[7:43:25 AM] [nmDh8#1] Hatook: enabled noclip
[7:44:22 AM] [nmDh8#1] Hatook: became mortal (standard mode)
[7:45:07 AM] [nmDh8#1] Hatook: enabled noclip
[7:45:13 AM] [nmDh8#1] Hatook: became mortal (standard mode)
[7:45:56 AM] [nmDh8#1] Hatook: disconnected (Server shutting down: SIGHUP received)

================================================================
======== txAdmin Starting - 2/1/2024, 7:46:08 AM                
================================================================
[7:46:13 AM] txAdmin: Logger started
[7:46:42 AM] [njyEE#1] Guilherme: joined with identifiers [steam:110000141cf789a; license:67804337e42836a789bf15e4cad22dbf5c40ee43; xbl:2535424788983736; live:844428408048897; discord:447225242939555852; license2:67804337e42836a789bf15e4cad22dbf5c40ee43]
[7:48:15 AM] [njyEE#1] Guilherme: said "/qtpm"
[7:51:23 AM] [njyEE#1] Guilherme: disconnected (Exiting)

================================================================
======== txAdmin Starting - 2/1/2024, 7:52:55 AM                
================================================================
[7:53:00 AM] txAdmin: Logger started
[7:54:35 AM] [MKGcq#1] Ton: joined with identifiers [steam:11000014a6055cc; license:3fb6b1984ca7a8529e1716f7cddfcf015f164fa8; xbl:2535460237873614; live:985157234615138; discord:184811887425355777; license2:3fb6b1984ca7a8529e1716f7cddfcf015f164fa8]
[7:56:10 AM] [MKGcq#1] Ton: enabled noclip
[7:57:25 AM] [MKGcq#1] Ton: became mortal (standard mode)
[7:57:27 AM] [MKGcq#1] Ton: enabled noclip
[7:57:28 AM] [MKGcq#1] Ton: died from suicide (Fall)
[7:57:28 AM] [MKGcq#1] Ton: became mortal (standard mode)
[7:57:35 AM] [MKGcq#1] Ton: healed themself
[8:00:55 AM] [MKGcq#1] Ton: disconnected (Exiting)

================================================================
======== txAdmin Starting - 2/1/2024, 8:04:23 AM                
================================================================
[8:04:30 AM] txAdmin: Logger started
[8:04:39 AM] [86aUK#1] Juzeziin: joined with identifiers [steam:11000010941ba1b; license:9aef98b41d0ee0928a1fd59ed71aec60efe47168; xbl:2535462914078740; live:1688852524231800; discord:743349849675792424; fivem:2220289; license2:9aef98b41d0ee0928a1fd59ed71aec60efe47168]
[8:05:31 AM] [86aUK#1] Juzeziin: disconnected (DO NOT RENAME THE RESSOURCE !)

================================================================
======== txAdmin Starting - 2/1/2024, 8:07:46 AM                
================================================================
[8:07:53 AM] txAdmin: Logger started
[8:08:27 AM] [zDk4N#1] Juzeziin: joined with identifiers [steam:11000010941ba1b; license:9aef98b41d0ee0928a1fd59ed71aec60efe47168; xbl:2535462914078740; live:1688852524231800; discord:743349849675792424; fivem:2220289; license2:9aef98b41d0ee0928a1fd59ed71aec60efe47168]
[8:09:30 AM] [zDk4N#1] Juzeziin: teleported to coordinates (x=-2449.748, y=-2364.596, z=60.163)
[8:12:14 AM] [zDk4N#2] Ton: joined with identifiers [steam:11000014a6055cc; license:3fb6b1984ca7a8529e1716f7cddfcf015f164fa8; xbl:2535460237873614; live:985157234615138; discord:184811887425355777; license2:3fb6b1984ca7a8529e1716f7cddfcf015f164fa8]
[8:19:45 AM] [zDk4N#1] Juzeziin: teleported to coordinates (x=-2449.748, y=-2364.596, z=60.163)
[8:19:47 AM] [zDk4N#2] Ton: teleported to player [#1] Juzeziin (x=-2449.754, y=-2364.659, z=61.581)
[8:22:18 AM] [zDk4N#1] Juzeziin: enabled noclip
[8:22:24 AM] [zDk4N#1] Juzeziin: became mortal (standard mode)
[8:22:40 AM] [zDk4N#2] Ton: boosted their vehicle
[8:24:06 AM] [zDk4N#1] Juzeziin: teleported to coordinates (x=1325.920, y=-1325.270, z=77.920)
[8:24:30 AM] [zDk4N#1] Juzeziin: teleported to coordinates (x=1325.920, y=-1325.270, z=77.920)
[8:25:14 AM] [zDk4N#1] Juzeziin: died from suicide (Fall)
[8:25:19 AM] [zDk4N#1] Juzeziin: teleported to coordinates (x=-282.380, y=811.600, z=122.550)
[8:25:24 AM] [zDk4N#1] Juzeziin: said "revive 1"
[8:25:38 AM] [zDk4N#1] Juzeziin: enabled noclip
[8:25:41 AM] [zDk4N#1] Juzeziin: became mortal (standard mode)
[8:27:15 AM] [zDk4N#1] Juzeziin: enabled noclip
[8:27:18 AM] [zDk4N#1] Juzeziin: became mortal (standard mode)
[8:28:52 AM] [zDk4N#2] Ton: died from suicide (Fall)
[8:34:32 AM] [zDk4N#1] Juzeziin: enabled noclip
[8:34:40 AM] [zDk4N#1] Juzeziin: became mortal (standard mode)
[8:37:16 AM] [zDk4N#1] Juzeziin: enabled noclip
[8:37:19 AM] [zDk4N#1] Juzeziin: became mortal (standard mode)
[8:41:58 AM] [zDk4N#2] Ton: healed themself
[8:42:01 AM] [zDk4N#2] Ton: teleported to player [#1] Juzeziin (x=-273.521, y=842.136, z=119.157)
[8:43:28 AM] [zDk4N#2] Ton: died from suicide (Fall)
[8:43:32 AM] [zDk4N#2] Ton: healed themself
[8:48:21 AM] [zDk4N#1] Juzeziin: teleported to coordinates (x=-4406.028, y=-5252.182, z=-388.430)
[8:48:30 AM] [zDk4N#1] Juzeziin: enabled noclip
[8:48:49 AM] [zDk4N#1] Juzeziin: became mortal (standard mode)
[8:48:51 AM] [zDk4N#1] Juzeziin: enabled noclip
[8:50:01 AM] [zDk4N#2] Ton: died from suicide (Revolver Cattleman)
[8:50:04 AM] [zDk4N#2] Ton: healed themself
[8:53:31 AM] [zDk4N#1] Juzeziin: disconnected (Exiting)
[8:53:59 AM] [zDk4N#3] Juzeziin: joined with identifiers [steam:11000010941ba1b; license:9aef98b41d0ee0928a1fd59ed71aec60efe47168; xbl:2535462914078740; live:1688852524231800; discord:743349849675792424; fivem:2220289; license2:9aef98b41d0ee0928a1fd59ed71aec60efe47168]
[9:03:25 AM] [zDk4N#2] Ton: died from suicide (Bear)
[9:03:34 AM] [zDk4N#2] Ton: healed themself
[9:07:50 AM] [zDk4N#3] Juzeziin: teleported to coordinates (x=1273.910, y=-1329.900, z=78.530)
[9:08:22 AM] [zDk4N#2] Ton: said "/txc"
[9:08:27 AM] [zDk4N#2] Ton: teleported to player [#3] Juzeziin (x=1279.081, y=-1327.306, z=77.184)
[9:12:02 AM] [zDk4N#3] Juzeziin: died from suicide (Fall)
