
================================================================
======== Log Rotated - 1/30/2024, 12:00:00 AM                   
================================================================
[12:05:23 AM] [RLMyd#1] Guilherme: disconnected (Exiting)
[12:05:27 AM] [RLMyd#2] Juzeziin: disconnected (Exiting)

================================================================
======== txAdmin Starting - 1/30/2024, 12:34:24 AM              
================================================================
[12:34:30 AM] txAdmin: Logger started
[12:35:47 AM] [FjtK6#1] Guilherme: joined with identifiers [steam:110000141cf789a; license:67804337e42836a789bf15e4cad22dbf5c40ee43; xbl:2535424788983736; live:844428408048897; discord:447225242939555852; license2:67804337e42836a789bf15e4cad22dbf5c40ee43]
[12:42:35 AM] [FjtK6#2] pandamora24: joined with identifiers [steam:1100001328ab82e; license:88b1ee885e1d82a5372ced29f0241457261ab63a; xbl:2535438922289439; live:844425144694766; discord:668678545383358465; fivem:12887456; license2:88b1ee885e1d82a5372ced29f0241457261ab63a]
[12:42:53 AM] [FjtK6#1] Guilherme: said "/tanch"
[12:43:47 AM] [FjtK6#2] pandamora24: teleported to player [#1] Guilherme (x=1388.083, y=328.431, z=87.766)
[12:44:03 AM] [FjtK6#2] pandamora24: said "/pedmenu"
[12:44:06 AM] [FjtK6#2] pandamora24: said "/pedmenu1"
[12:54:05 AM] [FjtK6#2] pandamora24: said "/rach"
[12:57:35 AM] [FjtK6#3] Ton: joined with identifiers [steam:11000014a6055cc; license:3fb6b1984ca7a8529e1716f7cddfcf015f164fa8; xbl:2535460237873614; live:985157234615138; discord:184811887425355777; fivem:3784769; license2:3fb6b1984ca7a8529e1716f7cddfcf015f164fa8]
[12:58:26 AM] [FjtK6#3] Ton: teleported to player [#1] Guilherme (x=1395.244, y=308.281, z=88.996)
[12:58:40 AM] [FjtK6#3] Ton: said "/rach"
[1:02:26 AM] [FjtK6#3] Ton: teleported to player [#1] Guilherme (x=1361.235, y=283.371, z=88.456)
[1:02:42 AM] [FjtK6#2] pandamora24: spawned a vehicle (model: a_c_horse_shire_ravenblack)
[1:04:04 AM] [FjtK6#1] Guilherme: said "rake"
[1:37:12 AM] [FjtK6#2] pandamora24: disconnected (Exiting)
[1:49:17 AM] [FjtK6#1] Guilherme: spawned a vehicle (model: a_c_horse_turkoman_perlino)
[2:18:26 AM] [FjtK6#3] Ton: teleported to coordinates (x=2662.750, y=-1542.850, z=44.920)
[2:21:45 AM] [FjtK6#3] Ton: said "/teste"
[2:22:01 AM] [FjtK6#3] Ton: said "/teste"
[2:25:02 AM] [FjtK6#3] Ton: disconnected (Exiting)
[2:25:46 AM] [FjtK6#4] Ton: joined with identifiers [steam:11000014a6055cc; license:3fb6b1984ca7a8529e1716f7cddfcf015f164fa8; xbl:2535460237873614; live:985157234615138; discord:184811887425355777; fivem:3784769; license2:3fb6b1984ca7a8529e1716f7cddfcf015f164fa8]
[2:29:57 AM] [FjtK6#1] Guilherme: disconnected (Exiting)
[2:36:03 AM] [FjtK6#5] Hatook: joined with identifiers [steam:11000011753252c; license:fe588edeeb80d63b55e5b8968abe34b5d053a3d7; xbl:2535467413785738; live:1055521550076550; discord:364071785341255682; fivem:12434841; license2:fe588edeeb80d63b55e5b8968abe34b5d053a3d7]
[2:37:18 AM] [FjtK6#5] Hatook: said "/QIUT"
[2:37:18 AM] [FjtK6#5] Hatook: disconnected (Exiting)
[2:37:38 AM] [FjtK6#4] Ton: teleported to coordinates (x=2662.750, y=-1542.850, z=44.920)
[2:38:03 AM] [FjtK6#6] Hatook: joined with identifiers [steam:11000011753252c; license:fe588edeeb80d63b55e5b8968abe34b5d053a3d7; xbl:2535467413785738; live:1055521550076550; discord:364071785341255682; fivem:12434841; license2:fe588edeeb80d63b55e5b8968abe34b5d053a3d7]
[2:40:56 AM] [FjtK6#4] Ton: teleported to coordinates (x=2662.750, y=-1542.850, z=44.920)
[2:41:53 AM] [FjtK6#4] Ton: said "/resetWorld"
[2:42:39 AM] [FjtK6#6] Hatook: disconnected (Exiting)
[2:43:14 AM] [FjtK6#7] Hatook: joined with identifiers [steam:11000011753252c; license:fe588edeeb80d63b55e5b8968abe34b5d053a3d7; xbl:2535467413785738; live:1055521550076550; discord:364071785341255682; fivem:12434841; license2:fe588edeeb80d63b55e5b8968abe34b5d053a3d7]
[2:44:23 AM] [FjtK6#4] Ton: teleported to coordinates (x=2662.750, y=-1542.850, z=44.920)
[2:44:45 AM] [FjtK6#4] Ton: disconnected (Exiting)
[2:45:29 AM] [FjtK6#8] Ton: joined with identifiers [steam:11000014a6055cc; license:3fb6b1984ca7a8529e1716f7cddfcf015f164fa8; xbl:2535460237873614; live:985157234615138; discord:184811887425355777; fivem:3784769; license2:3fb6b1984ca7a8529e1716f7cddfcf015f164fa8]
[2:46:17 AM] [FjtK6#7] Hatook: said "/x"
[2:47:13 AM] [FjtK6#8] Ton: teleported to coordinates (x=2662.750, y=-1542.850, z=44.920)
[2:51:50 AM] [FjtK6#7] Hatook: said "/tdxd"
[2:51:53 AM] [FjtK6#7] Hatook: enabled noclip
[2:51:54 AM] [FjtK6#7] Hatook: became mortal (standard mode)
[2:52:07 AM] [FjtK6#7] Hatook: enabled noclip
[2:52:39 AM] [FjtK6#8] Ton: enabled noclip
[2:52:43 AM] [FjtK6#8] Ton: became mortal (standard mode)
[2:52:51 AM] [FjtK6#8] Ton: enabled noclip
[2:52:53 AM] [FjtK6#8] Ton: became mortal (standard mode)
[2:56:43 AM] [FjtK6#7] Hatook: said "x"
[2:56:46 AM] [FjtK6#7] Hatook: became mortal (standard mode)
[2:57:33 AM] [FjtK6#7] Hatook: said "/]tx"
[2:57:38 AM] [FjtK6#7] Hatook: spawned a vehicle (model: a_c_horse_arabian_redchestnut)
[2:57:55 AM] [FjtK6#7] Hatook: boosted their vehicle
[2:59:36 AM] [FjtK6#8] Ton: enabled noclip
[2:59:43 AM] [FjtK6#7] Hatook: said "/09tx"
[2:59:44 AM] [FjtK6#7] Hatook: enabled noclip
[2:59:49 AM] [FjtK6#8] Ton: became mortal (standard mode)
[3:00:07 AM] [FjtK6#8] Ton: said "/h"
[3:01:54 AM] [FjtK6#7] Hatook: turned show player IDs on
[3:02:29 AM] [FjtK6#8] Ton: disconnected (Exiting)
[3:04:56 AM] [FjtK6#7] Hatook: became mortal (standard mode)
[3:05:15 AM] [FjtK6#9] Ton: joined with identifiers [steam:11000014a6055cc; license:3fb6b1984ca7a8529e1716f7cddfcf015f164fa8; xbl:2535460237873614; live:985157234615138; discord:184811887425355777; fivem:3784769; license2:3fb6b1984ca7a8529e1716f7cddfcf015f164fa8]
[3:05:18 AM] [FjtK6#7] Hatook: enabled noclip
[3:07:40 AM] [FjtK6#9] Ton: disconnected (Exiting)
[3:08:23 AM] [FjtK6#10] Ton: joined with identifiers [steam:11000014a6055cc; license:3fb6b1984ca7a8529e1716f7cddfcf015f164fa8; xbl:2535460237873614; live:985157234615138; discord:184811887425355777; fivem:3784769; license2:3fb6b1984ca7a8529e1716f7cddfcf015f164fa8]
[3:09:39 AM] [FjtK6#7] Hatook: became mortal (standard mode)
[3:10:01 AM] [FjtK6#7] Hatook: enabled noclip
[3:10:03 AM] [FjtK6#7] Hatook: became mortal (standard mode)
[3:10:24 AM] [FjtK6#10] Ton: disconnected (Disconnected.)
[3:11:15 AM] [FjtK6#11] Ton: joined with identifiers [steam:11000014a6055cc; license:3fb6b1984ca7a8529e1716f7cddfcf015f164fa8; xbl:2535460237873614; live:985157234615138; discord:184811887425355777; fivem:3784769; license2:3fb6b1984ca7a8529e1716f7cddfcf015f164fa8]
[3:13:29 AM] [FjtK6#11] Ton: disconnected (Disconnected.)
[3:13:39 AM] [FjtK6#12] Ton: joined with identifiers [steam:11000014a6055cc; license:3fb6b1984ca7a8529e1716f7cddfcf015f164fa8; xbl:2535460237873614; live:985157234615138; discord:184811887425355777; fivem:3784769; license2:3fb6b1984ca7a8529e1716f7cddfcf015f164fa8]
[3:15:08 AM] [FjtK6#7] Hatook: enabled noclip
[3:16:08 AM] [FjtK6#12] Ton: said "/guarma"
[3:16:12 AM] [FjtK6#12] Ton: said "/guarma"
[3:16:27 AM] [FjtK6#12] Ton: said "/guarma"
[3:17:06 AM] [FjtK6#7] Hatook: died from suicide (Fall)
[3:17:10 AM] [FjtK6#7] Hatook: healed themself
[3:17:13 AM] [FjtK6#12] Ton: said "/guarma"
[3:17:15 AM] [FjtK6#7] Hatook: became mortal (standard mode)
[3:17:16 AM] [FjtK6#7] Hatook: enabled noclip
[3:17:26 AM] [FjtK6#7] Hatook: became mortal (standard mode)
[3:17:47 AM] [FjtK6#7] Hatook: enabled noclip
[3:17:49 AM] [FjtK6#12] Ton: disconnected (Disconnected.)
[3:17:56 AM] [FjtK6#7] Hatook: became mortal (standard mode)
[3:18:19 AM] [FjtK6#7] Hatook: healed themself
[3:18:38 AM] [FjtK6#13] Ton: joined with identifiers [steam:11000014a6055cc; license:3fb6b1984ca7a8529e1716f7cddfcf015f164fa8; xbl:2535460237873614; live:985157234615138; discord:184811887425355777; fivem:3784769; license2:3fb6b1984ca7a8529e1716f7cddfcf015f164fa8]
[3:18:48 AM] [FjtK6#7] Hatook: enabled noclip
[3:19:48 AM] [FjtK6#7] Hatook: died from suicide (Fall)
[3:22:47 AM] [FjtK6#13] Ton: disconnected (Disconnected.)
[3:22:59 AM] [FjtK6#14] Ton: joined with identifiers [steam:11000014a6055cc; license:3fb6b1984ca7a8529e1716f7cddfcf015f164fa8; xbl:2535460237873614; live:985157234615138; discord:184811887425355777; fivem:3784769; license2:3fb6b1984ca7a8529e1716f7cddfcf015f164fa8]
[3:28:07 AM] [FjtK6#7] Hatook: became mortal (standard mode)
[3:28:13 AM] [FjtK6#7] Hatook: healed themself
[3:28:31 AM] [FjtK6#7] Hatook: healed themself
[3:29:13 AM] [FjtK6#7] Hatook: healed themself
[3:30:35 AM] [FjtK6#7] Hatook: died from suicide (Fall)
[3:30:36 AM] [FjtK6#7] Hatook: healed themself
[3:30:48 AM] [FjtK6#7] Hatook: enabled noclip
[3:30:50 AM] [FjtK6#7] Hatook: became mortal (standard mode)
[3:31:24 AM] [FjtK6#7] Hatook: enabled noclip
[3:31:27 AM] [FjtK6#7] Hatook: became mortal (standard mode)
[3:31:40 AM] [FjtK6#7] Hatook: enabled noclip
[3:31:42 AM] [FjtK6#7] Hatook: turned show player IDs off
[3:31:44 AM] [FjtK6#7] Hatook: became mortal (standard mode)
[3:31:44 AM] [FjtK6#7] Hatook: turned show player IDs on
[3:31:52 AM] [FjtK6#7] Hatook: healed themself
[3:31:54 AM] [FjtK6#7] Hatook: enabled noclip
[3:31:57 AM] [FjtK6#7] Hatook: became mortal (standard mode)
[3:32:44 AM] [FjtK6#14] Ton: teleported to a waypoint
[3:33:03 AM] [FjtK6#7] Hatook: died from suicide (Fall)
[3:33:03 AM] [FjtK6#7] Hatook: spawned a vehicle (model: buggy02)
[3:33:05 AM] [FjtK6#7] Hatook: healed themself
[3:33:23 AM] [FjtK6#7] Hatook: enabled noclip
[3:33:27 AM] [FjtK6#7] Hatook: became mortal (standard mode)
[3:33:34 AM] [FjtK6#7] Hatook: disconnected (Exiting)
[3:35:25 AM] [FjtK6#14] Ton: died from suicide (Alligator)
[3:35:32 AM] [FjtK6#14] Ton: said "/rivive 14"
[3:38:22 AM] [FjtK6#14] Ton: said "/port al"
[3:41:29 AM] [FjtK6#14] Ton: enabled noclip
[3:42:23 AM] [FjtK6#14] Ton: became mortal (standard mode)
[3:48:42 AM] [FjtK6#14] Ton: boosted their vehicle
[3:51:09 AM] [FjtK6#14] Ton: enabled noclip
[3:56:21 AM] [FjtK6#14] Ton: became mortal (standard mode)
[3:56:56 AM] [FjtK6#14] Ton: died from suicide (Fall)
[3:56:59 AM] [FjtK6#14] Ton: enabled noclip
[3:57:10 AM] [FjtK6#14] Ton: became mortal (standard mode)
[3:57:15 AM] [FjtK6#14] Ton: healed themself
[4:05:34 AM] [FjtK6#15] Hatook: joined with identifiers [steam:11000011753252c; license:fe588edeeb80d63b55e5b8968abe34b5d053a3d7; xbl:2535467413785738; live:1055521550076550; discord:364071785341255682; fivem:12434841; license2:fe588edeeb80d63b55e5b8968abe34b5d053a3d7]
[4:07:13 AM] [FjtK6#14] Ton: disconnected (Server->client connection timed out. Last seen 53802 msec ago.)
[4:08:19 AM] [FjtK6#15] Hatook: died from suicide (Fall)
[4:08:28 AM] [FjtK6#15] Hatook: healed themself
[4:08:34 AM] [FjtK6#15] Hatook: healed themself
[4:08:42 AM] [FjtK6#15] Hatook: enabled noclip
[4:09:12 AM] [FjtK6#15] Hatook: said "/id"
[4:09:45 AM] [FjtK6#15] Hatook: became mortal (standard mode)
[4:09:57 AM] [FjtK6#15] Hatook: enabled noclip
[4:11:09 AM] [FjtK6#15] Hatook: became mortal (standard mode)
[4:18:41 AM] [FjtK6#16] Ton: joined with identifiers [steam:11000014a6055cc; license:3fb6b1984ca7a8529e1716f7cddfcf015f164fa8; xbl:2535460237873614; live:985157234615138; discord:184811887425355777; fivem:3784769; license2:3fb6b1984ca7a8529e1716f7cddfcf015f164fa8]
[4:42:09 AM] [FjtK6#15] Hatook: said "/rxc"
[4:42:11 AM] [FjtK6#15] Hatook: said "/rxc"
[5:02:00 AM] [FjtK6#16] Ton: said "/clear"
[5:16:36 AM] [FjtK6#15] Hatook: disconnected (Exiting)
[5:45:30 AM] [FjtK6#16] Ton: disconnected (Exiting)

================================================================
======== txAdmin Starting - 1/30/2024, 11:00:12 PM              
================================================================
[11:00:27 PM] txAdmin: Logger started
[11:02:58 PM] [pxUW3#1] Guilherme: joined with identifiers [steam:110000141cf789a; license:67804337e42836a789bf15e4cad22dbf5c40ee43; xbl:2535424788983736; live:844428408048897; discord:447225242939555852; license2:67804337e42836a789bf15e4cad22dbf5c40ee43]
[11:05:00 PM] [pxUW3#1] Guilherme: teleported to coordinates (x=-2392.170, y=-2375.760, z=60.170)
[11:11:08 PM] [pxUW3#2] pandamora24: joined with identifiers [steam:1100001328ab82e; license:88b1ee885e1d82a5372ced29f0241457261ab63a; xbl:2535438922289439; live:844425144694766; discord:668678545383358465; fivem:12887456; license2:88b1ee885e1d82a5372ced29f0241457261ab63a]
[11:13:49 PM] [pxUW3#2] pandamora24: teleported to player [#1] Guilherme (x=-2387.525, y=-2374.985, z=61.193)
[11:24:09 PM] [pxUW3#2] pandamora24: teleported to player [#1] Guilherme (x=2622.923, y=-1220.822, z=53.291)
[11:34:48 PM] [pxUW3#2] pandamora24: died from suicide (Fall)
[11:57:54 PM] [pxUW3#1] Guilherme: disconnected (Exiting)
[11:58:01 PM] [pxUW3#2] pandamora24: disconnected ([txAdmin] Server restarting (requested by DestinyRoleplay2).)
[11:58:11 PM] txAdmin: Logger started
