
================================================================
======== Log Rotated - 1/31/2024, 12:00:00 AM                   
================================================================
[12:01:34 AM] txAdmin: Logger started
[1:21:04 AM] txAdmin: Logger started
[1:22:07 AM] [tVHnt#1] Guilherme: joined with identifiers [steam:110000141cf789a; license:67804337e42836a789bf15e4cad22dbf5c40ee43; xbl:2535424788983736; live:844428408048897; discord:447225242939555852; license2:67804337e42836a789bf15e4cad22dbf5c40ee43]
[1:26:35 AM] [tVHnt#1] Guilherme: disconnected ([txAdmin] Servidor reiniciando (requested by DestinyRoleplay2).)
[1:26:45 AM] txAdmin: Logger started
[1:29:15 AM] [D8HAz#1] Guilherme: joined with identifiers [steam:110000141cf789a; license:67804337e42836a789bf15e4cad22dbf5c40ee43; xbl:2535424788983736; live:844428408048897; discord:447225242939555852; license2:67804337e42836a789bf15e4cad22dbf5c40ee43]
[1:30:35 AM] [D8HAz#1] Guilherme: disconnected (Game crashed: ntdll.dll!RtlReportFatalFailure (0x9))

================================================================
======== txAdmin Starting - 1/31/2024, 1:38:39 AM               
================================================================
[1:39:11 AM] txAdmin: Logger started

================================================================
======== txAdmin Starting - 1/31/2024, 1:44:59 AM               
================================================================
[1:45:03 AM] txAdmin: Logger started
[1:46:13 AM] [rW39K#1] Guilherme: joined with identifiers [steam:110000141cf789a; license:67804337e42836a789bf15e4cad22dbf5c40ee43; xbl:2535424788983736; live:844428408048897; discord:447225242939555852; license2:67804337e42836a789bf15e4cad22dbf5c40ee43]
[1:50:35 AM] [rW39K#1] Guilherme: disconnected (Exiting)
[1:51:02 AM] txAdmin: Logger started
[1:52:03 AM] [gi3md#1] Guilherme: joined with identifiers [steam:110000141cf789a; license:67804337e42836a789bf15e4cad22dbf5c40ee43; xbl:2535424788983736; live:844428408048897; discord:447225242939555852; license2:67804337e42836a789bf15e4cad22dbf5c40ee43]
[1:55:26 AM] [gi3md#1] Guilherme: disconnected (Exiting)
[2:27:29 AM] [gi3md#2] Ton: joined with identifiers [steam:11000014a6055cc; license:3fb6b1984ca7a8529e1716f7cddfcf015f164fa8; xbl:2535460237873614; live:985157234615138; discord:184811887425355777; license2:3fb6b1984ca7a8529e1716f7cddfcf015f164fa8]
[2:44:21 AM] [gi3md#2] Ton: disconnected (Server shutting down: SIGHUP received)

================================================================
======== txAdmin Starting - 1/31/2024, 3:46:18 AM               
================================================================
[3:46:22 AM] txAdmin: Logger started

================================================================
======== txAdmin Starting - 1/31/2024, 3:47:33 AM               
================================================================
[3:47:47 AM] txAdmin: Logger started
[3:48:36 AM] [EcPr3#1] Guilherme: joined with identifiers [steam:110000141cf789a; license:67804337e42836a789bf15e4cad22dbf5c40ee43; xbl:2535424788983736; live:844428408048897; discord:447225242939555852; license2:67804337e42836a789bf15e4cad22dbf5c40ee43]
[3:57:22 AM] [EcPr3#1] Guilherme: disconnected (Exiting)
[3:57:45 AM] txAdmin: Logger started
[3:58:31 AM] [MFAQL#1] Guilherme: joined with identifiers [steam:110000141cf789a; license:67804337e42836a789bf15e4cad22dbf5c40ee43; xbl:2535424788983736; live:844428408048897; discord:447225242939555852; license2:67804337e42836a789bf15e4cad22dbf5c40ee43]
[4:00:02 AM] [MFAQL#2] Hatook: joined with identifiers [steam:11000011753252c; license:fe588edeeb80d63b55e5b8968abe34b5d053a3d7; xbl:2535467413785738; live:1055521550076550; discord:364071785341255682; fivem:12434841; license2:fe588edeeb80d63b55e5b8968abe34b5d053a3d7]
[4:03:32 AM] [MFAQL#2] Hatook: said "/nc"
[4:03:36 AM] [MFAQL#2] Hatook: enabled noclip
[4:04:51 AM] [MFAQL#2] Hatook: teleported to player [#1] Guilherme (x=2640.290, y=-1227.481, z=53.375)
[4:05:05 AM] [MFAQL#2] Hatook: became mortal (standard mode)
[4:06:06 AM] [MFAQL#1] Guilherme: enabled noclip
[4:07:15 AM] [MFAQL#1] Guilherme: said "/pm"
[4:07:49 AM] [MFAQL#2] Hatook: teleported to player [#1] Guilherme (x=-1457.024, y=-1462.035, z=-24.016)
[4:08:07 AM] [MFAQL#1] Guilherme: teleported to player [#2] Hatook (x=-1375.543, y=-1468.141, z=92.298)
[4:08:48 AM] [MFAQL#2] Hatook: teleported to player [#1] Guilherme (x=-1295.011, y=-1535.683, z=96.780)
[4:08:51 AM] [MFAQL#2] Hatook: died from suicide (Fall)
[4:09:14 AM] [MFAQL#1] Guilherme: became mortal (standard mode)
[4:13:00 AM] [MFAQL#1] Guilherme: enabled noclip
[4:13:08 AM] [MFAQL#1] Guilherme: became mortal (standard mode)
[4:14:10 AM] [MFAQL#2] Hatook: teleported to player [#1] Guilherme (x=-1359.560, y=-1493.314, z=85.070)
[4:16:09 AM] [MFAQL#2] Hatook: enabled noclip
[4:17:55 AM] [MFAQL#2] Hatook: teleported to player [#1] Guilherme (x=-1252.035, y=-1631.288, z=82.020)
[4:18:01 AM] [MFAQL#2] Hatook: became mortal (standard mode)
[4:18:49 AM] [MFAQL#1] Guilherme: enabled noclip
[4:19:33 AM] [MFAQL#2] Hatook: teleported to player [#1] Guilherme (x=-1497.705, y=-1448.163, z=106.755)
[4:19:42 AM] [MFAQL#2] Hatook: enabled noclip
[4:22:07 AM] [MFAQL#2] Hatook: became mortal (standard mode)
[4:23:32 AM] [MFAQL#2] Hatook: teleported to player [#1] Guilherme (x=-1394.796, y=-1433.710, z=127.700)
[4:23:35 AM] [MFAQL#2] Hatook: died from suicide (Fall)
[4:23:37 AM] [MFAQL#2] Hatook: healed themself
[4:23:48 AM] [MFAQL#1] Guilherme: became mortal (standard mode)
[4:26:02 AM] [MFAQL#2] Hatook: teleported to player [#1] Guilherme (x=-1359.864, y=-1471.451, z=89.703)
[4:26:23 AM] [MFAQL#2] Hatook: teleported to player [#1] Guilherme (x=-1321.226, y=-1631.578, z=86.569)
[4:27:49 AM] [MFAQL#2] Hatook: spawned a vehicle (model: coach2)
[4:29:50 AM] [MFAQL#2] Hatook: deleted a vehicle
[4:30:01 AM] [MFAQL#2] Hatook: died from suicide (Fall)
[4:30:04 AM] [MFAQL#2] Hatook: teleported to player [#1] Guilherme (x=-1318.022, y=-1633.503, z=86.283)
[4:30:10 AM] [MFAQL#2] Hatook: healed themself
[4:30:32 AM] [MFAQL#2] Hatook: died from Pistol Mauser by Guilherme
[4:30:36 AM] [MFAQL#2] Hatook: healed themself
[4:30:56 AM] [MFAQL#2] Hatook: turned show player IDs on
[4:31:46 AM] [MFAQL#2] Hatook: healed themself
[4:32:47 AM] [MFAQL#2] Hatook: healed themself
[4:34:14 AM] [MFAQL#2] Hatook: died from suicide (Fall)
[4:34:19 AM] [MFAQL#2] Hatook: healed themself
[4:37:33 AM] [MFAQL#2] Hatook: died from Pistol Mauser by Guilherme
[4:38:00 AM] [MFAQL#2] Hatook: healed themself
[4:38:02 AM] [MFAQL#2] Hatook: healed themself
[4:38:04 AM] [MFAQL#2] Hatook: healed themself
[4:38:04 AM] [MFAQL#2] Hatook: healed themself
[4:38:05 AM] [MFAQL#2] Hatook: healed themself
[4:38:05 AM] [MFAQL#2] Hatook: healed themself
[4:38:05 AM] [MFAQL#2] Hatook: healed themself
[4:38:05 AM] [MFAQL#2] Hatook: healed themself
[4:38:13 AM] [MFAQL#1] Guilherme: died from Sniperrifle Carcano by Hatook
[4:38:30 AM] [MFAQL#2] Hatook: died from Pistol Mauser by Guilherme
[4:39:01 AM] [MFAQL#1] Guilherme: died from Revolver Lemat by Hatook
[4:39:26 AM] [MFAQL#1] Guilherme: died from Sniperrifle Carcano by Hatook
[4:41:02 AM] [MFAQL#2] Hatook: died from Sniperrifle Carcano by Guilherme
[4:41:23 AM] [MFAQL#2] Hatook: said "/ADMIN"
[4:41:45 AM] [MFAQL#1] Guilherme: died from Shotgun Semiauto by Hatook
[4:41:55 AM] [MFAQL#1] Guilherme: died from Revolver Lemat by Hatook
[4:43:42 AM] [MFAQL#1] Guilherme: enabled noclip
[4:44:09 AM] [MFAQL#2] Hatook: enabled noclip
[4:44:14 AM] [MFAQL#2] Hatook: teleported to player [#1] Guilherme (x=-1254.831, y=-1629.679, z=98.718)
[4:44:35 AM] [MFAQL#1] Guilherme: became mortal (standard mode)
[4:44:39 AM] [MFAQL#1] Guilherme: teleported to player [#2] Hatook (x=-970.048, y=-1039.147, z=62.541)
[4:45:24 AM] [MFAQL#1] Guilherme: enabled noclip
[4:45:45 AM] [MFAQL#1] Guilherme: became mortal (standard mode)
[4:46:23 AM] [MFAQL#2] Hatook: became mortal (standard mode)
[4:57:16 AM] [MFAQL#2] Hatook: died from Sniperrifle Carcano by Guilherme
[4:57:21 AM] [MFAQL#2] Hatook: healed themself
[4:58:49 AM] [MFAQL#1] Guilherme: enabled noclip
[4:58:55 AM] [MFAQL#1] Guilherme: became mortal (standard mode)
[4:59:49 AM] [MFAQL#1] Guilherme: said "tx"
[4:59:55 AM] [MFAQL#1] Guilherme: enabled noclip
[5:00:14 AM] [MFAQL#2] Hatook: summoned player [#1] Guilherme
[5:00:21 AM] [MFAQL#1] Guilherme: became mortal (standard mode)
[5:01:23 AM] [MFAQL#2] Hatook: teleported to player [#1] Guilherme (x=-1249.556, y=-1618.602, z=81.632)
[5:02:56 AM] [MFAQL#1] Guilherme: enabled noclip
[5:03:18 AM] [MFAQL#1] Guilherme: teleported to player [#2] Hatook (x=-1261.292, y=-1676.980, z=82.323)
[5:03:40 AM] [MFAQL#1] Guilherme: became mortal (standard mode)
[5:03:46 AM] [MFAQL#1] Guilherme: enabled noclip
[5:03:53 AM] [MFAQL#1] Guilherme: became mortal (standard mode)
[5:04:02 AM] [MFAQL#1] Guilherme: said "/gunt"
[5:11:52 AM] [MFAQL#2] Hatook: teleported to player [#1] Guilherme (x=-746.281, y=-1279.556, z=43.215)
[5:15:23 AM] [MFAQL#1] Guilherme: died from Lasso by Hatook
[5:16:05 AM] [MFAQL#1] Guilherme: died from suicide (Drowning)
[5:20:29 AM] [MFAQL#2] Hatook: said "w"
[5:23:25 AM] [MFAQL#2] Hatook: teleported to player [#1] Guilherme (x=-5512.932, y=-2958.171, z=-1.589)
[5:26:49 AM] [MFAQL#2] Hatook: teleported to player [#1] Guilherme (x=-281.631, y=792.844, z=118.668)
[5:36:27 AM] [MFAQL#1] Guilherme: teleported to coordinates (x=-288.070, y=804.330, z=119.390)
[5:38:42 AM] [MFAQL#2] Hatook: died from suicide (Fall)
[5:38:46 AM] [MFAQL#2] Hatook: said "/dvtx"
[5:38:49 AM] [MFAQL#2] Hatook: healed themself
[5:39:00 AM] [MFAQL#2] Hatook: disconnected (Game crashed: RDR2_b1491.exe!sub_1411917A8 (0x1a))
[5:40:03 AM] [MFAQL#3] Hatook: joined with identifiers [steam:11000011753252c; license:fe588edeeb80d63b55e5b8968abe34b5d053a3d7; xbl:2535467413785738; live:1055521550076550; discord:364071785341255682; fivem:12434841; license2:fe588edeeb80d63b55e5b8968abe34b5d053a3d7]
[5:42:31 AM] [MFAQL#3] Hatook: died from suicide (Fall)
[5:42:59 AM] [MFAQL#3] Hatook: said "/tp 1"
[5:43:13 AM] [MFAQL#3] Hatook: teleported to player [#1] Guilherme (x=-280.985, y=780.712, z=119.511)
[6:17:22 AM] [MFAQL#4] Juzeziin: joined with identifiers [steam:11000010941ba1b; license:9aef98b41d0ee0928a1fd59ed71aec60efe47168; xbl:2535462914078740; live:1688852524231800; discord:743349849675792424; fivem:2220289; license2:9aef98b41d0ee0928a1fd59ed71aec60efe47168]
[6:19:04 AM] [MFAQL#4] Juzeziin: said "/portal"
[6:20:42 AM] [MFAQL#3] Hatook: said "/rxc"
[6:28:18 AM] [MFAQL#4] Juzeziin: died from suicide (Fall)
[6:28:54 AM] [MFAQL#1] Guilherme: enabled noclip
[6:28:58 AM] [MFAQL#1] Guilherme: became mortal (standard mode)
[6:28:59 AM] [MFAQL#1] Guilherme: enabled noclip
[6:29:07 AM] [MFAQL#1] Guilherme: became mortal (standard mode)
[6:30:34 AM] [MFAQL#3] Hatook: teleported to player [#1] Guilherme (x=-727.464, y=140.651, z=41.445)
[6:30:36 AM] [MFAQL#1] Guilherme: enabled noclip
[6:30:44 AM] [MFAQL#3] Hatook: turned show player IDs on
[6:30:45 AM] [MFAQL#1] Guilherme: became mortal (standard mode)
[6:30:48 AM] [MFAQL#1] Guilherme: enabled noclip
[6:30:51 AM] [MFAQL#1] Guilherme: became mortal (standard mode)
[6:30:53 AM] [MFAQL#3] Hatook: teleported to player [#1] Guilherme (x=-437.670, y=8.242, z=41.698)
[6:32:56 AM] [MFAQL#3] Hatook: died from Sniperrifle Carcano by Guilherme
[6:33:20 AM] [MFAQL#3] Hatook: died from Sniperrifle Carcano by Guilherme
[6:33:23 AM] [MFAQL#3] Hatook: healed themself
[6:34:12 AM] [MFAQL#3] Hatook: died from Sniperrifle Carcano by Guilherme
[6:34:15 AM] [MFAQL#3] Hatook: healed themself
[6:34:18 AM] [MFAQL#1] Guilherme: died from Revolver Lemat by Hatook
[6:34:34 AM] [MFAQL#3] Hatook: healed themself
[6:34:44 AM] [MFAQL#3] Hatook: healed themself
[6:34:47 AM] [MFAQL#3] Hatook: died from Pistol Mauser by Guilherme
[6:34:47 AM] [MFAQL#3] Hatook: healed themself
[6:34:50 AM] [MFAQL#3] Hatook: said "rx"
[6:35:27 AM] [MFAQL#1] Guilherme: disconnected (Exiting)
[6:35:50 AM] [MFAQL#3] Hatook: disconnected (Exiting)
[7:22:08 AM] [MFAQL#4] Juzeziin: said "~"
[7:22:27 AM] [MFAQL#5] Ton: joined with identifiers [steam:11000014a6055cc; license:3fb6b1984ca7a8529e1716f7cddfcf015f164fa8; xbl:2535460237873614; live:985157234615138; discord:184811887425355777; license2:3fb6b1984ca7a8529e1716f7cddfcf015f164fa8]
[7:23:54 AM] [MFAQL#5] Ton: disconnected (Exiting)
[7:24:35 AM] [MFAQL#4] Juzeziin: died from suicide (Fall)
[7:24:46 AM] [MFAQL#6] Ton: joined with identifiers [steam:11000014a6055cc; license:3fb6b1984ca7a8529e1716f7cddfcf015f164fa8; xbl:2535460237873614; live:985157234615138; discord:184811887425355777; license2:3fb6b1984ca7a8529e1716f7cddfcf015f164fa8]
[7:30:03 AM] [MFAQL#4] Juzeziin: died from suicide (Fall)
[7:34:19 AM] [MFAQL#4] Juzeziin: died from suicide (Fall)
[7:44:35 AM] [MFAQL#6] Ton: boosted their vehicle
[7:46:43 AM] [MFAQL#6] Ton: enabled noclip
[7:46:46 AM] [MFAQL#6] Ton: became mortal (standard mode)
[7:46:48 AM] [MFAQL#6] Ton: enabled noclip
[7:46:53 AM] [MFAQL#6] Ton: became mortal (standard mode)
[7:47:41 AM] [MFAQL#6] Ton: said "/pedmenu"
[7:47:44 AM] [MFAQL#6] Ton: enabled noclip
[7:48:00 AM] [MFAQL#4] Juzeziin: died from suicide (Fall)
[7:51:07 AM] [MFAQL#6] Ton: became mortal (standard mode)
[7:51:25 AM] [MFAQL#4] Juzeziin: died from suicide (Fall)
[7:53:14 AM] [MFAQL#4] Juzeziin: died from suicide (Fall)
[7:53:29 AM] [MFAQL#6] Ton: enabled super jump
[7:59:33 AM] [MFAQL#6] Ton: said "/ammo 250"
[8:00:48 AM] [MFAQL#6] Ton: boosted their vehicle
[8:02:08 AM] [MFAQL#6] Ton: said "/portal"
[8:02:52 AM] [MFAQL#6] Ton: said "/bow"
[8:02:54 AM] [MFAQL#6] Ton: said "/bandana"
[8:02:56 AM] [MFAQL#6] Ton: said "/bandana"
[8:02:57 AM] [MFAQL#6] Ton: said "/bandana"
[8:02:57 AM] [MFAQL#6] Ton: said "/bandana"
[8:02:57 AM] [MFAQL#6] Ton: said "/bandana"
[8:02:57 AM] [MFAQL#6] Ton: said "/bandana"
[8:03:17 AM] [MFAQL#6] Ton: said "/scale 1"
[8:03:19 AM] [MFAQL#6] Ton: said "/scale 10"
[8:12:31 AM] [MFAQL#6] Ton: died from suicide (Fall)
[8:33:37 AM] [MFAQL#6] Ton: disconnected (Exiting)
[8:45:49 AM] [MFAQL#4] Juzeziin: said "/tpnm"
[8:56:46 AM] [MFAQL#4] Juzeziin: teleported to coordinates (x=0.000, y=-0.130, z=1.580)
[9:06:50 AM] [MFAQL#4] Juzeziin: died from suicide (Fall)
[10:28:55 AM] [MFAQL#4] Juzeziin: disconnected (Game crashed: RDR2_b1491.exe!sub_1470E9CA9 (0x1c9))

================================================================
======== txAdmin Starting - 1/31/2024, 5:59:18 PM               
================================================================
[5:59:34 PM] txAdmin: Logger started
[6:01:38 PM] [WrNc9#1] Guilherme: joined with identifiers [steam:110000141cf789a; license:67804337e42836a789bf15e4cad22dbf5c40ee43; xbl:2535424788983736; live:844428408048897; discord:447225242939555852; license2:67804337e42836a789bf15e4cad22dbf5c40ee43]
[6:34:45 PM] [WrNc9#1] Guilherme: disconnected (Exiting)

================================================================
======== txAdmin Starting - 1/31/2024, 9:22:59 PM               
================================================================
[9:23:05 PM] txAdmin: Logger started

================================================================
======== txAdmin Starting - 1/31/2024, 9:24:46 PM               
================================================================
[9:24:50 PM] txAdmin: Logger started

================================================================
======== txAdmin Starting - 1/31/2024, 9:26:49 PM               
================================================================
[9:26:54 PM] txAdmin: Logger started

================================================================
======== txAdmin Starting - 1/31/2024, 9:28:01 PM               
================================================================
[9:28:05 PM] txAdmin: Logger started

================================================================
======== txAdmin Starting - 1/31/2024, 9:39:16 PM               
================================================================
[9:39:21 PM] txAdmin: Logger started
[9:40:33 PM] [63Dyc#1] Guilherme: joined with identifiers [steam:110000141cf789a; license:67804337e42836a789bf15e4cad22dbf5c40ee43; xbl:2535424788983736; live:844428408048897; discord:447225242939555852; license2:67804337e42836a789bf15e4cad22dbf5c40ee43]
[9:44:01 PM] [63Dyc#2] pandamora24: joined with identifiers [steam:1100001328ab82e; license:88b1ee885e1d82a5372ced29f0241457261ab63a; xbl:2535438922289439; live:844425144694766; discord:668678545383358465; fivem:12887456; license2:88b1ee885e1d82a5372ced29f0241457261ab63a]
[9:45:40 PM] [63Dyc#2] pandamora24: died from suicide (Fall)
[9:46:04 PM] [63Dyc#2] pandamora24: healed themself
[9:46:13 PM] [63Dyc#2] pandamora24: teleported to player [#1] Guilherme (x=2523.508, y=-1263.600, z=49.112)
[9:46:16 PM] [63Dyc#1] Guilherme: enabled noclip
[9:46:19 PM] [63Dyc#1] Guilherme: became mortal (standard mode)
[9:46:21 PM] [63Dyc#2] pandamora24: healed player [#1] Guilherme
[9:49:17 PM] [63Dyc#1] Guilherme: enabled noclip
[9:50:28 PM] [63Dyc#1] Guilherme: became mortal (standard mode)
[9:50:29 PM] [63Dyc#1] Guilherme: enabled noclip
[9:50:37 PM] [63Dyc#1] Guilherme: became mortal (standard mode)
[9:50:47 PM] [63Dyc#1] Guilherme: enabled noclip
[9:51:18 PM] [63Dyc#1] Guilherme: became mortal (standard mode)
[10:02:48 PM] [63Dyc#1] Guilherme: enabled noclip
[10:03:15 PM] [63Dyc#2] pandamora24: said "/SPUNNER"
[10:03:22 PM] [63Dyc#1] Guilherme: became mortal (standard mode)
[10:03:23 PM] [63Dyc#2] pandamora24: disconnected (Exiting)
[10:04:53 PM] [63Dyc#3] pandamora24: joined with identifiers [steam:1100001328ab82e; license:88b1ee885e1d82a5372ced29f0241457261ab63a; xbl:2535438922289439; live:844425144694766; discord:668678545383358465; fivem:12887456; license2:88b1ee885e1d82a5372ced29f0241457261ab63a]
[10:06:49 PM] [63Dyc#3] pandamora24: teleported to player [#1] Guilherme (x=2678.347, y=-418.404, z=42.675)
[10:08:49 PM] [63Dyc#3] pandamora24: died from Melee Knife Horror by Guilherme
[10:09:06 PM] [63Dyc#3] pandamora24: healed themself
[10:13:08 PM] [63Dyc#1] Guilherme: enabled noclip
[10:13:17 PM] [63Dyc#3] pandamora24: teleported to player [#1] Guilherme (x=2783.341, y=-1363.464, z=48.539)
[10:13:21 PM] [63Dyc#1] Guilherme: became mortal (standard mode)
[10:13:48 PM] [63Dyc#1] Guilherme: enabled noclip
[10:14:11 PM] [63Dyc#1] Guilherme: became mortal (standard mode)
[10:14:22 PM] [63Dyc#1] Guilherme: said "/ranch"
[10:14:26 PM] [63Dyc#1] Guilherme: said "/rancho"
[10:14:36 PM] [63Dyc#3] pandamora24: teleported to player [#1] Guilherme (x=1396.523, y=305.380, z=88.322)
[10:14:51 PM] [63Dyc#3] pandamora24: said "/rach"
[10:14:56 PM] [63Dyc#3] pandamora24: said "/ranch"
[10:32:32 PM] [63Dyc#3] pandamora24: died from unknown by Guilherme
[10:32:58 PM] [63Dyc#3] pandamora24: healed player [#3] pandamora24
[10:33:46 PM] [63Dyc#3] pandamora24: disconnected (Exiting)
[10:58:32 PM] [63Dyc#1] Guilherme: died from suicide (Fall)
