
================================================================
======== txAdmin Starting - 1/27/2024, 2:45:27 AM               
================================================================
[2:47:39 AM] txAdmin: Logger started

================================================================
======== txAdmin Starting - 1/27/2024, 2:52:00 AM               
================================================================
[2:52:13 AM] txAdmin: Logger started

================================================================
======== txAdmin Starting - 1/27/2024, 2:57:17 AM               
================================================================
[2:57:26 AM] txAdmin: Logger started

================================================================
======== txAdmin Starting - 1/27/2024, 3:02:13 AM               
================================================================
[3:02:18 AM] txAdmin: Logger started

================================================================
======== txAdmin Starting - 1/27/2024, 3:04:31 AM               
================================================================
[3:04:37 AM] txAdmin: Logger started

================================================================
======== txAdmin Starting - 1/27/2024, 3:07:23 AM               
================================================================
[3:07:28 AM] txAdmin: Logger started

================================================================
======== txAdmin Starting - 1/27/2024, 3:09:35 AM               
================================================================
[3:09:41 AM] txAdmin: Logger started

================================================================
======== txAdmin Starting - 1/27/2024, 3:11:27 AM               
================================================================
[3:11:32 AM] txAdmin: Logger started

================================================================
======== txAdmin Starting - 1/27/2024, 3:13:08 AM               
================================================================
[3:13:13 AM] txAdmin: Logger started

================================================================
======== txAdmin Starting - 1/27/2024, 3:14:08 AM               
================================================================
[3:14:13 AM] txAdmin: Logger started

================================================================
======== txAdmin Starting - 1/27/2024, 3:16:37 AM               
================================================================
[3:16:43 AM] txAdmin: Logger started

================================================================
======== txAdmin Starting - 1/27/2024, 3:21:02 AM               
================================================================
[3:21:11 AM] txAdmin: Logger started

================================================================
======== txAdmin Starting - 1/27/2024, 3:21:44 AM               
================================================================
[3:21:49 AM] txAdmin: Logger started

================================================================
======== txAdmin Starting - 1/27/2024, 3:23:36 AM               
================================================================
[3:23:45 AM] txAdmin: Logger started

================================================================
======== txAdmin Starting - 1/27/2024, 3:25:36 AM               
================================================================
[3:25:42 AM] txAdmin: Logger started

================================================================
======== txAdmin Starting - 1/27/2024, 3:54:45 AM               
================================================================
[3:55:14 AM] txAdmin: Logger started

================================================================
======== txAdmin Starting - 1/27/2024, 4:02:40 AM               
================================================================
[4:03:07 AM] txAdmin: Logger started

================================================================
======== txAdmin Starting - 1/27/2024, 4:12:51 AM               
================================================================
[4:12:56 AM] txAdmin: Logger started

================================================================
======== txAdmin Starting - 1/27/2024, 4:14:36 AM               
================================================================
[4:14:44 AM] txAdmin: Logger started

================================================================
======== txAdmin Starting - 1/27/2024, 4:19:26 AM               
================================================================
[4:19:49 AM] txAdmin: Logger started

================================================================
======== txAdmin Starting - 1/27/2024, 4:33:03 AM               
================================================================
[4:33:09 AM] txAdmin: Logger started

================================================================
======== txAdmin Starting - 1/27/2024, 4:33:38 AM               
================================================================
[4:33:51 AM] txAdmin: Logger started

================================================================
======== txAdmin Starting - 1/27/2024, 4:37:43 AM               
================================================================
[4:37:48 AM] txAdmin: Logger started

================================================================
======== txAdmin Starting - 1/27/2024, 4:42:39 AM               
================================================================

================================================================
======== txAdmin Starting - 1/27/2024, 4:44:33 AM               
================================================================

================================================================
======== txAdmin Starting - 1/27/2024, 4:46:54 AM               
================================================================

================================================================
======== txAdmin Starting - 1/27/2024, 4:48:35 AM               
================================================================

================================================================
======== txAdmin Starting - 1/27/2024, 4:50:08 AM               
================================================================

================================================================
======== txAdmin Starting - 1/27/2024, 4:50:42 AM               
================================================================
[4:50:47 AM] txAdmin: Logger started

================================================================
======== txAdmin Starting - 1/27/2024, 5:07:52 AM               
================================================================
[5:08:11 AM] txAdmin: Logger started
[5:09:05 AM] [dteMA#1] Juzeziin: joined with identifiers [steam:11000010941ba1b; license:9aef98b41d0ee0928a1fd59ed71aec60efe47168; discord:743349849675792424; fivem:2220289; license2:9aef98b41d0ee0928a1fd59ed71aec60efe47168]
[5:15:51 AM] [dteMA#1] Juzeziin: said "/nc"
[5:26:48 AM] [dteMA#1] Juzeziin: disconnected (Server shutting down: SIGHUP received)

================================================================
======== txAdmin Starting - 1/27/2024, 5:26:53 AM               
================================================================
[5:26:59 AM] txAdmin: Logger started
[5:30:29 AM] [aHG4W#1] Juzeziin: joined with identifiers [steam:11000010941ba1b; license:9aef98b41d0ee0928a1fd59ed71aec60efe47168; discord:743349849675792424; fivem:2220289; license2:9aef98b41d0ee0928a1fd59ed71aec60efe47168]
[5:30:44 AM] [aHG4W#1] Juzeziin: disconnected (Exiting)

================================================================
======== txAdmin Starting - 1/27/2024, 5:47:54 AM               
================================================================
[5:48:03 AM] txAdmin: Logger started

================================================================
======== txAdmin Starting - 1/27/2024, 5:49:48 AM               
================================================================
[5:49:54 AM] txAdmin: Logger started

================================================================
======== txAdmin Starting - 1/27/2024, 5:52:05 AM               
================================================================
[5:52:10 AM] txAdmin: Logger started

================================================================
======== txAdmin Starting - 1/27/2024, 5:59:17 AM               
================================================================
[5:59:22 AM] txAdmin: Logger started
[6:02:21 AM] [A8ewX#1] Ton: joined with identifiers [steam:11000014a6055cc; license:3fb6b1984ca7a8529e1716f7cddfcf015f164fa8; xbl:2535460237873614; live:985157234615138; discord:184811887425355777; fivem:3784769; license2:3fb6b1984ca7a8529e1716f7cddfcf015f164fa8]
[6:09:28 AM] [A8ewX#1] Ton: disconnected (Server shutting down: SIGHUP received)

================================================================
======== txAdmin Starting - 1/27/2024, 6:09:49 AM               
================================================================
[6:09:54 AM] txAdmin: Logger started

================================================================
======== txAdmin Starting - 1/27/2024, 6:10:31 AM               
================================================================
[6:10:36 AM] txAdmin: Logger started
[6:12:27 AM] [X8YMN#1] Ton: joined with identifiers [steam:11000014a6055cc; license:3fb6b1984ca7a8529e1716f7cddfcf015f164fa8; xbl:2535460237873614; live:985157234615138; discord:184811887425355777; fivem:3784769; license2:3fb6b1984ca7a8529e1716f7cddfcf015f164fa8]
[6:15:20 AM] [X8YMN#1] Ton: caused an explosion (PROGRAMMABLEAR)
[6:15:31 AM] [X8YMN#1] Ton: caused an explosion (PROGRAMMABLEAR)
[6:16:38 AM] [X8YMN#1] Ton: caused an explosion (PROGRAMMABLEAR)
[6:16:39 AM] [X8YMN#1] Ton: caused an explosion (PROGRAMMABLEAR)
[6:16:39 AM] [X8YMN#1] Ton: died from suicide (Explosion)
[6:17:12 AM] [X8YMN#1] Ton: caused an explosion (PROGRAMMABLEAR)
[6:17:24 AM] [X8YMN#1] Ton: caused an explosion (PROGRAMMABLEAR)
[6:17:25 AM] [X8YMN#1] Ton: caused an explosion (PROGRAMMABLEAR)
[6:17:25 AM] [X8YMN#1] Ton: died from suicide (Explosion)
[6:17:50 AM] [X8YMN#1] Ton: caused an explosion (PROGRAMMABLEAR)
[6:18:17 AM] [X8YMN#1] Ton: caused an explosion (PROGRAMMABLEAR)
[6:18:22 AM] [X8YMN#1] Ton: caused an explosion (PROGRAMMABLEAR)
[6:18:37 AM] [X8YMN#1] Ton: caused an explosion (PROGRAMMABLEAR)
[6:19:06 AM] [X8YMN#1] Ton: caused an explosion (PROGRAMMABLEAR)
[6:19:16 AM] [X8YMN#1] Ton: caused an explosion (PROGRAMMABLEAR)
[6:19:18 AM] [X8YMN#1] Ton: caused an explosion (PROGRAMMABLEAR)
[6:19:20 AM] [X8YMN#1] Ton: caused an explosion (PROGRAMMABLEAR)
[6:19:23 AM] [X8YMN#1] Ton: caused an explosion (PROGRAMMABLEAR)
[6:19:23 AM] [X8YMN#1] Ton: caused an explosion (PROGRAMMABLEAR)
[6:19:24 AM] [X8YMN#1] Ton: caused an explosion (PROGRAMMABLEAR)
[6:19:25 AM] [X8YMN#1] Ton: caused an explosion (PROGRAMMABLEAR)
[6:19:31 AM] [X8YMN#1] Ton: caused an explosion (PROGRAMMABLEAR)
[6:19:35 AM] [X8YMN#1] Ton: caused an explosion (PROGRAMMABLEAR)
[6:19:36 AM] [X8YMN#1] Ton: caused an explosion (PROGRAMMABLEAR)
[6:20:54 AM] [X8YMN#1] Ton: caused an explosion (PROGRAMMABLEAR)
[6:20:59 AM] [X8YMN#1] Ton: caused an explosion (PROGRAMMABLEAR)
[6:22:12 AM] [X8YMN#1] Ton: caused an explosion (PROGRAMMABLEAR)
[6:22:28 AM] [X8YMN#1] Ton: caused an explosion (PROGRAMMABLEAR)
[6:22:37 AM] [X8YMN#1] Ton: caused an explosion (PROGRAMMABLEAR)
[6:22:43 AM] [X8YMN#1] Ton: caused an explosion (PROGRAMMABLEAR)
[6:24:38 AM] [X8YMN#1] Ton: caused an explosion (PROGRAMMABLEAR)
[6:24:48 AM] [X8YMN#1] Ton: caused an explosion (PROGRAMMABLEAR)
[6:24:51 AM] [X8YMN#1] Ton: caused an explosion (PROGRAMMABLEAR)
[6:24:57 AM] [X8YMN#1] Ton: caused an explosion (PROGRAMMABLEAR)
[6:25:03 AM] [X8YMN#1] Ton: caused an explosion (PROGRAMMABLEAR)
[6:25:08 AM] [X8YMN#1] Ton: caused an explosion (PROGRAMMABLEAR)
[6:25:14 AM] [X8YMN#1] Ton: caused an explosion (PROGRAMMABLEAR)
[6:25:43 AM] [X8YMN#1] Ton: caused an explosion (PROGRAMMABLEAR)
[6:26:01 AM] [X8YMN#1] Ton: caused an explosion (PROGRAMMABLEAR)
[6:26:13 AM] [X8YMN#1] Ton: caused an explosion (PROGRAMMABLEAR)
[6:26:18 AM] [X8YMN#1] Ton: caused an explosion (PROGRAMMABLEAR)
[6:26:18 AM] [X8YMN#1] Ton: caused an explosion (PROGRAMMABLEAR)
[6:26:18 AM] [X8YMN#1] Ton: caused an explosion (PROGRAMMABLEAR)
[6:26:19 AM] [X8YMN#1] Ton: caused an explosion (PROGRAMMABLEAR)
[6:26:19 AM] [X8YMN#1] Ton: caused an explosion (PROGRAMMABLEAR)
[6:26:24 AM] [X8YMN#1] Ton: caused an explosion (PROGRAMMABLEAR)
[6:26:26 AM] [X8YMN#1] Ton: caused an explosion (PROGRAMMABLEAR)
[6:26:29 AM] [X8YMN#1] Ton: caused an explosion (PROGRAMMABLEAR)
[6:26:32 AM] [X8YMN#1] Ton: caused an explosion (PROGRAMMABLEAR)
[6:26:34 AM] [X8YMN#1] Ton: caused an explosion (PROGRAMMABLEAR)
[6:26:37 AM] [X8YMN#1] Ton: caused an explosion (PROGRAMMABLEAR)
[6:26:39 AM] [X8YMN#1] Ton: caused an explosion (PROGRAMMABLEAR)
[6:26:45 AM] [X8YMN#1] Ton: caused an explosion (PROGRAMMABLEAR)
[6:26:48 AM] [X8YMN#1] Ton: caused an explosion (PROGRAMMABLEAR)
[6:26:48 AM] [X8YMN#1] Ton: caused an explosion (PROGRAMMABLEAR)
[6:26:49 AM] [X8YMN#1] Ton: caused an explosion (PROGRAMMABLEAR)
[6:27:01 AM] [X8YMN#1] Ton: caused an explosion (PROGRAMMABLEAR)
[6:27:02 AM] [X8YMN#1] Ton: caused an explosion (PROGRAMMABLEAR)
[6:27:03 AM] [X8YMN#1] Ton: caused an explosion (PROGRAMMABLEAR)
[6:27:03 AM] [X8YMN#1] Ton: caused an explosion (PROGRAMMABLEAR)
[6:27:04 AM] [X8YMN#1] Ton: caused an explosion (PROGRAMMABLEAR)
[6:27:04 AM] [X8YMN#1] Ton: caused an explosion (PROGRAMMABLEAR)
[6:27:04 AM] [X8YMN#1] Ton: caused an explosion (PROGRAMMABLEAR)
[6:27:04 AM] [X8YMN#1] Ton: caused an explosion (PROGRAMMABLEAR)
[6:27:09 AM] [X8YMN#1] Ton: caused an explosion (PROGRAMMABLEAR)
[6:27:14 AM] [X8YMN#1] Ton: caused an explosion (PROGRAMMABLEAR)
[6:27:29 AM] [X8YMN#1] Ton: caused an explosion (PROGRAMMABLEAR)
[6:27:34 AM] [X8YMN#1] Ton: caused an explosion (PROGRAMMABLEAR)
[6:27:36 AM] [X8YMN#1] Ton: caused an explosion (PROGRAMMABLEAR)
[6:27:37 AM] [X8YMN#1] Ton: caused an explosion (PROGRAMMABLEAR)
[6:27:38 AM] [X8YMN#1] Ton: caused an explosion (PROGRAMMABLEAR)
[6:27:38 AM] [X8YMN#1] Ton: caused an explosion (PROGRAMMABLEAR)
[6:27:38 AM] [X8YMN#1] Ton: caused an explosion (PROGRAMMABLEAR)
[6:27:39 AM] [X8YMN#1] Ton: caused an explosion (PROGRAMMABLEAR)
[6:27:39 AM] [X8YMN#1] Ton: caused an explosion (PROGRAMMABLEAR)
[6:27:40 AM] [X8YMN#1] Ton: caused an explosion (PROGRAMMABLEAR)
[6:27:40 AM] [X8YMN#1] Ton: caused an explosion (PROGRAMMABLEAR)
[6:27:40 AM] [X8YMN#1] Ton: caused an explosion (PROGRAMMABLEAR)
[6:27:47 AM] [X8YMN#1] Ton: caused an explosion (PROGRAMMABLEAR)
[6:28:16 AM] [X8YMN#1] Ton: caused an explosion (PROGRAMMABLEAR)
[6:28:30 AM] [X8YMN#1] Ton: caused an explosion (PROGRAMMABLEAR)
[6:28:37 AM] [X8YMN#1] Ton: caused an explosion (PROGRAMMABLEAR)
[6:28:42 AM] [X8YMN#1] Ton: caused an explosion (PROGRAMMABLEAR)
[6:28:42 AM] [X8YMN#1] Ton: caused an explosion (PROGRAMMABLEAR)
[6:28:42 AM] [X8YMN#1] Ton: caused an explosion (PROGRAMMABLEAR)
[6:28:43 AM] [X8YMN#1] Ton: caused an explosion (PROGRAMMABLEAR)
[6:28:43 AM] [X8YMN#1] Ton: caused an explosion (PROGRAMMABLEAR)
[6:28:43 AM] [X8YMN#1] Ton: caused an explosion (PROGRAMMABLEAR)
[6:28:44 AM] [X8YMN#1] Ton: caused an explosion (PROGRAMMABLEAR)
[6:28:44 AM] [X8YMN#1] Ton: said "/cfx.re/join/466z99"
[6:28:47 AM] [X8YMN#1] Ton: caused an explosion (PROGRAMMABLEAR)
[6:28:51 AM] [X8YMN#1] Ton: caused an explosion (PROGRAMMABLEAR)
[6:28:55 AM] [X8YMN#1] Ton: caused an explosion (PROGRAMMABLEAR)
[6:29:09 AM] [X8YMN#1] Ton: caused an explosion (PROGRAMMABLEAR)
[6:29:26 AM] [X8YMN#1] Ton: caused an explosion (PROGRAMMABLEAR)
[6:29:46 AM] [X8YMN#1] Ton: caused an explosion (PROGRAMMABLEAR)
[6:30:08 AM] [X8YMN#1] Ton: caused an explosion (PROGRAMMABLEAR)
[6:30:10 AM] [X8YMN#1] Ton: caused an explosion (PROGRAMMABLEAR)
[6:30:11 AM] [X8YMN#1] Ton: caused an explosion (PROGRAMMABLEAR)
[6:30:11 AM] [X8YMN#1] Ton: caused an explosion (PROGRAMMABLEAR)
[6:30:11 AM] [X8YMN#1] Ton: caused an explosion (PROGRAMMABLEAR)
[6:30:16 AM] [X8YMN#1] Ton: caused an explosion (PROGRAMMABLEAR)
[6:30:22 AM] [X8YMN#1] Ton: caused an explosion (PROGRAMMABLEAR)
[6:32:17 AM] [X8YMN#1] Ton: caused an explosion (PROGRAMMABLEAR)
[6:36:30 AM] [X8YMN#1] Ton: caused an explosion (PROGRAMMABLEAR)
[6:37:18 AM] [X8YMN#1] Ton: said "/rx"
[6:37:50 AM] [X8YMN#1] Ton: disconnected (Disconnected.)
[6:38:03 AM] [X8YMN#2] Ton: joined with identifiers [steam:11000014a6055cc; license:3fb6b1984ca7a8529e1716f7cddfcf015f164fa8; xbl:2535460237873614; live:985157234615138; discord:184811887425355777; fivem:3784769; license2:3fb6b1984ca7a8529e1716f7cddfcf015f164fa8]
[6:52:10 AM] [X8YMN#2] Ton: said "/draw1"
[6:56:59 AM] [X8YMN#2] Ton: said "/draw"
[7:00:14 AM] [X8YMN#2] Ton: said "/draw"
[7:01:43 AM] [X8YMN#2] Ton: said "/adminMeny"
[7:04:19 AM] [X8YMN#2] Ton: said "/draw"
[7:21:48 AM] [X8YMN#2] Ton: died from suicide (Fall)
[7:21:54 AM] [X8YMN#2] Ton: said "/adminMeny"
[7:25:38 AM] [X8YMN#2] Ton: said "/draw"
[7:48:51 AM] [X8YMN#2] Ton: caused an explosion (PROGRAMMABLEAR)
[7:48:58 AM] [X8YMN#2] Ton: said "/adminMeny"
[7:52:15 AM] [X8YMN#2] Ton: said "/draw"
[7:55:10 AM] [X8YMN#2] Ton: said "/draw"
[7:56:48 AM] [X8YMN#2] Ton: caused an explosion (PROGRAMMABLEAR)
[7:56:54 AM] [X8YMN#2] Ton: caused an explosion (PROGRAMMABLEAR)
[7:56:54 AM] [X8YMN#2] Ton: died from suicide (Explosion)
[8:01:18 AM] [X8YMN#2] Ton: caused an explosion (PROGRAMMABLEAR)
[8:02:42 AM] [X8YMN#2] Ton: caused an explosion (PROGRAMMABLEAR)
[8:07:17 AM] [X8YMN#2] Ton: caused an explosion (PROGRAMMABLEAR)
[8:07:27 AM] [X8YMN#2] Ton: caused an explosion (PROGRAMMABLEAR)
[8:07:29 AM] [X8YMN#2] Ton: caused an explosion (PROGRAMMABLEAR)
[8:07:37 AM] [X8YMN#2] Ton: caused an explosion (PROGRAMMABLEAR)
[8:07:39 AM] [X8YMN#2] Ton: caused an explosion (PROGRAMMABLEAR)
[8:07:43 AM] [X8YMN#2] Ton: caused an explosion (PROGRAMMABLEAR)
[8:07:45 AM] [X8YMN#2] Ton: caused an explosion (PROGRAMMABLEAR)
[8:07:48 AM] [X8YMN#2] Ton: caused an explosion (PROGRAMMABLEAR)
[8:07:49 AM] [X8YMN#2] Ton: caused an explosion (PROGRAMMABLEAR)
[8:07:50 AM] [X8YMN#2] Ton: caused an explosion (PROGRAMMABLEAR)
[8:07:51 AM] [X8YMN#2] Ton: caused an explosion (PROGRAMMABLEAR)
[8:07:53 AM] [X8YMN#2] Ton: caused an explosion (PROGRAMMABLEAR)
[8:08:00 AM] [X8YMN#2] Ton: caused an explosion (PROGRAMMABLEAR)
[8:08:07 AM] [X8YMN#2] Ton: caused an explosion (PROGRAMMABLEAR)
[8:08:21 AM] [X8YMN#2] Ton: caused an explosion (PROGRAMMABLEAR)
[8:08:28 AM] [X8YMN#2] Ton: caused an explosion (PROGRAMMABLEAR)
[8:08:42 AM] [X8YMN#2] Ton: caused an explosion (PROGRAMMABLEAR)
[8:08:45 AM] [X8YMN#2] Ton: caused an explosion (PROGRAMMABLEAR)
[8:08:47 AM] [X8YMN#2] Ton: caused an explosion (PROGRAMMABLEAR)
[8:08:47 AM] [X8YMN#2] Ton: caused an explosion (PROGRAMMABLEAR)
[8:08:47 AM] [X8YMN#2] Ton: caused an explosion (PROGRAMMABLEAR)
[8:08:47 AM] [X8YMN#2] Ton: caused an explosion (PROGRAMMABLEAR)
[8:08:47 AM] [X8YMN#2] Ton: caused an explosion (PROGRAMMABLEAR)
[8:08:47 AM] [X8YMN#2] Ton: caused an explosion (PROGRAMMABLEAR)
[8:08:47 AM] [X8YMN#2] Ton: caused an explosion (PROGRAMMABLEAR)
[8:08:48 AM] [X8YMN#2] Ton: caused an explosion (PROGRAMMABLEAR)
[8:08:48 AM] [X8YMN#2] Ton: caused an explosion (PROGRAMMABLEAR)
[8:08:48 AM] [X8YMN#2] Ton: caused an explosion (PROGRAMMABLEAR)
[8:08:48 AM] [X8YMN#2] Ton: caused an explosion (PROGRAMMABLEAR)
[8:08:48 AM] [X8YMN#2] Ton: caused an explosion (PROGRAMMABLEAR)
[8:08:48 AM] [X8YMN#2] Ton: caused an explosion (PROGRAMMABLEAR)
[8:08:48 AM] [X8YMN#2] Ton: caused an explosion (PROGRAMMABLEAR)
[8:08:49 AM] [X8YMN#2] Ton: caused an explosion (PROGRAMMABLEAR)
[8:08:49 AM] [X8YMN#2] Ton: caused an explosion (PROGRAMMABLEAR)
[8:08:49 AM] [X8YMN#2] Ton: caused an explosion (PROGRAMMABLEAR)
[8:08:49 AM] [X8YMN#2] Ton: caused an explosion (PROGRAMMABLEAR)
[8:08:49 AM] [X8YMN#2] Ton: caused an explosion (PROGRAMMABLEAR)
[8:08:49 AM] [X8YMN#2] Ton: caused an explosion (PROGRAMMABLEAR)
[8:08:49 AM] [X8YMN#2] Ton: caused an explosion (PROGRAMMABLEAR)
[8:08:50 AM] [X8YMN#2] Ton: caused an explosion (PROGRAMMABLEAR)
[8:08:50 AM] [X8YMN#2] Ton: caused an explosion (PROGRAMMABLEAR)
[8:08:50 AM] [X8YMN#2] Ton: caused an explosion (PROGRAMMABLEAR)
[8:08:55 AM] [X8YMN#2] Ton: caused an explosion (PROGRAMMABLEAR)
[8:08:55 AM] [X8YMN#2] Ton: caused an explosion (PROGRAMMABLEAR)
[8:08:55 AM] [X8YMN#2] Ton: caused an explosion (PROGRAMMABLEAR)
[8:08:55 AM] [X8YMN#2] Ton: caused an explosion (PROGRAMMABLEAR)
[8:08:56 AM] [X8YMN#2] Ton: caused an explosion (PROGRAMMABLEAR)
[8:08:58 AM] [X8YMN#2] Ton: caused an explosion (PROGRAMMABLEAR)
[8:09:02 AM] [X8YMN#2] Ton: caused an explosion (PROGRAMMABLEAR)
[8:09:02 AM] [X8YMN#2] Ton: caused an explosion (PROGRAMMABLEAR)
[8:09:02 AM] [X8YMN#2] Ton: caused an explosion (PROGRAMMABLEAR)
[8:09:02 AM] [X8YMN#2] Ton: caused an explosion (PROGRAMMABLEAR)
[8:09:02 AM] [X8YMN#2] Ton: caused an explosion (PROGRAMMABLEAR)
[8:09:03 AM] [X8YMN#2] Ton: caused an explosion (PROGRAMMABLEAR)
[8:09:03 AM] [X8YMN#2] Ton: caused an explosion (PROGRAMMABLEAR)
[8:09:03 AM] [X8YMN#2] Ton: caused an explosion (PROGRAMMABLEAR)
[8:09:03 AM] [X8YMN#2] Ton: caused an explosion (PROGRAMMABLEAR)
[8:09:03 AM] [X8YMN#2] Ton: caused an explosion (PROGRAMMABLEAR)
[8:09:03 AM] [X8YMN#2] Ton: caused an explosion (PROGRAMMABLEAR)
[8:09:03 AM] [X8YMN#2] Ton: caused an explosion (PROGRAMMABLEAR)
[8:09:03 AM] [X8YMN#2] Ton: caused an explosion (PROGRAMMABLEAR)
[8:09:04 AM] [X8YMN#2] Ton: caused an explosion (PROGRAMMABLEAR)
[8:09:04 AM] [X8YMN#2] Ton: caused an explosion (PROGRAMMABLEAR)
[8:09:04 AM] [X8YMN#2] Ton: caused an explosion (PROGRAMMABLEAR)
[8:09:04 AM] [X8YMN#2] Ton: caused an explosion (PROGRAMMABLEAR)
[8:09:04 AM] [X8YMN#2] Ton: caused an explosion (PROGRAMMABLEAR)
[8:09:04 AM] [X8YMN#2] Ton: caused an explosion (PROGRAMMABLEAR)
[8:09:04 AM] [X8YMN#2] Ton: caused an explosion (PROGRAMMABLEAR)
[8:09:05 AM] [X8YMN#2] Ton: caused an explosion (PROGRAMMABLEAR)
[8:09:05 AM] [X8YMN#2] Ton: caused an explosion (PROGRAMMABLEAR)
[8:09:05 AM] [X8YMN#2] Ton: caused an explosion (PROGRAMMABLEAR)
[8:09:05 AM] [X8YMN#2] Ton: caused an explosion (PROGRAMMABLEAR)
[8:09:13 AM] [X8YMN#2] Ton: caused an explosion (PROGRAMMABLEAR)
[8:09:26 AM] [X8YMN#2] Ton: caused an explosion (PROGRAMMABLEAR)
[8:09:30 AM] [X8YMN#2] Ton: caused an explosion (PROGRAMMABLEAR)
[8:09:59 AM] [X8YMN#2] Ton: caused an explosion (PROGRAMMABLEAR)
[8:10:03 AM] [X8YMN#2] Ton: caused an explosion (PROGRAMMABLEAR)
[8:10:42 AM] [X8YMN#2] Ton: caused an explosion (PROGRAMMABLEAR)
[8:10:52 AM] [X8YMN#2] Ton: caused an explosion (PROGRAMMABLEAR)
[8:10:59 AM] [X8YMN#2] Ton: caused an explosion (PROGRAMMABLEAR)
[8:11:24 AM] [X8YMN#2] Ton: caused an explosion (PROGRAMMABLEAR)
[8:11:29 AM] [X8YMN#2] Ton: caused an explosion (PROGRAMMABLEAR)
[8:11:37 AM] [X8YMN#2] Ton: caused an explosion (PROGRAMMABLEAR)
[8:11:47 AM] [X8YMN#2] Ton: caused an explosion (PROGRAMMABLEAR)
[8:11:54 AM] [X8YMN#2] Ton: caused an explosion (PROGRAMMABLEAR)
[8:11:54 AM] [X8YMN#2] Ton: caused an explosion (PROGRAMMABLEAR)
[8:11:54 AM] [X8YMN#2] Ton: caused an explosion (PROGRAMMABLEAR)
[8:11:54 AM] [X8YMN#2] Ton: caused an explosion (PROGRAMMABLEAR)
[8:11:54 AM] [X8YMN#2] Ton: caused an explosion (PROGRAMMABLEAR)
[8:11:54 AM] [X8YMN#2] Ton: caused an explosion (PROGRAMMABLEAR)
[8:11:55 AM] [X8YMN#2] Ton: caused an explosion (PROGRAMMABLEAR)
[8:11:55 AM] [X8YMN#2] Ton: caused an explosion (PROGRAMMABLEAR)
[8:11:55 AM] [X8YMN#2] Ton: caused an explosion (PROGRAMMABLEAR)
[8:11:55 AM] [X8YMN#2] Ton: caused an explosion (PROGRAMMABLEAR)
[8:11:55 AM] [X8YMN#2] Ton: caused an explosion (PROGRAMMABLEAR)
[8:11:55 AM] [X8YMN#2] Ton: caused an explosion (PROGRAMMABLEAR)
[8:11:55 AM] [X8YMN#2] Ton: caused an explosion (PROGRAMMABLEAR)
[8:11:56 AM] [X8YMN#2] Ton: caused an explosion (PROGRAMMABLEAR)
[8:11:56 AM] [X8YMN#2] Ton: caused an explosion (PROGRAMMABLEAR)
[8:11:56 AM] [X8YMN#2] Ton: caused an explosion (PROGRAMMABLEAR)
[8:11:56 AM] [X8YMN#2] Ton: caused an explosion (PROGRAMMABLEAR)
[8:11:56 AM] [X8YMN#2] Ton: caused an explosion (PROGRAMMABLEAR)
[8:11:56 AM] [X8YMN#2] Ton: caused an explosion (PROGRAMMABLEAR)
[8:11:56 AM] [X8YMN#2] Ton: caused an explosion (PROGRAMMABLEAR)
[8:11:57 AM] [X8YMN#2] Ton: caused an explosion (PROGRAMMABLEAR)
[8:11:57 AM] [X8YMN#2] Ton: caused an explosion (PROGRAMMABLEAR)
[8:11:57 AM] [X8YMN#2] Ton: caused an explosion (PROGRAMMABLEAR)
[8:11:57 AM] [X8YMN#2] Ton: caused an explosion (PROGRAMMABLEAR)
[8:11:57 AM] [X8YMN#2] Ton: caused an explosion (PROGRAMMABLEAR)
[8:11:57 AM] [X8YMN#2] Ton: caused an explosion (PROGRAMMABLEAR)
[8:11:57 AM] [X8YMN#2] Ton: caused an explosion (PROGRAMMABLEAR)
[8:11:58 AM] [X8YMN#2] Ton: caused an explosion (PROGRAMMABLEAR)
[8:11:58 AM] [X8YMN#2] Ton: caused an explosion (PROGRAMMABLEAR)
[8:11:58 AM] [X8YMN#2] Ton: caused an explosion (PROGRAMMABLEAR)
[8:11:58 AM] [X8YMN#2] Ton: caused an explosion (PROGRAMMABLEAR)
[8:11:58 AM] [X8YMN#2] Ton: caused an explosion (PROGRAMMABLEAR)
[8:11:58 AM] [X8YMN#2] Ton: caused an explosion (PROGRAMMABLEAR)
[8:11:59 AM] [X8YMN#2] Ton: caused an explosion (PROGRAMMABLEAR)
[8:11:59 AM] [X8YMN#2] Ton: caused an explosion (PROGRAMMABLEAR)
[8:11:59 AM] [X8YMN#2] Ton: caused an explosion (PROGRAMMABLEAR)
[8:11:59 AM] [X8YMN#2] Ton: caused an explosion (PROGRAMMABLEAR)
[8:11:59 AM] [X8YMN#2] Ton: caused an explosion (PROGRAMMABLEAR)
[8:11:59 AM] [X8YMN#2] Ton: caused an explosion (PROGRAMMABLEAR)
[8:11:59 AM] [X8YMN#2] Ton: caused an explosion (PROGRAMMABLEAR)
[8:12:00 AM] [X8YMN#2] Ton: caused an explosion (PROGRAMMABLEAR)
[8:12:00 AM] [X8YMN#2] Ton: caused an explosion (PROGRAMMABLEAR)
[8:12:00 AM] [X8YMN#2] Ton: caused an explosion (PROGRAMMABLEAR)
[8:12:00 AM] [X8YMN#2] Ton: caused an explosion (PROGRAMMABLEAR)
[8:12:00 AM] [X8YMN#2] Ton: caused an explosion (PROGRAMMABLEAR)
[8:12:04 AM] [X8YMN#2] Ton: caused an explosion (PROGRAMMABLEAR)
[8:12:04 AM] [X8YMN#2] Ton: caused an explosion (PROGRAMMABLEAR)
[8:12:04 AM] [X8YMN#2] Ton: caused an explosion (PROGRAMMABLEAR)
[8:12:10 AM] [X8YMN#2] Ton: caused an explosion (PROGRAMMABLEAR)
[8:12:18 AM] [X8YMN#2] Ton: caused an explosion (PROGRAMMABLEAR)
[8:12:28 AM] [X8YMN#2] Ton: caused an explosion (PROGRAMMABLEAR)
[8:12:44 AM] [X8YMN#2] Ton: caused an explosion (PROGRAMMABLEAR)
[8:12:59 AM] [X8YMN#2] Ton: caused an explosion (PROGRAMMABLEAR)
[8:13:22 AM] [X8YMN#2] Ton: caused an explosion (PROGRAMMABLEAR)
[8:13:41 AM] [X8YMN#2] Ton: caused an explosion (PROGRAMMABLEAR)
[8:13:47 AM] [X8YMN#2] Ton: caused an explosion (PROGRAMMABLEAR)
[8:23:50 AM] [X8YMN#2] Ton: said "/dra"
[8:56:53 AM] [X8YMN#2] Ton: said "/Leggings"
[8:56:56 AM] [X8YMN#2] Ton: said "/hairdressers"
[8:57:00 AM] [X8YMN#2] Ton: said "/house_manage"
[8:57:02 AM] [X8YMN#2] Ton: said "/pets"
[8:57:04 AM] [X8YMN#2] Ton: said "/db"
[9:01:01 AM] [X8YMN#2] Ton: said "/testanimation craft"
[9:01:06 AM] [X8YMN#2] Ton: said "/testanimation craft"
[9:02:15 AM] [X8YMN#2] Ton: said "/craft"
[9:05:30 AM] [X8YMN#2] Ton: disconnected (Disconnected.)
[9:05:43 AM] [X8YMN#3] Ton: joined with identifiers [steam:11000014a6055cc; license:3fb6b1984ca7a8529e1716f7cddfcf015f164fa8; xbl:2535460237873614; live:985157234615138; discord:184811887425355777; fivem:3784769; license2:3fb6b1984ca7a8529e1716f7cddfcf015f164fa8]
[9:07:15 AM] [X8YMN#3] Ton: disconnected (Exiting)
[9:08:53 AM] [X8YMN#4] Ton: joined with identifiers [steam:11000014a6055cc; license:3fb6b1984ca7a8529e1716f7cddfcf015f164fa8; xbl:2535460237873614; live:985157234615138; discord:184811887425355777; fivem:3784769; license2:3fb6b1984ca7a8529e1716f7cddfcf015f164fa8]
[9:21:36 AM] [X8YMN#4] Ton: died from suicide (Fall)
[9:26:03 AM] [X8YMN#4] Ton: died from suicide (Fall)
[9:29:15 AM] [X8YMN#4] Ton: disconnected (Exiting)
[9:29:57 AM] [X8YMN#5] Ton: joined with identifiers [steam:11000014a6055cc; license:3fb6b1984ca7a8529e1716f7cddfcf015f164fa8; xbl:2535460237873614; live:985157234615138; discord:184811887425355777; fivem:3784769; license2:3fb6b1984ca7a8529e1716f7cddfcf015f164fa8]
[9:59:32 AM] [X8YMN#5] Ton: died from suicide (Fall)
[10:20:49 AM] [X8YMN#5] Ton: said "/clar"
[10:34:31 AM] [X8YMN#5] Ton: disconnected (Exiting)
[10:41:37 AM] [X8YMN#6] Ton: joined with identifiers [steam:11000014a6055cc; license:3fb6b1984ca7a8529e1716f7cddfcf015f164fa8; xbl:2535460237873614; live:985157234615138; discord:184811887425355777; fivem:3784769; license2:3fb6b1984ca7a8529e1716f7cddfcf015f164fa8]
[10:42:57 AM] [X8YMN#6] Ton: said "/adminMeny"
[11:01:02 AM] [X8YMN#6] Ton: said "/ghot"
[11:21:40 AM] [X8YMN#7] Hatook: joined with identifiers [steam:11000011753252c; license:fe588edeeb80d63b55e5b8968abe34b5d053a3d7; xbl:2535467413785738; live:1055521550076550; discord:364071785341255682; fivem:12434841; license2:fe588edeeb80d63b55e5b8968abe34b5d053a3d7]
[11:23:46 AM] [X8YMN#7] Hatook: disconnected (Exiting)
[11:24:34 AM] [X8YMN#8] Hatook: joined with identifiers [steam:11000011753252c; license:fe588edeeb80d63b55e5b8968abe34b5d053a3d7; xbl:2535467413785738; live:1055521550076550; discord:364071785341255682; fivem:12434841; license2:fe588edeeb80d63b55e5b8968abe34b5d053a3d7]
[11:27:48 AM] [X8YMN#8] Hatook: disconnected (Exiting)
[11:28:23 AM] [X8YMN#6] Ton: disconnected (Exiting)

================================================================
======== txAdmin Starting - 1/27/2024, 2:07:38 PM               
================================================================
[2:07:44 PM] txAdmin: Logger started
[2:10:53 PM] [9gqHa#1] Khloe Bravo: joined with identifiers [steam:11000015e634681; license:8be3d76b1e35b1d12bae62d22364e3d40048d0fc; xbl:2535426514760430; live:985154914241664; discord:656613412737908747; license2:8be3d76b1e35b1d12bae62d22364e3d40048d0fc]
[2:15:12 PM] [9gqHa#1] Khloe Bravo: disconnected (Exiting)

================================================================
======== txAdmin Starting - 1/27/2024, 2:32:34 PM               
================================================================
[2:32:56 PM] txAdmin: Logger started
[2:33:57 PM] [MmhJr#1] Khloe Bravo: joined with identifiers [steam:11000015e634681; license:8be3d76b1e35b1d12bae62d22364e3d40048d0fc; xbl:2535426514760430; live:985154914241664; discord:656613412737908747; license2:8be3d76b1e35b1d12bae62d22364e3d40048d0fc]
[2:45:46 PM] [MmhJr#1] Khloe Bravo: said "/togglechat"
[2:52:41 PM] [MmhJr#1] Khloe Bravo: died from suicide
[2:52:48 PM] [MmhJr#1] Khloe Bravo: said "/togglechat"
[2:52:57 PM] [MmhJr#1] Khloe Bravo: said "/showui"
[2:53:06 PM] [MmhJr#1] Khloe Bravo: said "/togglechat"
[2:53:16 PM] [MmhJr#1] Khloe Bravo: said "/ui"
[2:55:41 PM] [MmhJr#2] Juzeziin: joined with identifiers [steam:11000010941ba1b; license:9aef98b41d0ee0928a1fd59ed71aec60efe47168; discord:743349849675792424; fivem:2220289; license2:9aef98b41d0ee0928a1fd59ed71aec60efe47168]
[2:59:08 PM] [MmhJr#2] Juzeziin: said "/scale 5"
[2:59:23 PM] [MmhJr#2] Juzeziin: said "oii"
[2:59:35 PM] [MmhJr#2] Juzeziin: said "me seta no tx fazendo favor"
[2:59:39 PM] [MmhJr#2] Juzeziin: said "o parecendo randola"
[3:08:02 PM] [MmhJr#1] Khloe Bravo: disconnected (Exiting)
[3:08:14 PM] [MmhJr#2] Juzeziin: disconnected (Server shutting down: SIGHUP received)

================================================================
======== txAdmin Starting - 1/27/2024, 3:08:20 PM               
================================================================
[3:08:25 PM] txAdmin: Logger started
[3:10:02 PM] [yzqwe#1] Khloe Bravo: joined with identifiers [steam:11000015e634681; license:8be3d76b1e35b1d12bae62d22364e3d40048d0fc; xbl:2535426514760430; live:985154914241664; discord:656613412737908747; license2:8be3d76b1e35b1d12bae62d22364e3d40048d0fc]
[3:11:25 PM] [yzqwe#1] Khloe Bravo: disconnected (Server shutting down: SIGHUP received)

================================================================
======== txAdmin Starting - 1/27/2024, 3:11:30 PM               
================================================================
[3:11:39 PM] txAdmin: Logger started
[3:12:45 PM] [FgyDw#1] Khloe Bravo: joined with identifiers [steam:11000015e634681; license:8be3d76b1e35b1d12bae62d22364e3d40048d0fc; xbl:2535426514760430; live:985154914241664; discord:656613412737908747; license2:8be3d76b1e35b1d12bae62d22364e3d40048d0fc]
[3:13:47 PM] [FgyDw#2] Juzeziin: joined with identifiers [steam:11000010941ba1b; license:9aef98b41d0ee0928a1fd59ed71aec60efe47168; discord:743349849675792424; fivem:2220289; license2:9aef98b41d0ee0928a1fd59ed71aec60efe47168]
[3:16:23 PM] [FgyDw#2] Juzeziin: died from suicide
[3:17:10 PM] [FgyDw#1] Khloe Bravo: disconnected (Exiting)
[3:21:19 PM] [FgyDw#2] Juzeziin: disconnected (Exiting)
[3:22:19 PM] [FgyDw#3] Juzeziin: joined with identifiers [steam:11000010941ba1b; license:9aef98b41d0ee0928a1fd59ed71aec60efe47168; discord:743349849675792424; fivem:2220289; license2:9aef98b41d0ee0928a1fd59ed71aec60efe47168]
[3:23:14 PM] [FgyDw#3] Juzeziin: enabled god mode
[3:23:17 PM] [FgyDw#3] Juzeziin: turned show player IDs on
[3:23:34 PM] [FgyDw#4] Khloe Bravo: joined with identifiers [steam:11000015e634681; license:8be3d76b1e35b1d12bae62d22364e3d40048d0fc; xbl:2535426514760430; live:985154914241664; discord:656613412737908747; license2:8be3d76b1e35b1d12bae62d22364e3d40048d0fc]
[3:27:40 PM] [FgyDw#4] Khloe Bravo: disconnected (Exiting)
[3:28:09 PM] [FgyDw#5] Khloe Bravo: joined with identifiers [steam:11000015e634681; license:8be3d76b1e35b1d12bae62d22364e3d40048d0fc; xbl:2535426514760430; live:985154914241664; discord:656613412737908747; license2:8be3d76b1e35b1d12bae62d22364e3d40048d0fc]
[3:35:14 PM] [FgyDw#3] Juzeziin: turned show player IDs off
[3:35:15 PM] [FgyDw#3] Juzeziin: turned show player IDs on
[3:35:20 PM] [FgyDw#3] Juzeziin: turned show player IDs off
[3:35:24 PM] [FgyDw#3] Juzeziin: turned show player IDs on
[3:38:29 PM] [FgyDw#3] Juzeziin: died from suicide (Fall)
[3:42:09 PM] [FgyDw#3] Juzeziin: disconnected (Exiting)
[3:50:06 PM] [FgyDw#5] Khloe Bravo: disconnected (Exiting)
[3:50:36 PM] [FgyDw#6] Khloe Bravo: joined with identifiers [steam:11000015e634681; license:8be3d76b1e35b1d12bae62d22364e3d40048d0fc; xbl:2535426514760430; live:985154914241664; discord:656613412737908747; license2:8be3d76b1e35b1d12bae62d22364e3d40048d0fc]
[3:58:13 PM] [FgyDw#6] Khloe Bravo: disconnected (Exiting)

================================================================
======== txAdmin Starting - 1/27/2024, 4:15:06 PM               
================================================================
[4:15:11 PM] txAdmin: Logger started
[4:15:37 PM] [rmTGx#1] Khloe Bravo: joined with identifiers [steam:11000015e634681; license:8be3d76b1e35b1d12bae62d22364e3d40048d0fc; xbl:2535426514760430; live:985154914241664; discord:656613412737908747; license2:8be3d76b1e35b1d12bae62d22364e3d40048d0fc]
[4:33:04 PM] [rmTGx#1] Khloe Bravo: disconnected (Exiting)
[4:35:08 PM] [rmTGx#2] Khloe Bravo: joined with identifiers [steam:11000015e634681; license:8be3d76b1e35b1d12bae62d22364e3d40048d0fc; xbl:2535426514760430; live:985154914241664; discord:656613412737908747; license2:8be3d76b1e35b1d12bae62d22364e3d40048d0fc]
[4:41:59 PM] [rmTGx#2] Khloe Bravo: disconnected (Exiting)
[4:44:05 PM] [rmTGx#3] Khloe Bravo: joined with identifiers [steam:11000015e634681; license:8be3d76b1e35b1d12bae62d22364e3d40048d0fc; xbl:2535426514760430; live:985154914241664; discord:656613412737908747; license2:8be3d76b1e35b1d12bae62d22364e3d40048d0fc]
[4:51:39 PM] [rmTGx#3] Khloe Bravo: disconnected (Exiting)

================================================================
======== txAdmin Starting - 1/27/2024, 4:52:02 PM               
================================================================
[4:52:08 PM] txAdmin: Logger started
[4:53:04 PM] [qEAfp#1] Khloe Bravo: joined with identifiers [steam:11000015e634681; license:8be3d76b1e35b1d12bae62d22364e3d40048d0fc; xbl:2535426514760430; live:985154914241664; discord:656613412737908747; license2:8be3d76b1e35b1d12bae62d22364e3d40048d0fc]
[5:03:23 PM] [qEAfp#1] Khloe Bravo: disconnected (Exiting)

================================================================
======== txAdmin Starting - 1/27/2024, 5:03:35 PM               
================================================================
[5:03:41 PM] txAdmin: Logger started
[5:05:46 PM] [JFwPA#1] Khloe Bravo: joined with identifiers [steam:11000015e634681; license:8be3d76b1e35b1d12bae62d22364e3d40048d0fc; xbl:2535426514760430; live:985154914241664; discord:656613412737908747; license2:8be3d76b1e35b1d12bae62d22364e3d40048d0fc]
[5:07:47 PM] [JFwPA#1] Khloe Bravo: disconnected (Exiting)

================================================================
======== txAdmin Starting - 1/27/2024, 5:11:01 PM               
================================================================
[5:11:05 PM] txAdmin: Logger started
[5:12:33 PM] [JgkJy#1] Khloe Bravo: joined with identifiers [steam:11000015e634681; license:8be3d76b1e35b1d12bae62d22364e3d40048d0fc; xbl:2535426514760430; live:985154914241664; discord:656613412737908747; license2:8be3d76b1e35b1d12bae62d22364e3d40048d0fc]
[5:15:45 PM] [JgkJy#1] Khloe Bravo: disconnected (Exiting)

================================================================
======== txAdmin Starting - 1/27/2024, 9:55:38 PM               
================================================================
[9:55:46 PM] txAdmin: Logger started

================================================================
======== txAdmin Starting - 1/27/2024, 9:59:20 PM               
================================================================
[10:00:33 PM] txAdmin: Logger started

================================================================
======== txAdmin Starting - 1/27/2024, 10:04:53 PM              
================================================================

================================================================
======== txAdmin Starting - 1/27/2024, 10:11:55 PM              
================================================================

================================================================
======== txAdmin Starting - 1/27/2024, 10:12:18 PM              
================================================================
[10:13:30 PM] txAdmin: Logger started

================================================================
======== txAdmin Starting - 1/27/2024, 10:14:13 PM              
================================================================
[10:14:22 PM] txAdmin: Logger started

================================================================
======== txAdmin Starting - 1/27/2024, 10:28:18 PM              
================================================================
[10:28:23 PM] txAdmin: Logger started

================================================================
======== txAdmin Starting - 1/27/2024, 10:44:18 PM              
================================================================
[10:44:23 PM] txAdmin: Logger started

================================================================
======== txAdmin Starting - 1/27/2024, 10:49:05 PM              
================================================================
[10:49:10 PM] txAdmin: Logger started

================================================================
======== txAdmin Starting - 1/27/2024, 11:23:43 PM              
================================================================
[11:24:01 PM] txAdmin: Logger started
[11:27:59 PM] [tPR9t#1] Ton: joined with identifiers [steam:11000014a6055cc; license:3fb6b1984ca7a8529e1716f7cddfcf015f164fa8; xbl:2535460237873614; live:985157234615138; discord:184811887425355777; fivem:3784769; license2:3fb6b1984ca7a8529e1716f7cddfcf015f164fa8]
[11:30:17 PM] [tPR9t#1] Ton: disconnected (Server shutting down: SIGHUP received)

================================================================
======== txAdmin Starting - 1/27/2024, 11:30:47 PM              
================================================================
[11:30:51 PM] txAdmin: Logger started
[11:36:03 PM] [cfzT7#1] Ton: joined with identifiers [steam:11000014a6055cc; license:3fb6b1984ca7a8529e1716f7cddfcf015f164fa8; xbl:2535460237873614; live:985157234615138; discord:184811887425355777; fivem:3784769; license2:3fb6b1984ca7a8529e1716f7cddfcf015f164fa8]
[11:37:39 PM] [cfzT7#1] Ton: disconnected (Exiting)

================================================================
======== txAdmin Starting - 1/27/2024, 11:39:10 PM              
================================================================
[11:39:18 PM] txAdmin: Logger started
[11:40:03 PM] [9bMeT#1] Ton: joined with identifiers [steam:11000014a6055cc; license:3fb6b1984ca7a8529e1716f7cddfcf015f164fa8; xbl:2535460237873614; live:985157234615138; discord:184811887425355777; fivem:3784769; license2:3fb6b1984ca7a8529e1716f7cddfcf015f164fa8]
[11:42:42 PM] [9bMeT#1] Ton: disconnected (Exiting)
[11:43:28 PM] [9bMeT#2] Ton: joined with identifiers [steam:11000014a6055cc; license:3fb6b1984ca7a8529e1716f7cddfcf015f164fa8; xbl:2535460237873614; live:985157234615138; discord:184811887425355777; fivem:3784769; license2:3fb6b1984ca7a8529e1716f7cddfcf015f164fa8]
[11:56:25 PM] [9bMeT#3] Juzeziin: joined with identifiers [steam:11000010941ba1b; license:9aef98b41d0ee0928a1fd59ed71aec60efe47168; discord:743349849675792424; fivem:2220289; license2:9aef98b41d0ee0928a1fd59ed71aec60efe47168]
[11:58:06 PM] [9bMeT#3] Juzeziin: turned show player IDs on
