
================================================================
======== Log Rotated - 1/28/2024, 12:00:00 AM                   
================================================================
[12:01:10 AM] [9bMeT#2] Ton: said "/portal"
[12:01:41 AM] [9bMeT#2] Ton: said "/clothe2"
[12:01:59 AM] [9bMeT#2] Ton: said "/clothe2"
[12:02:24 AM] [9bMeT#3] Juzeziin: said "/clothe2"
[12:06:54 AM] [9bMeT#3] Juzeziin: healed all players!
[12:08:36 AM] [9bMeT#4] Guilherme: joined with identifiers [steam:110000141cf789a; license:67804337e42836a789bf15e4cad22dbf5c40ee43; xbl:2535424788983736; live:844428408048897; discord:447225242939555852; fivem:1991627; license2:67804337e42836a789bf15e4cad22dbf5c40ee43]
[12:10:48 AM] [9bMeT#2] Ton: died from suicide (Fall)
[12:11:23 AM] [9bMeT#3] Juzeziin: said "tx"
[12:11:52 AM] [9bMeT#2] Ton: died from suicide (Fall)
[12:12:46 AM] [9bMeT#4] Guilherme: said "/lightningattacks"
[12:12:53 AM] [9bMeT#2] Ton: died from suicide (Fall)
[12:13:04 AM] [9bMeT#4] Guilherme: said "/lightningattacks"
[12:13:47 AM] [9bMeT#2] Ton: died from suicide (Fall)
[12:17:29 AM] [9bMeT#3] Juzeziin: died from suicide (Fall)
[12:18:38 AM] [9bMeT#3] Juzeziin: died from suicide (Fall)
[12:18:59 AM] [9bMeT#4] Guilherme: healed themself
[12:26:37 AM] [9bMeT#4] Guilherme: disconnected (Exiting)
[12:27:20 AM] [9bMeT#5] Guilherme: joined with identifiers [steam:110000141cf789a; license:67804337e42836a789bf15e4cad22dbf5c40ee43; xbl:2535424788983736; live:844428408048897; discord:447225242939555852; fivem:1991627; license2:67804337e42836a789bf15e4cad22dbf5c40ee43]
[12:29:37 AM] [9bMeT#2] Ton: died from suicide (Fall)
[12:34:15 AM] [9bMeT#3] Juzeziin: died from suicide (Fall)
[12:39:40 AM] [9bMeT#5] Guilherme: said "/togglechat"
[12:39:50 AM] [9bMeT#5] Guilherme: said "/showui"
[12:43:57 AM] [9bMeT#3] Juzeziin: teleported to coordinates (x=-367.870, y=784.270, z=115.950)
[12:44:41 AM] [9bMeT#2] Ton: said "consumable_haycube"
[12:45:34 AM] [9bMeT#2] Ton: died from suicide (Fall)
[12:45:40 AM] [9bMeT#2] Ton: said "consumable_haycube"
[12:48:10 AM] [9bMeT#5] Guilherme: said "/manageMyRanch"
[12:50:06 AM] [9bMeT#3] Juzeziin: died from suicide (Fall)
[12:50:54 AM] [9bMeT#3] Juzeziin: enabled noclip
[12:51:02 AM] [9bMeT#3] Juzeziin: became mortal (standard mode)
[12:51:21 AM] [9bMeT#3] Juzeziin: said "/criar"
[12:52:13 AM] [9bMeT#5] Guilherme: teleported to coordinates (x=2393.300, y=-1416.460, z=45.760)
[12:52:47 AM] [9bMeT#5] Guilherme: teleported to coordinates (x=-853.130, y=-1337.950, z=43.480)
[12:53:07 AM] [9bMeT#5] Guilherme: teleported to player [#3] Juzeziin (x=-235.727, y=654.053, z=113.327)
[12:54:42 AM] [9bMeT#5] Guilherme: said "/createranch"
[12:54:47 AM] [9bMeT#5] Guilherme: said "/criarfazenda"
[12:54:52 AM] [9bMeT#5] Guilherme: said "/criarfazenda"
[12:57:12 AM] [9bMeT#3] Juzeziin: said "/criarfazenda]"
[1:01:35 AM] [9bMeT#2] Ton: died from suicide (Fall)
[1:06:14 AM] [9bMeT#3] Juzeziin: died from suicide (Fall)
[1:14:44 AM] [9bMeT#3] Juzeziin: died from suicide (Fall)
[1:18:45 AM] [9bMeT#5] Guilherme: said "/criarfazenda"
[1:24:23 AM] [9bMeT#5] Guilherme: enabled noclip
[1:25:39 AM] [9bMeT#5] Guilherme: became mortal (standard mode)
[1:25:57 AM] [9bMeT#5] Guilherme: enabled noclip
[1:27:22 AM] [9bMeT#5] Guilherme: said "/txweq"
[1:27:27 AM] [9bMeT#5] Guilherme: became mortal (standard mode)
[1:27:48 AM] [9bMeT#5] Guilherme: enabled noclip
[1:28:20 AM] [9bMeT#5] Guilherme: healed themself
[1:29:48 AM] [9bMeT#5] Guilherme: died from suicide (Fall)
[1:29:55 AM] [9bMeT#2] Ton: healed themself
[1:30:01 AM] [9bMeT#5] Guilherme: became mortal (standard mode)
[1:30:02 AM] [9bMeT#5] Guilherme: enabled noclip
[1:31:11 AM] [9bMeT#5] Guilherme: became mortal (standard mode)
[1:31:14 AM] [9bMeT#5] Guilherme: died from suicide (Fall)
[1:31:16 AM] [9bMeT#5] Guilherme: healed themself
[1:31:17 AM] [9bMeT#5] Guilherme: enabled noclip
[1:32:14 AM] [9bMeT#5] Guilherme: became mortal (standard mode)
[1:32:19 AM] [9bMeT#5] Guilherme: died from suicide (Fall)
[1:32:20 AM] [9bMeT#5] Guilherme: enabled noclip
[1:32:26 AM] [9bMeT#5] Guilherme: became mortal (standard mode)
[1:32:31 AM] [9bMeT#5] Guilherme: healed themself
[1:32:34 AM] [9bMeT#5] Guilherme: enabled noclip
[1:32:34 AM] [9bMeT#5] Guilherme: became mortal (standard mode)
[1:32:40 AM] [9bMeT#5] Guilherme: healed themself
[1:32:47 AM] [9bMeT#5] Guilherme: enabled noclip
[1:32:49 AM] [9bMeT#5] Guilherme: became mortal (standard mode)
[1:33:15 AM] [9bMeT#5] Guilherme: disconnected (Exiting)
[1:33:37 AM] [9bMeT#6] Guilherme: joined with identifiers [steam:110000141cf789a; license:67804337e42836a789bf15e4cad22dbf5c40ee43; xbl:2535424788983736; live:844428408048897; discord:447225242939555852; fivem:1991627; license2:67804337e42836a789bf15e4cad22dbf5c40ee43]
[1:33:48 AM] [9bMeT#3] Juzeziin: died from suicide (Fall)
[1:34:42 AM] [9bMeT#2] Ton: enabled noclip
[1:34:46 AM] [9bMeT#2] Ton: became mortal (standard mode)
[1:34:49 AM] [9bMeT#6] Guilherme: died from suicide (Fall)
[1:35:22 AM] [9bMeT#6] Guilherme: enabled noclip
[1:36:03 AM] [9bMeT#2] Ton: enabled super jump
[1:39:25 AM] [9bMeT#6] Guilherme: became mortal (standard mode)
[1:41:46 AM] [9bMeT#7] Khloe Bravo: joined with identifiers [steam:11000015e634681; license:8be3d76b1e35b1d12bae62d22364e3d40048d0fc; xbl:2535426514760430; live:985154914241664; discord:656613412737908747; license2:8be3d76b1e35b1d12bae62d22364e3d40048d0fc]
[1:42:51 AM] [9bMeT#3] Juzeziin: disconnected (Exiting)
[1:44:17 AM] [9bMeT#6] Guilherme: enabled noclip
[1:44:26 AM] [9bMeT#8] Juzeziin: joined with identifiers [steam:11000010941ba1b; license:9aef98b41d0ee0928a1fd59ed71aec60efe47168; discord:743349849675792424; fivem:2220289; license2:9aef98b41d0ee0928a1fd59ed71aec60efe47168]
[1:44:46 AM] [9bMeT#6] Guilherme: said "/togglechat"
[1:45:44 AM] [9bMeT#2] Ton: died from suicide (Fall)
[1:45:55 AM] [9bMeT#2] Ton: healed themself
[1:46:07 AM] [9bMeT#6] Guilherme: became mortal (standard mode)
[1:46:11 AM] [9bMeT#6] Guilherme: healed themself
[1:46:58 AM] [9bMeT#8] Juzeziin: said "/addItem 8 Book_build 1"
[1:47:38 AM] [9bMeT#2] Ton: disconnected (Exiting)
[1:52:30 AM] [9bMeT#6] Guilherme: disconnected (Exiting)
[1:52:48 AM] [9bMeT#9] Guilherme: joined with identifiers [steam:110000141cf789a; license:67804337e42836a789bf15e4cad22dbf5c40ee43; xbl:2535424788983736; live:844428408048897; discord:447225242939555852; fivem:1991627; license2:67804337e42836a789bf15e4cad22dbf5c40ee43]
[1:55:44 AM] [9bMeT#9] Guilherme: healed themself
[1:56:17 AM] [9bMeT#7] Khloe Bravo: disconnected (Game crashed: RDR2_b1491.exe!rage::atArray::_clearArrays (0x1c))
[1:56:33 AM] [9bMeT#8] Juzeziin: died from Repeater Evans by Guilherme
[1:57:23 AM] [9bMeT#10] Khloe Bravo: joined with identifiers [steam:11000015e634681; license:8be3d76b1e35b1d12bae62d22364e3d40048d0fc; xbl:2535426514760430; live:985154914241664; discord:656613412737908747; license2:8be3d76b1e35b1d12bae62d22364e3d40048d0fc]
[2:02:12 AM] [9bMeT#9] Guilherme: enabled noclip
[2:03:05 AM] [9bMeT#9] Guilherme: disconnected (Game crashed: RDR2_b1491.exe!rage::atArray::_clearArrays (0x1c))
[2:03:44 AM] [9bMeT#11] Guilherme: joined with identifiers [steam:110000141cf789a; license:67804337e42836a789bf15e4cad22dbf5c40ee43; xbl:2535424788983736; live:844428408048897; discord:447225242939555852; fivem:1991627; license2:67804337e42836a789bf15e4cad22dbf5c40ee43]
[2:04:12 AM] [9bMeT#8] Juzeziin: said "/closeimput"
[2:05:02 AM] [9bMeT#11] Guilherme: enabled noclip
[2:05:09 AM] [9bMeT#11] Guilherme: disconnected (Game crashed: RDR2_b1491.exe!rage::atArray::_clearArrays (0x1c))
[2:09:32 AM] [9bMeT#8] Juzeziin: died from suicide (Fall)
[2:09:42 AM] [9bMeT#10] Khloe Bravo: disconnected (Exiting)
[2:09:53 AM] [9bMeT#8] Juzeziin: disconnected (Couldn't load resource gum_api: Couldn't load resource gum_api from resources:/gum_api/: Could not o)

================================================================
======== txAdmin Starting - 1/28/2024, 2:16:02 AM               
================================================================
[2:16:17 AM] txAdmin: Logger started
[2:17:49 AM] [Mzydp#1] Juzeziin: joined with identifiers [steam:11000010941ba1b; license:9aef98b41d0ee0928a1fd59ed71aec60efe47168; discord:743349849675792424; fivem:2220289; license2:9aef98b41d0ee0928a1fd59ed71aec60efe47168]
[2:18:17 AM] [Mzydp#2] Khloe Bravo: joined with identifiers [steam:11000015e634681; license:8be3d76b1e35b1d12bae62d22364e3d40048d0fc; xbl:2535426514760430; live:985154914241664; discord:656613412737908747; license2:8be3d76b1e35b1d12bae62d22364e3d40048d0fc]
[2:18:48 AM] [Mzydp#1] Juzeziin: died from suicide (Fall)
[2:22:31 AM] [Mzydp#1] Juzeziin: disconnected (Exiting)
[2:22:33 AM] [Mzydp#2] Khloe Bravo: disconnected (Server shutting down: SIGHUP received)

================================================================
======== txAdmin Starting - 1/28/2024, 2:22:43 AM               
================================================================
[2:22:49 AM] txAdmin: Logger started
[2:23:09 AM] [LgT6r#1] Khloe Bravo: joined with identifiers [steam:11000015e634681; license:8be3d76b1e35b1d12bae62d22364e3d40048d0fc; xbl:2535426514760430; live:985154914241664; discord:656613412737908747; license2:8be3d76b1e35b1d12bae62d22364e3d40048d0fc]
[2:23:19 AM] [LgT6r#2] Juzeziin: joined with identifiers [steam:11000010941ba1b; license:9aef98b41d0ee0928a1fd59ed71aec60efe47168; discord:743349849675792424; fivem:2220289; license2:9aef98b41d0ee0928a1fd59ed71aec60efe47168]
[2:31:25 AM] [LgT6r#1] Khloe Bravo: disconnected (Game crashed: RDR2_b1491.exe!rage::atArray::_clearArrays (0x1c))
[2:32:24 AM] [LgT6r#3] Khloe Bravo: joined with identifiers [steam:11000015e634681; license:8be3d76b1e35b1d12bae62d22364e3d40048d0fc; xbl:2535426514760430; live:985154914241664; discord:656613412737908747; license2:8be3d76b1e35b1d12bae62d22364e3d40048d0fc]
[2:36:25 AM] [LgT6r#2] Juzeziin: turned show player IDs on
[2:41:00 AM] [LgT6r#3] Khloe Bravo: disconnected (Exiting)
[2:43:52 AM] [LgT6r#4] Guilherme: joined with identifiers [steam:110000141cf789a; license:67804337e42836a789bf15e4cad22dbf5c40ee43; xbl:2535424788983736; live:844428408048897; discord:447225242939555852; fivem:1991627; license2:67804337e42836a789bf15e4cad22dbf5c40ee43]
[2:46:14 AM] [LgT6r#4] Guilherme: said "/togglechat"
[2:50:30 AM] [LgT6r#5] pandamora24: joined with identifiers [steam:1100001328ab82e; license:88b1ee885e1d82a5372ced29f0241457261ab63a; discord:668678545383358465; fivem:12887456; license2:88b1ee885e1d82a5372ced29f0241457261ab63a]
[2:53:16 AM] [LgT6r#6] Khloe Bravo: joined with identifiers [steam:11000015e634681; license:8be3d76b1e35b1d12bae62d22364e3d40048d0fc; xbl:2535426514760430; live:985154914241664; discord:656613412737908747; license2:8be3d76b1e35b1d12bae62d22364e3d40048d0fc]
[2:53:36 AM] [LgT6r#5] pandamora24: teleported to player [#4] Guilherme (x=-74.822, y=-391.833, z=71.876)
[2:53:52 AM] [LgT6r#2] Juzeziin: died from suicide (Fall)
[2:54:34 AM] [LgT6r#5] pandamora24: enabled noclip
[2:54:37 AM] [LgT6r#6] Khloe Bravo: disconnected (Exiting)
[2:54:51 AM] [LgT6r#4] Guilherme: enabled noclip
[2:55:35 AM] [LgT6r#4] Guilherme: became mortal (standard mode)
[2:56:08 AM] [LgT6r#4] Guilherme: enabled noclip
[2:56:52 AM] [LgT6r#5] pandamora24: said "/togglechat"
[2:57:45 AM] [LgT6r#4] Guilherme: became mortal (standard mode)
[2:58:50 AM] [LgT6r#5] pandamora24: became mortal (standard mode)
[2:59:01 AM] [LgT6r#5] pandamora24: enabled noclip
[2:59:53 AM] [LgT6r#5] pandamora24: became mortal (standard mode)
[3:00:34 AM] [LgT6r#5] pandamora24: enabled noclip
[3:00:35 AM] [LgT6r#4] Guilherme: enabled noclip
[3:01:40 AM] [LgT6r#4] Guilherme: said "bota de dia ai"
[3:02:25 AM] [LgT6r#5] pandamora24: became mortal (standard mode)
[3:03:40 AM] [LgT6r#5] pandamora24: enabled noclip
[3:04:25 AM] [LgT6r#4] Guilherme: became mortal (standard mode)
[3:04:26 AM] [LgT6r#4] Guilherme: disconnected (Exiting)
[3:04:43 AM] [LgT6r#7] Guilherme: joined with identifiers [steam:110000141cf789a; license:67804337e42836a789bf15e4cad22dbf5c40ee43; xbl:2535424788983736; live:844428408048897; discord:447225242939555852; fivem:1991627; license2:67804337e42836a789bf15e4cad22dbf5c40ee43]
[3:06:41 AM] [LgT6r#7] Guilherme: enabled noclip
[3:07:31 AM] [LgT6r#7] Guilherme: became mortal (standard mode)
[3:08:19 AM] [LgT6r#7] Guilherme: enabled noclip
[3:09:28 AM] [LgT6r#8] Khloe Bravo: joined with identifiers [steam:11000015e634681; license:8be3d76b1e35b1d12bae62d22364e3d40048d0fc; xbl:2535426514760430; live:985154914241664; discord:656613412737908747; license2:8be3d76b1e35b1d12bae62d22364e3d40048d0fc]
[3:09:34 AM] [LgT6r#5] pandamora24: became mortal (standard mode)
[3:10:58 AM] [LgT6r#8] Khloe Bravo: disconnected (Exiting)
[3:11:29 AM] [LgT6r#5] pandamora24: enabled noclip
[3:12:05 AM] [LgT6r#9] Khloe Bravo: joined with identifiers [steam:11000015e634681; license:8be3d76b1e35b1d12bae62d22364e3d40048d0fc; xbl:2535426514760430; live:985154914241664; discord:656613412737908747; license2:8be3d76b1e35b1d12bae62d22364e3d40048d0fc]
[3:13:26 AM] [LgT6r#7] Guilherme: became mortal (standard mode)
[3:13:36 AM] [LgT6r#7] Guilherme: said "/togglechat"
[3:14:38 AM] [LgT6r#7] Guilherme: enabled noclip
[3:15:27 AM] [LgT6r#5] pandamora24: became mortal (standard mode)
[3:15:46 AM] [LgT6r#7] Guilherme: became mortal (standard mode)
[3:16:26 AM] [LgT6r#9] Khloe Bravo: disconnected (Exiting)
[3:16:32 AM] [LgT6r#7] Guilherme: enabled noclip
[3:16:53 AM] [LgT6r#5] pandamora24: enabled noclip
[3:17:19 AM] [LgT6r#7] Guilherme: became mortal (standard mode)
[3:18:19 AM] [LgT6r#7] Guilherme: enabled noclip
[3:20:10 AM] [LgT6r#7] Guilherme: became mortal (standard mode)
[3:21:30 AM] [LgT6r#7] Guilherme: enabled noclip
[3:21:56 AM] [LgT6r#7] Guilherme: became mortal (standard mode)
[3:22:27 AM] [LgT6r#7] Guilherme: enabled noclip
[3:22:49 AM] [LgT6r#5] pandamora24: died from suicide (Fall)
[3:23:13 AM] [LgT6r#7] Guilherme: became mortal (standard mode)
[3:23:28 AM] [LgT6r#5] pandamora24: healed themself
[3:23:35 AM] [LgT6r#5] pandamora24: became mortal (standard mode)
[3:23:36 AM] [LgT6r#7] Guilherme: enabled noclip
[3:23:38 AM] [LgT6r#5] pandamora24: enabled noclip
[3:23:51 AM] [LgT6r#10] Khloe Bravo: joined with identifiers [steam:11000015e634681; license:8be3d76b1e35b1d12bae62d22364e3d40048d0fc; xbl:2535426514760430; live:985154914241664; discord:656613412737908747; license2:8be3d76b1e35b1d12bae62d22364e3d40048d0fc]
[3:24:20 AM] [LgT6r#7] Guilherme: became mortal (standard mode)
[3:25:05 AM] [LgT6r#5] pandamora24: died from suicide (Fall)
[3:25:44 AM] [LgT6r#7] Guilherme: enabled noclip
[3:25:55 AM] [LgT6r#5] pandamora24: healed themself
[3:26:31 AM] [LgT6r#5] pandamora24: became mortal (standard mode)
[3:26:32 AM] [LgT6r#5] pandamora24: enabled noclip
[3:26:34 AM] [LgT6r#2] Juzeziin: died from suicide (Fall)
[3:26:48 AM] [LgT6r#7] Guilherme: became mortal (standard mode)
[3:27:32 AM] [LgT6r#7] Guilherme: enabled noclip
[3:28:13 AM] [LgT6r#10] Khloe Bravo: died from suicide
[3:29:49 AM] [LgT6r#7] Guilherme: became mortal (standard mode)
[3:29:53 AM] [LgT6r#2] Juzeziin: disconnected (Exiting)
[3:30:19 AM] [LgT6r#11] Juzeziin: joined with identifiers [steam:11000010941ba1b; license:9aef98b41d0ee0928a1fd59ed71aec60efe47168; discord:743349849675792424; fivem:2220289; license2:9aef98b41d0ee0928a1fd59ed71aec60efe47168]
[3:30:52 AM] [LgT6r#10] Khloe Bravo: said "scale 1"
[3:31:22 AM] [LgT6r#7] Guilherme: enabled noclip
[3:31:36 AM] [LgT6r#11] Juzeziin: died from suicide (Fall)
[3:32:09 AM] [LgT6r#7] Guilherme: became mortal (standard mode)
[3:33:03 AM] [LgT6r#7] Guilherme: enabled noclip
[3:33:34 AM] [LgT6r#11] Juzeziin: enabled noclip
[3:34:18 AM] [LgT6r#11] Juzeziin: teleported to coordinates (x=-637.640, y=-45.180, z=92.660)
[3:34:34 AM] [LgT6r#7] Guilherme: became mortal (standard mode)
[3:35:37 AM] [LgT6r#7] Guilherme: enabled noclip
[3:38:23 AM] [LgT6r#7] Guilherme: became mortal (standard mode)
[3:39:03 AM] [LgT6r#7] Guilherme: enabled noclip
[3:39:10 AM] [LgT6r#7] Guilherme: became mortal (standard mode)
[3:39:22 AM] [LgT6r#7] Guilherme: enabled noclip
[3:40:32 AM] [LgT6r#7] Guilherme: became mortal (standard mode)
[3:41:28 AM] [LgT6r#7] Guilherme: enabled noclip
[3:44:22 AM] [LgT6r#7] Guilherme: died from suicide (Fall)
[3:44:27 AM] [LgT6r#7] Guilherme: said "revive 5"
[3:44:43 AM] [LgT6r#7] Guilherme: said "/togglechat"
[3:44:56 AM] [LgT6r#7] Guilherme: became mortal (standard mode)
[3:44:59 AM] [LgT6r#7] Guilherme: enabled noclip
[3:45:14 AM] [LgT6r#7] Guilherme: became mortal (standard mode)
[3:45:34 AM] [LgT6r#7] Guilherme: enabled noclip
[3:45:58 AM] [LgT6r#10] Khloe Bravo: disconnected (Exiting)
[3:47:37 AM] [LgT6r#7] Guilherme: said "/togglechat"
[3:48:27 AM] [LgT6r#7] Guilherme: said "/togglechat"
[3:48:30 AM] [LgT6r#7] Guilherme: became mortal (standard mode)
[3:49:13 AM] [LgT6r#7] Guilherme: enabled noclip
[3:49:59 AM] [LgT6r#7] Guilherme: became mortal (standard mode)
[3:50:23 AM] [LgT6r#7] Guilherme: enabled noclip
[3:50:41 AM] [LgT6r#7] Guilherme: became mortal (standard mode)
[3:51:09 AM] [LgT6r#7] Guilherme: enabled noclip
[3:51:43 AM] [LgT6r#5] pandamora24: became mortal (standard mode)
[3:51:45 AM] [LgT6r#5] pandamora24: enabled noclip
[3:51:57 AM] [LgT6r#5] pandamora24: became mortal (standard mode)
[3:53:11 AM] [LgT6r#7] Guilherme: said "/togglechat"
[3:53:47 AM] [LgT6r#7] Guilherme: became mortal (standard mode)
[3:54:04 AM] [LgT6r#12] Khloe Bravo: joined with identifiers [steam:11000015e634681; license:8be3d76b1e35b1d12bae62d22364e3d40048d0fc; xbl:2535426514760430; live:985154914241664; discord:656613412737908747; license2:8be3d76b1e35b1d12bae62d22364e3d40048d0fc]
[3:54:16 AM] [LgT6r#7] Guilherme: enabled noclip
[3:54:42 AM] [LgT6r#7] Guilherme: teleported to a waypoint
[3:57:00 AM] [LgT6r#7] Guilherme: teleported to a waypoint
[3:57:04 AM] [LgT6r#5] pandamora24: died from suicide (Fall)
[3:57:07 AM] [LgT6r#5] pandamora24: healed themself
[3:57:09 AM] [LgT6r#5] pandamora24: enabled noclip
[3:58:34 AM] [LgT6r#7] Guilherme: became mortal (standard mode)
[3:58:40 AM] [LgT6r#5] pandamora24: died from suicide (Fall)
[3:58:46 AM] [LgT6r#5] pandamora24: healed themself
[3:58:59 AM] [LgT6r#5] pandamora24: became mortal (standard mode)
[3:59:00 AM] [LgT6r#5] pandamora24: enabled noclip
[3:59:43 AM] [LgT6r#7] Guilherme: enabled noclip
[4:00:18 AM] [LgT6r#7] Guilherme: teleported to a waypoint
[4:01:14 AM] [LgT6r#7] Guilherme: became mortal (standard mode)
[4:01:32 AM] [LgT6r#5] pandamora24: said "/togglechat"
[4:01:38 AM] [LgT6r#5] pandamora24: said "/togglechat"
[4:02:38 AM] [LgT6r#7] Guilherme: enabled noclip
[4:03:55 AM] [LgT6r#7] Guilherme: became mortal (standard mode)
[4:04:36 AM] [LgT6r#7] Guilherme: enabled noclip
[4:04:51 AM] [LgT6r#11] Juzeziin: died from suicide (Fall)
[4:07:13 AM] [LgT6r#7] Guilherme: became mortal (standard mode)
[4:07:25 AM] [LgT6r#7] Guilherme: enabled noclip
[4:07:38 AM] [LgT6r#7] Guilherme: teleported to a waypoint
[4:08:49 AM] [LgT6r#7] Guilherme: teleported to a waypoint
[4:08:55 AM] [LgT6r#12] Khloe Bravo: disconnected (Exiting)
[4:09:46 AM] [LgT6r#7] Guilherme: teleported to a waypoint
[4:09:46 AM] [LgT6r#7] Guilherme: became mortal (standard mode)
[4:10:50 AM] [LgT6r#7] Guilherme: enabled noclip
[4:11:55 AM] [LgT6r#7] Guilherme: became mortal (standard mode)
[4:12:07 AM] [LgT6r#7] Guilherme: enabled noclip
[4:13:23 AM] [LgT6r#7] Guilherme: became mortal (standard mode)
[4:13:39 AM] [LgT6r#7] Guilherme: enabled noclip
[4:13:49 AM] [LgT6r#7] Guilherme: teleported to a waypoint
[4:14:27 AM] [LgT6r#7] Guilherme: became mortal (standard mode)
[4:14:57 AM] [LgT6r#7] Guilherme: enabled noclip
[4:15:20 AM] [LgT6r#7] Guilherme: teleported to a waypoint
[4:15:57 AM] [LgT6r#5] pandamora24: disconnected (Server shutting down: SIGHUP received)
[4:15:57 AM] [LgT6r#7] Guilherme: disconnected (Server shutting down: SIGHUP received)
[4:15:57 AM] [LgT6r#11] Juzeziin: disconnected (Server shutting down: SIGHUP received)

================================================================
======== txAdmin Starting - 1/28/2024, 4:16:06 AM               
================================================================
[4:16:41 AM] txAdmin: Logger started
[4:17:17 AM] [mnj4d#1] Khloe Bravo: joined with identifiers [steam:11000015e634681; license:8be3d76b1e35b1d12bae62d22364e3d40048d0fc; xbl:2535426514760430; live:985154914241664; discord:656613412737908747; license2:8be3d76b1e35b1d12bae62d22364e3d40048d0fc]
[4:28:12 AM] [mnj4d#1] Khloe Bravo: disconnected (Exiting)
[4:39:30 AM] [mnj4d#2] Juzeziin: joined with identifiers [steam:11000010941ba1b; license:9aef98b41d0ee0928a1fd59ed71aec60efe47168; discord:743349849675792424; fivem:2220289; license2:9aef98b41d0ee0928a1fd59ed71aec60efe47168]
[4:40:15 AM] [mnj4d#2] Juzeziin: died from suicide (Fall)
[4:41:02 AM] [mnj4d#2] Juzeziin: said "/fire"
[4:42:55 AM] [mnj4d#2] Juzeziin: said "/fire"
[4:42:59 AM] [mnj4d#2] Juzeziin: said "/fire"
[4:43:42 AM] [mnj4d#2] Juzeziin: said "/fire"
[4:43:45 AM] [mnj4d#2] Juzeziin: said "/fire"
[5:02:13 AM] [mnj4d#2] Juzeziin: died from suicide (Fire)
[5:03:41 AM] [mnj4d#2] Juzeziin: died from suicide (Fire)
[5:04:14 AM] [mnj4d#2] Juzeziin: enabled god mode
[5:04:42 AM] [mnj4d#2] Juzeziin: enabled noclip
[5:04:42 AM] [mnj4d#2] Juzeziin: became mortal (standard mode)
[5:05:02 AM] [mnj4d#2] Juzeziin: died from suicide (Fire)
[5:05:06 AM] [mnj4d#2] Juzeziin: died from suicide (Fire)
[5:12:16 AM] [mnj4d#2] Juzeziin: disconnected (Exiting)
[5:14:27 AM] [mnj4d#3] Juzeziin: joined with identifiers [steam:11000010941ba1b; license:9aef98b41d0ee0928a1fd59ed71aec60efe47168; discord:743349849675792424; fivem:2220289; license2:9aef98b41d0ee0928a1fd59ed71aec60efe47168]
[5:15:49 AM] [mnj4d#3] Juzeziin: died from suicide (Fire)
[5:15:54 AM] [mnj4d#3] Juzeziin: disconnected (Game crashed: Ran out of rage::netGameEvent pool space.)
[5:17:34 AM] [mnj4d#4] Juzeziin: joined with identifiers [steam:11000010941ba1b; license:9aef98b41d0ee0928a1fd59ed71aec60efe47168; discord:743349849675792424; fivem:2220289; license2:9aef98b41d0ee0928a1fd59ed71aec60efe47168]
[5:18:27 AM] [mnj4d#4] Juzeziin: died from suicide (Fire)
[5:19:37 AM] [mnj4d#4] Juzeziin: died from suicide (Fire)
[5:20:18 AM] [mnj4d#4] Juzeziin: died from suicide (Fire)
[5:20:37 AM] [mnj4d#4] Juzeziin: died from suicide (Fire)
[5:20:55 AM] [mnj4d#4] Juzeziin: died from suicide (Fire)
[5:21:14 AM] [mnj4d#4] Juzeziin: died from suicide (Fire)
[5:23:36 AM] [mnj4d#4] Juzeziin: said "/togglechat"
[5:23:38 AM] [mnj4d#4] Juzeziin: said "/togglechat"
[5:23:38 AM] [mnj4d#4] Juzeziin: said "/showui"
[5:50:12 AM] [mnj4d#4] Juzeziin: died from suicide (Fall)
[7:29:52 AM] [mnj4d#4] Juzeziin: disconnected (Exiting)
[9:56:26 AM] [mnj4d#5] Ton: joined with identifiers [steam:11000014a6055cc; license:3fb6b1984ca7a8529e1716f7cddfcf015f164fa8; xbl:2535460237873614; live:985157234615138; discord:184811887425355777; fivem:3784769; license2:3fb6b1984ca7a8529e1716f7cddfcf015f164fa8]
[9:59:21 AM] [mnj4d#5] Ton: disconnected (Exiting)
